2024-11-29 06:02:42.659 [info] [main] Log level: Info
2024-11-29 06:02:42.659 [info] [main] Validating found git in: "git"
2024-11-29 06:02:42.659 [info] [main] Using git "2.34.1" from "git"
2024-11-29 06:02:42.659 [info] [Model][doInitialScan] Initial repository scan started
2024-11-29 06:02:42.659 [info] > git rev-parse --show-toplevel [23ms]
2024-11-29 06:02:42.659 [info] > git rev-parse --git-dir --git-common-dir [10ms]
2024-11-29 06:02:42.659 [info] [Model][openRepository] Opened repository: /var/www/html
2024-11-29 06:02:42.659 [info] > git config --get commit.template [30ms]
2024-11-29 06:02:42.659 [info] > git rev-parse --show-toplevel [16ms]
2024-11-29 06:02:42.659 [info] > git for-each-ref --format=%(refname)%00%(upstream:short)%00%(objectname)%00%(upstream:track)%00%(upstream:remotename)%00%(upstream:remoteref) refs/heads/isekai refs/remotes/isekai [34ms]
2024-11-29 06:02:42.659 [info] > git rev-parse --show-toplevel [8ms]
2024-11-29 06:02:42.659 [info] > git rev-parse --show-toplevel [40ms]
2024-11-29 06:02:42.660 [info] > git for-each-ref --sort -committerdate --format %(refname) %(objectname) %(*objectname) [11ms]
2024-11-29 06:02:42.660 [info] > git rev-parse --show-toplevel [11ms]
2024-11-29 06:02:42.660 [info] > git rev-parse --show-toplevel [19ms]
2024-11-29 06:02:42.663 [info] > git status -z -uall [79ms]
2024-11-29 06:02:42.664 [info] > git rev-parse --show-toplevel [11ms]
2024-11-29 06:02:43.612 [info] > git for-each-ref --format=%(refname)%00%(upstream:short)%00%(objectname)%00%(upstream:track)%00%(upstream:remotename)%00%(upstream:remoteref) refs/heads/isekai refs/remotes/isekai [802ms]
2024-11-29 06:02:43.623 [info] > git config --get commit.template [14ms]
2024-11-29 06:02:43.624 [info] > git rev-parse --show-toplevel [21ms]
2024-11-29 06:02:43.642 [info] > git config --local branch.isekai.vscode-merge-base [24ms]
2024-11-29 06:02:43.671 [info] > git for-each-ref --format=%(refname)%00%(upstream:short)%00%(objectname)%00%(upstream:track)%00%(upstream:remotename)%00%(upstream:remoteref) refs/heads/isekai refs/remotes/isekai [29ms]
2024-11-29 06:02:43.673 [info] > git rev-parse --show-toplevel [40ms]
2024-11-29 06:02:43.688 [info] > git for-each-ref --format=%(refname)%00%(upstream:short)%00%(objectname)%00%(upstream:track)%00%(upstream:remotename)%00%(upstream:remoteref) refs/heads/origin/isekai refs/remotes/origin/isekai [36ms]
2024-11-29 06:02:43.726 [info] > git merge-base refs/heads/isekai refs/remotes/origin/isekai [15ms]
2024-11-29 06:02:43.742 [info] > git rev-parse --show-toplevel [55ms]
2024-11-29 06:02:43.793 [info] > git for-each-ref --sort -committerdate --format %(refname) %(objectname) %(*objectname) [11ms]
2024-11-29 06:02:43.794 [info] > git diff --name-status -z --diff-filter=ADMR ff33064afe96e9030a2a8924962203499e5f7d09...refs/remotes/origin/isekai [53ms]
2024-11-29 06:02:43.796 [info] > git rev-parse --show-toplevel [6ms]
2024-11-29 06:02:43.835 [info] > git rev-parse --show-toplevel [25ms]
2024-11-29 06:02:43.869 [info] > git rev-parse --show-toplevel [11ms]
2024-11-29 06:02:43.908 [info] > git rev-parse --show-toplevel [23ms]
2024-11-29 06:02:43.929 [info] > git status -z -uall [165ms]
2024-11-29 06:02:44.029 [info] > git rev-parse --show-toplevel [115ms]
2024-11-29 06:02:44.689 [info] > git rev-parse --show-toplevel [650ms]
2024-11-29 06:02:44.721 [info] > git check-ignore -v -z --stdin [18ms]
2024-11-29 06:02:44.777 [info] > git rev-parse --show-toplevel [59ms]
2024-11-29 06:02:44.963 [info] > git rev-parse --show-toplevel [180ms]
2024-11-29 06:02:44.982 [info] > git rev-parse --show-toplevel [14ms]
2024-11-29 06:02:44.986 [info] [Model][doInitialScan] Initial repository scan completed - repositories (1), closed repositories (0), parent repositories (0), unsafe repositories (0)
2024-11-29 06:02:45.264 [info] > git check-ignore -v -z --stdin [13ms]
2024-11-29 06:02:55.166 [info] > git config --get commit.template [12ms]
2024-11-29 06:02:55.169 [info] > git for-each-ref --format=%(refname)%00%(upstream:short)%00%(objectname)%00%(upstream:track)%00%(upstream:remotename)%00%(upstream:remoteref) refs/heads/isekai refs/remotes/isekai [5ms]
2024-11-29 06:02:55.192 [info] > git for-each-ref --sort -committerdate --format %(refname) %(objectname) %(*objectname) [1ms]
2024-11-29 06:02:55.251 [info] > git status -z -uall [68ms]
2024-11-29 06:03:03.284 [info] > git show --textconv :re_edit_modifcvq.php [5ms]
2024-11-29 06:03:03.288 [info] > git ls-files --stage -- /var/www/html/re_edit_modifcvq.php [4ms]
2024-11-29 06:03:03.304 [info] > git cat-file -s d9db2eb238690c85da4273ebc7a30666c329e953 [13ms]
2024-11-29 06:03:31.705 [info] > git config --get commit.template [22ms]
2024-11-29 06:03:31.722 [info] > git for-each-ref --format=%(refname)%00%(upstream:short)%00%(objectname)%00%(upstream:track)%00%(upstream:remotename)%00%(upstream:remoteref) refs/heads/isekai refs/remotes/isekai [20ms]
2024-11-29 06:03:31.776 [info] > git for-each-ref --sort -committerdate --format %(refname) %(objectname) %(*objectname) [18ms]
2024-11-29 06:03:31.996 [info] > git status -z -uall [253ms]
