2024-11-29 05:48:06.877 [info] [main] Log level: Info
2024-11-29 05:48:06.878 [info] [main] Validating found git in: "git"
2024-11-29 05:48:06.878 [info] [main] Using git "2.34.1" from "git"
2024-11-29 05:48:06.878 [info] [Model][doInitialScan] Initial repository scan started
2024-11-29 05:48:06.878 [info] > git rev-parse --show-toplevel [1ms]
2024-11-29 05:48:06.878 [info] > git rev-parse --git-dir --git-common-dir [3ms]
2024-11-29 05:48:06.878 [info] [Model][openRepository] Opened repository: /var/www/html
2024-11-29 05:48:06.878 [info] > git config --get commit.template [4ms]
2024-11-29 05:48:06.878 [info] > git rev-parse --show-toplevel [6ms]
2024-11-29 05:48:06.878 [info] > git for-each-ref --format=%(refname)%00%(upstream:short)%00%(objectname)%00%(upstream:track)%00%(upstream:remotename)%00%(upstream:remoteref) refs/heads/isekai refs/remotes/isekai [6ms]
2024-11-29 05:48:06.878 [info] > git for-each-ref --sort -committerdate --format %(refname) %(objectname) %(*objectname) [1ms]
2024-11-29 05:48:06.878 [info] > git rev-parse --show-toplevel [14ms]
2024-11-29 05:48:06.878 [info] > git rev-parse --show-toplevel [2ms]
2024-11-29 05:48:06.878 [info] > git rev-parse --show-toplevel [2ms]
2024-11-29 05:48:06.878 [info] > git rev-parse --show-toplevel [2ms]
2024-11-29 05:48:06.878 [info] > git rev-parse --show-toplevel [34ms]
2024-11-29 05:48:06.878 [info] > git rev-parse --show-toplevel [2ms]
2024-11-29 05:48:06.878 [info] > git rev-parse --show-toplevel [2ms]
2024-11-29 05:48:06.878 [info] > git rev-parse --show-toplevel [1ms]
2024-11-29 05:48:06.878 [info] > git rev-parse --show-toplevel [4ms]
2024-11-29 05:48:06.878 [info] > git status -z -uall [76ms]
2024-11-29 05:48:06.878 [info] > git for-each-ref --format=%(refname)%00%(upstream:short)%00%(objectname)%00%(upstream:track)%00%(upstream:remotename)%00%(upstream:remoteref) refs/heads/isekai refs/remotes/isekai [7ms]
2024-11-29 05:48:06.878 [info] > git rev-parse --show-toplevel [23ms]
2024-11-29 05:48:06.878 [info] > git config --get commit.template [8ms]
2024-11-29 05:48:06.878 [info] > git rev-parse --show-toplevel [3ms]
2024-11-29 05:48:06.878 [info] > git config --local branch.isekai.vscode-merge-base [6ms]
2024-11-29 05:48:06.878 [warning] [Git][config] git config failed: Failed to execute git
2024-11-29 05:48:06.878 [info] > git for-each-ref --format=%(refname)%00%(upstream:short)%00%(objectname)%00%(upstream:track)%00%(upstream:remotename)%00%(upstream:remoteref) refs/heads/isekai refs/remotes/isekai [4ms]
2024-11-29 05:48:06.878 [info] > git reflog isekai --grep-reflog=branch: Created from *. [7ms]
2024-11-29 05:48:06.878 [info] > git rev-parse --show-toplevel [5ms]
2024-11-29 05:48:06.878 [info] > git for-each-ref --format=%(refname)%00%(upstream:short)%00%(objectname)%00%(upstream:track)%00%(upstream:remotename)%00%(upstream:remoteref) refs/remotes/origin/isekai [4ms]
2024-11-29 05:48:06.878 [info] > git rev-parse --show-toplevel [11ms]
2024-11-29 05:48:06.878 [info] > git config --local branch.isekai.vscode-merge-base origin/isekai [11ms]
2024-11-29 05:48:06.878 [info] > git for-each-ref --sort -committerdate --format %(refname) %(objectname) %(*objectname) [5ms] (cancelled)
2024-11-29 05:48:06.878 [info] > git status -z -uall [14ms] (cancelled)
2024-11-29 05:48:06.878 [info] > git for-each-ref --format=%(refname)%00%(upstream:short)%00%(objectname)%00%(upstream:track)%00%(upstream:remotename)%00%(upstream:remoteref) refs/heads/isekai refs/remotes/isekai [5ms]
2024-11-29 05:48:06.878 [info] > git rev-parse --show-toplevel [10ms]
2024-11-29 05:48:06.878 [info] > git config --get commit.template [7ms]
2024-11-29 05:48:06.878 [info] > git config --local branch.isekai.vscode-merge-base [3ms]
2024-11-29 05:48:06.878 [info] > git rev-parse --show-toplevel [7ms]
2024-11-29 05:48:06.878 [info] > git for-each-ref --format=%(refname)%00%(upstream:short)%00%(objectname)%00%(upstream:track)%00%(upstream:remotename)%00%(upstream:remoteref) refs/heads/isekai refs/remotes/isekai [2ms]
2024-11-29 05:48:06.878 [info] > git for-each-ref --format=%(refname)%00%(upstream:short)%00%(objectname)%00%(upstream:track)%00%(upstream:remotename)%00%(upstream:remoteref) refs/heads/origin/isekai refs/remotes/origin/isekai [5ms]
2024-11-29 05:48:06.878 [info] > git merge-base refs/heads/isekai refs/remotes/origin/isekai [20ms]
2024-11-29 05:48:06.878 [info] > git diff --name-status -z --diff-filter=ADMR ff33064afe96e9030a2a8924962203499e5f7d09...refs/remotes/origin/isekai [11ms]
2024-11-29 05:48:06.878 [info] > git rev-parse --show-toplevel [16ms]
2024-11-29 05:48:06.878 [info] [Model][doInitialScan] Initial repository scan completed - repositories (1), closed repositories (0), parent repositories (0), unsafe repositories (0)
2024-11-29 05:48:06.878 [info] > git for-each-ref --sort -committerdate --format %(refname) %(objectname) %(*objectname) [2ms]
2024-11-29 05:48:06.878 [info] > git status -z -uall [48ms]
2024-11-29 05:48:07.432 [info] > git check-ignore -v -z --stdin [2ms]
2024-11-29 05:48:09.406 [info] > git check-ignore -v -z --stdin [2ms]
2024-11-29 05:48:10.221 [info] > git check-ignore -v -z --stdin [3ms]
2024-11-29 05:48:11.783 [info] > git check-ignore -v -z --stdin [3ms]
2024-11-29 05:48:12.374 [info] > git check-ignore -v -z --stdin [2ms]
2024-11-29 05:48:29.675 [info] > git config --get commit.template [2ms]
2024-11-29 05:48:29.679 [info] > git for-each-ref --format=%(refname)%00%(upstream:short)%00%(objectname)%00%(upstream:track)%00%(upstream:remotename)%00%(upstream:remoteref) refs/heads/isekai refs/remotes/isekai [1ms]
2024-11-29 05:48:29.686 [info] > git for-each-ref --sort -committerdate --format %(refname) %(objectname) %(*objectname) [2ms]
2024-11-29 05:48:29.727 [info] > git status -z -uall [45ms]
2024-11-29 05:48:34.737 [info] > git config --get commit.template [3ms]
2024-11-29 05:48:34.737 [info] > git for-each-ref --format=%(refname)%00%(upstream:short)%00%(objectname)%00%(upstream:track)%00%(upstream:remotename)%00%(upstream:remoteref) refs/heads/isekai refs/remotes/isekai [1ms]
2024-11-29 05:48:34.744 [info] > git for-each-ref --sort -committerdate --format %(refname) %(objectname) %(*objectname) [2ms]
2024-11-29 05:48:34.787 [info] > git status -z -uall [48ms]
2024-11-29 05:48:43.229 [info] > git config --get commit.template [4ms]
2024-11-29 05:48:43.231 [info] > git for-each-ref --format=%(refname)%00%(upstream:short)%00%(objectname)%00%(upstream:track)%00%(upstream:remotename)%00%(upstream:remoteref) refs/heads/isekai refs/remotes/isekai [3ms]
2024-11-29 05:48:43.239 [info] > git for-each-ref --sort -committerdate --format %(refname) %(objectname) %(*objectname) [2ms]
2024-11-29 05:48:43.289 [info] > git status -z -uall [55ms]
2024-11-29 05:48:53.256 [info] > git show --textconv :app_gestionapprov_backup.php [24ms]
2024-11-29 05:48:53.259 [info] > git ls-files --stage -- /var/www/html/app_gestionapprov_backup.php [10ms]
2024-11-29 05:48:53.288 [info] > git cat-file -s 3bd9d3e59eb0cf5f0bcf811be8035aa9e05e7154 [10ms]
2024-11-29 05:48:59.720 [info] > git config --get commit.template [2ms]
2024-11-29 05:48:59.721 [info] > git for-each-ref --format=%(refname)%00%(upstream:short)%00%(objectname)%00%(upstream:track)%00%(upstream:remotename)%00%(upstream:remoteref) refs/heads/isekai refs/remotes/isekai [1ms]
2024-11-29 05:48:59.726 [info] > git for-each-ref --sort -committerdate --format %(refname) %(objectname) %(*objectname) [2ms]
2024-11-29 05:48:59.767 [info] > git status -z -uall [44ms]
2024-11-29 05:49:37.767 [info] > git config --get commit.template [14ms]
2024-11-29 05:49:37.774 [info] > git for-each-ref --format=%(refname)%00%(upstream:short)%00%(objectname)%00%(upstream:track)%00%(upstream:remotename)%00%(upstream:remoteref) refs/heads/isekai refs/remotes/isekai [8ms]
2024-11-29 05:49:37.856 [info] > git for-each-ref --sort -committerdate --format %(refname) %(objectname) %(*objectname) [27ms]
2024-11-29 05:49:38.130 [info] > git status -z -uall [319ms]
2024-11-29 05:50:00.416 [info] > git config --get commit.template [4ms]
2024-11-29 05:50:00.417 [info] > git for-each-ref --format=%(refname)%00%(upstream:short)%00%(objectname)%00%(upstream:track)%00%(upstream:remotename)%00%(upstream:remoteref) refs/heads/isekai refs/remotes/isekai [1ms]
2024-11-29 05:50:00.428 [info] > git for-each-ref --sort -committerdate --format %(refname) %(objectname) %(*objectname) [3ms]
2024-11-29 05:50:00.544 [info] > git status -z -uall [124ms]
2024-11-29 05:51:12.071 [info] > git show --textconv :app_commande_produit_save.php [20ms]
2024-11-29 05:51:12.075 [info] > git ls-files --stage -- /var/www/html/app_commande_produit_save.php [5ms]
2024-11-29 05:51:12.108 [info] > git cat-file -s 6546c7535789da117149dc3159ccef8408dc7187 [8ms]
2024-11-29 05:51:43.079 [info] > git config --get commit.template [5ms]
2024-11-29 05:51:43.079 [info] > git for-each-ref --format=%(refname)%00%(upstream:short)%00%(objectname)%00%(upstream:track)%00%(upstream:remotename)%00%(upstream:remoteref) refs/heads/isekai refs/remotes/isekai [1ms]
2024-11-29 05:51:43.089 [info] > git for-each-ref --sort -committerdate --format %(refname) %(objectname) %(*objectname) [1ms]
2024-11-29 05:51:43.172 [info] > git status -z -uall [89ms]
2024-11-29 05:51:48.249 [info] > git config --get commit.template [8ms]
2024-11-29 05:51:48.252 [info] > git for-each-ref --format=%(refname)%00%(upstream:short)%00%(objectname)%00%(upstream:track)%00%(upstream:remotename)%00%(upstream:remoteref) refs/heads/isekai refs/remotes/isekai [4ms]
2024-11-29 05:51:48.269 [info] > git for-each-ref --sort -committerdate --format %(refname) %(objectname) %(*objectname) [4ms]
2024-11-29 05:51:48.377 [info] > git status -z -uall [119ms]
2024-11-29 05:51:54.896 [info] > git config --get commit.template [3ms]
2024-11-29 05:51:54.897 [info] > git for-each-ref --format=%(refname)%00%(upstream:short)%00%(objectname)%00%(upstream:track)%00%(upstream:remotename)%00%(upstream:remoteref) refs/heads/isekai refs/remotes/isekai [2ms]
2024-11-29 05:51:54.906 [info] > git for-each-ref --sort -committerdate --format %(refname) %(objectname) %(*objectname) [2ms]
2024-11-29 05:51:54.977 [info] > git status -z -uall [76ms]
2024-11-29 05:53:08.363 [info] > git check-ignore -v -z --stdin [2ms]
2024-11-29 05:53:17.026 [info] > git check-ignore -v -z --stdin [2ms]
2024-11-29 05:53:21.079 [info] > git check-ignore -v -z --stdin [1ms]
2024-11-29 05:53:23.258 [info] > git config --get commit.template [5ms]
2024-11-29 05:53:23.259 [info] > git for-each-ref --format=%(refname)%00%(upstream:short)%00%(objectname)%00%(upstream:track)%00%(upstream:remotename)%00%(upstream:remoteref) refs/heads/isekai refs/remotes/isekai [2ms]
2024-11-29 05:53:23.268 [info] > git for-each-ref --sort -committerdate --format %(refname) %(objectname) %(*objectname) [2ms]
2024-11-29 05:53:23.346 [info] > git status -z -uall [82ms]
2024-11-29 05:53:25.772 [info] > git check-ignore -v -z --stdin [3ms]
2024-11-29 05:53:28.423 [info] > git config --get commit.template [7ms]
2024-11-29 05:53:28.428 [info] > git for-each-ref --format=%(refname)%00%(upstream:short)%00%(objectname)%00%(upstream:track)%00%(upstream:remotename)%00%(upstream:remoteref) refs/heads/isekai refs/remotes/isekai [6ms]
2024-11-29 05:53:28.487 [info] > git for-each-ref --sort -committerdate --format %(refname) %(objectname) %(*objectname) [36ms]
2024-11-29 05:53:28.617 [info] > git status -z -uall [184ms]
2024-11-29 05:53:33.692 [info] > git config --get commit.template [5ms]
2024-11-29 05:53:33.693 [info] > git for-each-ref --format=%(refname)%00%(upstream:short)%00%(objectname)%00%(upstream:track)%00%(upstream:remotename)%00%(upstream:remoteref) refs/heads/isekai refs/remotes/isekai [1ms]
2024-11-29 05:53:33.704 [info] > git for-each-ref --sort -committerdate --format %(refname) %(objectname) %(*objectname) [2ms]
2024-11-29 05:53:33.781 [info] > git status -z -uall [82ms]
2024-11-29 05:53:38.862 [info] > git config --get commit.template [5ms]
2024-11-29 05:53:38.863 [info] > git for-each-ref --format=%(refname)%00%(upstream:short)%00%(objectname)%00%(upstream:track)%00%(upstream:remotename)%00%(upstream:remoteref) refs/heads/isekai refs/remotes/isekai [1ms]
2024-11-29 05:53:38.872 [info] > git for-each-ref --sort -committerdate --format %(refname) %(objectname) %(*objectname) [2ms]
2024-11-29 05:53:38.952 [info] > git status -z -uall [86ms]
2024-11-29 05:53:40.828 [info] > git check-ignore -v -z --stdin [1ms]
2024-11-29 05:53:44.022 [info] > git config --get commit.template [6ms]
2024-11-29 05:53:44.023 [info] > git for-each-ref --format=%(refname)%00%(upstream:short)%00%(objectname)%00%(upstream:track)%00%(upstream:remotename)%00%(upstream:remoteref) refs/heads/isekai refs/remotes/isekai [1ms]
2024-11-29 05:53:44.033 [info] > git for-each-ref --sort -committerdate --format %(refname) %(objectname) %(*objectname) [2ms]
2024-11-29 05:53:44.109 [info] > git status -z -uall [82ms]
2024-11-29 05:53:44.832 [info] > git check-ignore -v -z --stdin [5ms]
2024-11-29 05:53:45.665 [info] > git check-ignore -v -z --stdin [3ms]
2024-11-29 05:53:47.472 [info] > git check-ignore -v -z --stdin [4ms]
2024-11-29 05:53:49.187 [info] > git config --get commit.template [7ms]
2024-11-29 05:53:49.190 [info] > git for-each-ref --format=%(refname)%00%(upstream:short)%00%(objectname)%00%(upstream:track)%00%(upstream:remotename)%00%(upstream:remoteref) refs/heads/isekai refs/remotes/isekai [4ms]
2024-11-29 05:53:49.212 [info] > git for-each-ref --sort -committerdate --format %(refname) %(objectname) %(*objectname) [7ms]
2024-11-29 05:53:49.364 [info] > git status -z -uall [169ms]
2024-11-29 05:53:50.353 [info] > git show --textconv :fonction.php [9ms]
2024-11-29 05:53:50.362 [info] > git ls-files --stage -- /var/www/html/fonction.php [10ms]
2024-11-29 05:53:50.377 [info] > git cat-file -s a112cdf2566cea349c0dd40c40f9d5f3136c8fa7 [8ms]
2024-11-29 05:54:26.176 [info] > git config --get commit.template [4ms]
2024-11-29 05:54:26.176 [info] > git for-each-ref --format=%(refname)%00%(upstream:short)%00%(objectname)%00%(upstream:track)%00%(upstream:remotename)%00%(upstream:remoteref) refs/heads/isekai refs/remotes/isekai [1ms]
2024-11-29 05:54:26.185 [info] > git for-each-ref --sort -committerdate --format %(refname) %(objectname) %(*objectname) [2ms]
2024-11-29 05:54:26.262 [info] > git status -z -uall [82ms]
2024-11-29 05:54:31.336 [info] > git config --get commit.template [6ms]
2024-11-29 05:54:31.337 [info] > git for-each-ref --format=%(refname)%00%(upstream:short)%00%(objectname)%00%(upstream:track)%00%(upstream:remotename)%00%(upstream:remoteref) refs/heads/isekai refs/remotes/isekai [2ms]
2024-11-29 05:54:31.347 [info] > git for-each-ref --sort -committerdate --format %(refname) %(objectname) %(*objectname) [3ms]
2024-11-29 05:54:31.423 [info] > git status -z -uall [82ms]
2024-11-29 05:54:37.124 [info] > git config --get commit.template [4ms]
2024-11-29 05:54:37.124 [info] > git for-each-ref --format=%(refname)%00%(upstream:short)%00%(objectname)%00%(upstream:track)%00%(upstream:remotename)%00%(upstream:remoteref) refs/heads/isekai refs/remotes/isekai [1ms]
2024-11-29 05:54:37.136 [info] > git for-each-ref --sort -committerdate --format %(refname) %(objectname) %(*objectname) [3ms]
2024-11-29 05:54:37.223 [info] > git status -z -uall [93ms]
2024-11-29 05:54:48.647 [info] > git config --get commit.template [4ms]
2024-11-29 05:54:48.648 [info] > git for-each-ref --format=%(refname)%00%(upstream:short)%00%(objectname)%00%(upstream:track)%00%(upstream:remotename)%00%(upstream:remoteref) refs/heads/isekai refs/remotes/isekai [1ms]
2024-11-29 05:54:48.658 [info] > git for-each-ref --sort -committerdate --format %(refname) %(objectname) %(*objectname) [5ms]
2024-11-29 05:54:48.733 [info] > git status -z -uall [82ms]
2024-11-29 05:54:53.804 [info] > git config --get commit.template [6ms]
2024-11-29 05:54:53.806 [info] > git for-each-ref --format=%(refname)%00%(upstream:short)%00%(objectname)%00%(upstream:track)%00%(upstream:remotename)%00%(upstream:remoteref) refs/heads/isekai refs/remotes/isekai [3ms]
2024-11-29 05:54:53.817 [info] > git for-each-ref --sort -committerdate --format %(refname) %(objectname) %(*objectname) [2ms]
2024-11-29 05:54:53.887 [info] > git status -z -uall [75ms]
2024-11-29 05:55:00.418 [info] > git config --get commit.template [4ms]
2024-11-29 05:55:00.419 [info] > git for-each-ref --format=%(refname)%00%(upstream:short)%00%(objectname)%00%(upstream:track)%00%(upstream:remotename)%00%(upstream:remoteref) refs/heads/isekai refs/remotes/isekai [2ms]
2024-11-29 05:55:00.430 [info] > git for-each-ref --sort -committerdate --format %(refname) %(objectname) %(*objectname) [3ms]
2024-11-29 05:55:00.512 [info] > git status -z -uall [89ms]
2024-11-29 05:55:05.595 [info] > git config --get commit.template [6ms]
2024-11-29 05:55:05.597 [info] > git for-each-ref --format=%(refname)%00%(upstream:short)%00%(objectname)%00%(upstream:track)%00%(upstream:remotename)%00%(upstream:remoteref) refs/heads/isekai refs/remotes/isekai [1ms]
2024-11-29 05:55:05.610 [info] > git for-each-ref --sort -committerdate --format %(refname) %(objectname) %(*objectname) [3ms]
2024-11-29 05:55:05.682 [info] > git status -z -uall [80ms]
2024-11-29 05:55:10.751 [info] > git config --get commit.template [4ms]
2024-11-29 05:55:10.751 [info] > git for-each-ref --format=%(refname)%00%(upstream:short)%00%(objectname)%00%(upstream:track)%00%(upstream:remotename)%00%(upstream:remoteref) refs/heads/isekai refs/remotes/isekai [1ms]
2024-11-29 05:55:10.760 [info] > git for-each-ref --sort -committerdate --format %(refname) %(objectname) %(*objectname) [2ms]
2024-11-29 05:55:10.824 [info] > git status -z -uall [69ms]
2024-11-29 05:55:15.888 [info] > git config --get commit.template [4ms]
2024-11-29 05:55:15.889 [info] > git for-each-ref --format=%(refname)%00%(upstream:short)%00%(objectname)%00%(upstream:track)%00%(upstream:remotename)%00%(upstream:remoteref) refs/heads/isekai refs/remotes/isekai [1ms]
2024-11-29 05:55:15.898 [info] > git for-each-ref --sort -committerdate --format %(refname) %(objectname) %(*objectname) [2ms]
2024-11-29 05:55:15.979 [info] > git status -z -uall [86ms]
2024-11-29 05:57:03.371 [info] > git check-ignore -v -z --stdin [4ms]
2024-11-29 05:57:21.520 [info] > git config --get commit.template [9ms]
2024-11-29 05:57:21.520 [info] > git for-each-ref --format=%(refname)%00%(upstream:short)%00%(objectname)%00%(upstream:track)%00%(upstream:remotename)%00%(upstream:remoteref) refs/heads/isekai refs/remotes/isekai [1ms]
2024-11-29 05:57:21.534 [info] > git for-each-ref --sort -committerdate --format %(refname) %(objectname) %(*objectname) [3ms]
2024-11-29 05:57:21.623 [info] > git status -z -uall [97ms]
2024-11-29 05:57:22.866 [info] > git show --textconv :re_edit_modifcvq.php [5ms]
2024-11-29 05:57:22.867 [info] > git ls-files --stage -- /var/www/html/re_edit_modifcvq.php [2ms]
2024-11-29 05:57:22.873 [info] > git cat-file -s d9db2eb238690c85da4273ebc7a30666c329e953 [2ms]
2024-11-29 05:57:26.707 [info] > git config --get commit.template [4ms]
2024-11-29 05:57:26.708 [info] > git for-each-ref --format=%(refname)%00%(upstream:short)%00%(objectname)%00%(upstream:track)%00%(upstream:remotename)%00%(upstream:remoteref) refs/heads/isekai refs/remotes/isekai [2ms]
2024-11-29 05:57:26.717 [info] > git for-each-ref --sort -committerdate --format %(refname) %(objectname) %(*objectname) [3ms]
2024-11-29 05:57:26.780 [info] > git status -z -uall [69ms]
2024-11-29 05:57:52.070 [info] > git config --get commit.template [6ms]
2024-11-29 05:57:52.070 [info] > git for-each-ref --format=%(refname)%00%(upstream:short)%00%(objectname)%00%(upstream:track)%00%(upstream:remotename)%00%(upstream:remoteref) refs/heads/isekai refs/remotes/isekai [2ms]
2024-11-29 05:57:52.082 [info] > git for-each-ref --sort -committerdate --format %(refname) %(objectname) %(*objectname) [2ms]
2024-11-29 05:57:52.158 [info] > git status -z -uall [83ms]
2024-11-29 05:58:08.270 [info] > git config --get commit.template [5ms]
2024-11-29 05:58:08.270 [info] > git for-each-ref --format=%(refname)%00%(upstream:short)%00%(objectname)%00%(upstream:track)%00%(upstream:remotename)%00%(upstream:remoteref) refs/heads/isekai refs/remotes/isekai [2ms]
2024-11-29 05:58:08.281 [info] > git for-each-ref --sort -committerdate --format %(refname) %(objectname) %(*objectname) [2ms]
2024-11-29 05:58:08.348 [info] > git status -z -uall [74ms]
