[Info  - 6:03:53 AM] PHP Language Server Started (PID: 28001)
[Info  - 6:03:53 AM] Parsing phar file /var/www/html/extensions/lkrms.pretty-php-0.4.79-universal/bin/pretty-php.phar ...
[Info  - 6:03:59 AM] Loaded 16 package(s) from cache in 00:00:00.2830840.
[Info  - 6:03:59 AM] Processing packages in /var/www/html/extensions/felixfbecker.php-intellisense-2.3.14-universal/vendor/composer/installed.json ...
[Info  - 6:03:59 AM] Parsing phar file /var/www/html/extensions/devsense.phptools-vscode-1.53.16379-linux-x64/phpUnit/phpunit-6.5.12.phar ...
[Info  - 6:04:02 AM] Processing done in 00:00:02.6164282.
[Info  - 6:04:28 AM] 2 file system change(s) ...
[Info  - 6:04:32 AM] 2 file system change(s) ...
[Info  - 6:04:36 AM] 4 file system change(s) ...
[Info  - 6:04:41 AM] 3 file system change(s) ...
[Info  - 6:04:44 AM] 4 file system change(s) ...
[Info  - 6:04:47 AM] 3 file system change(s) ...
[Info  - 6:04:53 AM] 1 file system change(s) ...
[Info  - 6:04:56 AM] 1 file system change(s) ...
[Info  - 6:05:02 AM] Storing package composer/xdebug-handler@1.3.3 cache ...
[Info  - 6:05:02 AM] Storing package felixfbecker/advanced-json-rpc@v3.0.4 cache ...
[Info  - 6:05:02 AM] Storing package felixfbecker/language-server@v5.4.6 cache ...
[Info  - 6:05:02 AM] Storing package felixfbecker/language-server-protocol@v1.4.0 cache ...
[Info  - 6:05:02 AM] Storing package microsoft/tolerant-php-parser@v0.0.18 cache ...
[Info  - 6:05:02 AM] Storing package netresearch/jsonmapper@v1.6.0 cache ...
[Info  - 6:05:02 AM] Storing package phpdocumentor/reflection-common@2.0.0 cache ...
[Info  - 6:05:02 AM] Storing package phpdocumentor/reflection-docblock@4.3.2 cache ...
[Info  - 6:05:02 AM] Storing package phpdocumentor/type-resolver@1.0.1 cache ...
[Info  - 6:05:02 AM] Storing package psr/log@1.1.0 cache ...
[Info  - 6:05:02 AM] Storing package sabre/event@5.0.3 cache ...
[Info  - 6:05:02 AM] Storing package sabre/uri@2.1.3 cache ...
[Info  - 6:05:02 AM] Storing package symfony/polyfill-ctype@v1.12.0 cache ...
[Info  - 6:05:02 AM] Storing package webmozart/assert@1.5.0 cache ...
[Info  - 6:05:02 AM] Storing package webmozart/glob@4.1.0 cache ...
[Info  - 6:05:02 AM] Storing package webmozart/path-util@2.3.0 cache ...
[Info  - 6:05:04 AM] 7 file system change(s) ...
[Info  - 6:05:10 AM] 3 file system change(s) ...
[Info  - 6:05:19 AM] 2 file system change(s) ...
[Info  - 6:05:22 AM] 1 file system change(s) ...
[Info  - 6:13:16 AM] 3 file system change(s) ...
[Info  - 6:13:21 AM] 2 file system change(s) ...
[Info  - 6:13:24 AM] 2 file system change(s) ...
[Info  - 6:13:31 AM] 7 file system change(s) ...
[Info  - 6:13:35 AM] 2 file system change(s) ...
[Info  - 6:13:41 AM] 4 file system change(s) ...
[Info  - 6:13:45 AM] 4 file system change(s) ...
[Info  - 6:13:50 AM] 5 file system change(s) ...
[Info  - 6:13:56 AM] 6 file system change(s) ...
[Info  - 6:14:00 AM] 3 file system change(s) ...
[Info  - 8:00:44 AM] 3 file system change(s) ...
[Info  - 8:00:48 AM] 2 file system change(s) ...
[Info  - 8:00:51 AM] 2 file system change(s) ...
[Info  - 8:00:54 AM] 2 file system change(s) ...
[Info  - 8:01:12 AM] 3 file system change(s) ...
[Info  - 8:01:15 AM] 3 file system change(s) ...
[Info  - 8:01:37 AM] 7 file system change(s) ...
[Info  - 8:01:40 AM] 3 file system change(s) ...
[Info  - 8:01:48 AM] 3 file system change(s) ...
[Info  - 8:04:19 AM] 3 file system change(s) ...
[Info  - 8:04:23 AM] 4 file system change(s) ...
[Info  - 8:04:31 AM] 5 file system change(s) ...
[Info  - 8:40:27 AM] 2 file system change(s) ...
[Info  - 8:40:30 AM] 2 file system change(s) ...
[Info  - 8:40:33 AM] 2 file system change(s) ...
[Info  - 8:40:36 AM] 2 file system change(s) ...
[Info  - 8:40:39 AM] 2 file system change(s) ...
[Info  - 8:40:44 AM] 5 file system change(s) ...
[Info  - 8:43:13 AM] 3 file system change(s) ...
[Info  - 8:44:29 AM] 3 file system change(s) ...
[Info  - 8:45:24 AM] 3 file system change(s) ...
[Info  - 8:47:11 AM] 4 file system change(s) ...
