2024-11-29 06:03:20.092 [info] [main] Log level: Info
2024-11-29 06:03:20.092 [info] [main] Validating found git in: "git"
2024-11-29 06:03:20.092 [info] [main] Using git "2.34.1" from "git"
2024-11-29 06:03:20.092 [info] [Model][doInitialScan] Initial repository scan started
2024-11-29 06:03:20.093 [info] > git rev-parse --show-toplevel [19ms]
2024-11-29 06:03:20.093 [info] > git rev-parse --git-dir --git-common-dir [4ms]
2024-11-29 06:03:20.093 [info] [Model][openRepository] Opened repository: /var/www/html
2024-11-29 06:03:20.093 [info] > git config --get commit.template [26ms]
2024-11-29 06:03:20.093 [info] > git rev-parse --show-toplevel [19ms]
2024-11-29 06:03:20.093 [info] > git for-each-ref --format=%(refname)%00%(upstream:short)%00%(objectname)%00%(upstream:track)%00%(upstream:remotename)%00%(upstream:remoteref) refs/heads/isekai refs/remotes/isekai [18ms]
2024-11-29 06:03:20.093 [info] > git rev-parse --show-toplevel [8ms]
2024-11-29 06:03:20.093 [info] > git rev-parse --show-toplevel [34ms]
2024-11-29 06:03:20.094 [info] > git for-each-ref --sort -committerdate --format %(refname) %(objectname) %(*objectname) [8ms]
2024-11-29 06:03:20.094 [info] > git rev-parse --show-toplevel [42ms]
2024-11-29 06:03:20.094 [info] > git status -z -uall [71ms]
2024-11-29 06:03:20.094 [info] > git for-each-ref --format=%(refname)%00%(upstream:short)%00%(objectname)%00%(upstream:track)%00%(upstream:remotename)%00%(upstream:remoteref) refs/heads/isekai refs/remotes/isekai [598ms]
2024-11-29 06:03:20.094 [info] > git rev-parse --show-toplevel [776ms]
2024-11-29 06:03:20.094 [info] > git config --get commit.template [14ms]
2024-11-29 06:03:20.094 [info] > git config --local branch.isekai.vscode-merge-base [9ms]
2024-11-29 06:03:20.094 [info] > git rev-parse --show-toplevel [16ms]
2024-11-29 06:03:20.095 [info] > git for-each-ref --format=%(refname)%00%(upstream:short)%00%(objectname)%00%(upstream:track)%00%(upstream:remotename)%00%(upstream:remoteref) refs/heads/origin/isekai refs/remotes/origin/isekai [9ms]
2024-11-29 06:03:20.095 [info] > git for-each-ref --format=%(refname)%00%(upstream:short)%00%(objectname)%00%(upstream:track)%00%(upstream:remotename)%00%(upstream:remoteref) refs/heads/isekai refs/remotes/isekai [14ms]
2024-11-29 06:03:20.095 [info] > git merge-base refs/heads/isekai refs/remotes/origin/isekai [7ms]
2024-11-29 06:03:20.095 [info] > git rev-parse --show-toplevel [17ms]
2024-11-29 06:03:20.095 [info] > git diff --name-status -z --diff-filter=ADMR ff33064afe96e9030a2a8924962203499e5f7d09...refs/remotes/origin/isekai [13ms]
2024-11-29 06:03:20.095 [info] > git rev-parse --show-toplevel [3ms]
2024-11-29 06:03:20.096 [info] > git for-each-ref --sort -committerdate --format %(refname) %(objectname) %(*objectname) [18ms]
2024-11-29 06:03:20.103 [info] > git rev-parse --show-toplevel [31ms]
2024-11-29 06:03:20.124 [info] > git status -z -uall [96ms]
2024-11-29 06:03:20.193 [info] > git rev-parse --show-toplevel [75ms]
2024-11-29 06:03:20.213 [info] > git rev-parse --show-toplevel [6ms]
2024-11-29 06:03:20.232 [info] > git rev-parse --show-toplevel [4ms]
2024-11-29 06:03:21.322 [info] > git rev-parse --show-toplevel [776ms]
2024-11-29 06:03:21.402 [info] > git check-ignore -v -z --stdin [39ms]
2024-11-29 06:03:21.427 [info] > git rev-parse --show-toplevel [37ms]
2024-11-29 06:03:21.465 [info] > git rev-parse --show-toplevel [27ms]
2024-11-29 06:03:21.496 [info] > git rev-parse --show-toplevel [19ms]
2024-11-29 06:03:21.519 [info] > git rev-parse --show-toplevel [12ms]
2024-11-29 06:03:21.540 [info] > git rev-parse --show-toplevel [4ms]
2024-11-29 06:03:21.543 [info] [Model][doInitialScan] Initial repository scan completed - repositories (1), closed repositories (0), parent repositories (0), unsafe repositories (0)
2024-11-29 06:03:21.995 [info] > git check-ignore -v -z --stdin [2ms]
2024-11-29 06:03:36.540 [info] > git show --textconv :fonction.php [17ms]
2024-11-29 06:03:36.547 [info] > git ls-files --stage -- /var/www/html/fonction.php [11ms]
2024-11-29 06:03:36.576 [info] > git cat-file -s a112cdf2566cea349c0dd40c40f9d5f3136c8fa7 [11ms]
2024-11-29 06:04:53.301 [info] > git config --get commit.template [10ms]
2024-11-29 06:04:53.306 [info] > git for-each-ref --format=%(refname)%00%(upstream:short)%00%(objectname)%00%(upstream:track)%00%(upstream:remotename)%00%(upstream:remoteref) refs/heads/isekai refs/remotes/isekai [12ms]
2024-11-29 06:04:53.316 [info] > git for-each-ref --sort -committerdate --format %(refname) %(objectname) %(*objectname) [3ms]
2024-11-29 06:04:53.357 [info] > git status -z -uall [47ms]
2024-11-29 06:04:58.419 [info] > git config --get commit.template [4ms]
2024-11-29 06:04:58.419 [info] > git for-each-ref --format=%(refname)%00%(upstream:short)%00%(objectname)%00%(upstream:track)%00%(upstream:remotename)%00%(upstream:remoteref) refs/heads/isekai refs/remotes/isekai [1ms]
2024-11-29 06:04:58.429 [info] > git for-each-ref --sort -committerdate --format %(refname) %(objectname) %(*objectname) [3ms]
2024-11-29 06:04:58.451 [info] > git status -z -uall [28ms]
2024-11-29 06:05:04.593 [info] > git config --get commit.template [5ms]
2024-11-29 06:05:04.594 [info] > git for-each-ref --format=%(refname)%00%(upstream:short)%00%(objectname)%00%(upstream:track)%00%(upstream:remotename)%00%(upstream:remoteref) refs/heads/isekai refs/remotes/isekai [2ms]
2024-11-29 06:05:04.602 [info] > git for-each-ref --sort -committerdate --format %(refname) %(objectname) %(*objectname) [2ms]
2024-11-29 06:05:04.628 [info] > git status -z -uall [31ms]
2024-11-29 06:05:09.679 [info] > git config --get commit.template [6ms]
2024-11-29 06:05:09.682 [info] > git for-each-ref --format=%(refname)%00%(upstream:short)%00%(objectname)%00%(upstream:track)%00%(upstream:remotename)%00%(upstream:remoteref) refs/heads/isekai refs/remotes/isekai [3ms]
2024-11-29 06:05:09.750 [info] > git for-each-ref --sort -committerdate --format %(refname) %(objectname) %(*objectname) [26ms]
2024-11-29 06:05:09.806 [info] > git status -z -uall [99ms]
