["INFO" - 6:02:41 AM] Starting initialization
["INFO" - 6:02:41 AM] Starting fixer on currently open file
["INFO" - 6:02:41 AM] phpcs - Dispose diagnostic collection
["INFO" - 6:02:41 AM] phpcs - The document URI file:///var/www/html/re_edit_modifcvq.php
["ERROR" - 6:02:41 AM] phpcs - Executable is set, but can not be found: "phpcs"
["INFO" - 6:02:41 AM] Starting file size
["INFO" - 6:03:02 AM] Switched to new file - starting code sniffer
["INFO" - 6:03:02 AM] phpcs - Dispose diagnostic collection
["INFO" - 6:03:02 AM] phpcs - The document URI file:///var/www/html/re_edit_modifcvq.php
["ERROR" - 6:03:02 AM] phpcs - Executable is set, but can not be found: "phpcs"
["INFO" - 6:03:03 AM] Switched to new file - starting code sniffer
["INFO" - 6:03:03 AM] phpcs - Dispose diagnostic collection
["INFO" - 6:03:03 AM] phpcs - The document URI file:///var/www/html/re_edit_modifcvq.php
["ERROR" - 6:03:03 AM] phpcs - Executable is set, but can not be found: "phpcs"
["INFO" - 6:03:07 AM] Switched to new file - starting code sniffer
["INFO" - 6:03:07 AM] phpcs - Dispose diagnostic collection
["INFO" - 6:03:07 AM] phpcs - The document URI file:///var/www/html/re_edit_modifcvq.php
["ERROR" - 6:03:07 AM] phpcs - Executable is set, but can not be found: "phpcs"
["INFO" - 6:03:11 AM] Switched to new file - starting code sniffer
["INFO" - 6:03:11 AM] phpcs - Dispose diagnostic collection
["INFO" - 6:03:11 AM] phpcs - The document URI file:///var/www/html/re_edit_modifcvq.php
["ERROR" - 6:03:11 AM] phpcs - Executable is set, but can not be found: "phpcs"
["INFO" - 6:03:13 AM] Switched to new file - starting code sniffer
["INFO" - 6:03:13 AM] phpcs - Dispose diagnostic collection
["INFO" - 6:03:13 AM] phpcs - The document URI file:///var/www/html/re_edit_modifcvq.php
["ERROR" - 6:03:13 AM] phpcs - Executable is set, but can not be found: "phpcs"
["INFO" - 6:03:18 AM] Switched to new file - starting code sniffer
["INFO" - 6:03:18 AM] phpcs - Dispose diagnostic collection
["INFO" - 6:03:18 AM] phpcs - The document URI file:///var/www/html/re_edit_modifcvq.php
["ERROR" - 6:03:18 AM] phpcs - Executable is set, but can not be found: "phpcs"
