2024-11-29 06:02:39.834 [info] Extension host with pid 26416 started
2024-11-29 06:02:39.834 [error] Error: EEXIST: file already exists, open '/var/www/html/User/workspaceStorage/-2d7d1729/vscode.lock'
2024-11-29 06:02:39.838 [info] Lock '/var/www/html/User/workspaceStorage/-2d7d1729/vscode.lock': Could not acquire lock, checking if the file is stale.
2024-11-29 06:02:39.841 [info] Lock '/var/www/html/User/workspaceStorage/-2d7d1729/vscode.lock': The pid 6000 appears to be gone.
2024-11-29 06:02:39.841 [info] Lock '/var/www/html/User/workspaceStorage/-2d7d1729/vscode.lock': Deleting a stale lock.
2024-11-29 06:02:39.851 [info] Lock '/var/www/html/User/workspaceStorage/-2d7d1729/vscode.lock': Lock acquired.
2024-11-29 06:02:40.291 [info] ExtensionService#_doActivateExtension vscode.emmet, startup: false, activationEvent: 'onLanguage'
2024-11-29 06:02:40.292 [info] ExtensionService#_doActivateExtension StoilDobreff.php-resolver, startup: false, activationEvent: 'onLanguage:PHPLog'
2024-11-29 06:02:40.391 [info] ExtensionService#_doActivateExtension vscode.php-language-features, startup: false, activationEvent: 'onLanguage:php'
2024-11-29 06:02:40.392 [info] ExtensionService#_doActivateExtension DEVSENSE.intelli-php-vscode, startup: false, activationEvent: 'onLanguage:php'
2024-11-29 06:02:40.392 [info] ExtensionService#_doActivateExtension DEVSENSE.phptools-vscode, startup: false, activationEvent: 'onLanguage:php'
2024-11-29 06:02:40.393 [info] ExtensionService#_doActivateExtension felixfbecker.php-intellisense, startup: false, activationEvent: 'onLanguage:php'
2024-11-29 06:02:40.393 [info] ExtensionService#_doActivateExtension junstyle.php-cs-fixer, startup: false, activationEvent: 'onLanguage:php'
2024-11-29 06:02:40.393 [info] ExtensionService#_doActivateExtension lkrms.pretty-php, startup: false, activationEvent: 'onLanguage:php'
2024-11-29 06:02:40.394 [info] ExtensionService#_doActivateExtension MehediDracula.php-namespace-resolver, startup: false, activationEvent: 'onLanguage:php'
2024-11-29 06:02:40.394 [info] ExtensionService#_doActivateExtension neilbrayfield.php-docblocker, startup: false, activationEvent: 'onLanguage:php'
2024-11-29 06:02:40.395 [info] ExtensionService#_doActivateExtension valeryanm.vscode-phpsab, startup: false, activationEvent: 'onLanguage:php'
2024-11-29 06:02:40.995 [info] ExtensionService#_doActivateExtension vscode.tunnel-forwarding, startup: false, activationEvent: 'onTunnel'
2024-11-29 06:02:41.047 [warning] DiagnosticCollection with name 'php' does already exist.
2024-11-29 06:02:41.056 [info] ExtensionService#_doActivateExtension vscode.git-base, startup: true, activationEvent: '*', root cause: vscode.git
2024-11-29 06:02:41.303 [error] Activating extension valeryanm.vscode-phpsab failed due to an error:
2024-11-29 06:02:41.304 [error] Error: Unable to locate the executable.
	at Gv (/var/www/html/extensions/valeryanm.vscode-phpsab-0.0.20-universal/out/main.js:20:14932)
	at async zv (/var/www/html/extensions/valeryanm.vscode-phpsab-0.0.20-universal/out/main.js:20:15468)
	at async Pe (/var/www/html/extensions/valeryanm.vscode-phpsab-0.0.20-universal/out/main.js:20:16891)
	at async t0 (/var/www/html/extensions/valeryanm.vscode-phpsab-0.0.20-universal/out/main.js:25:1238)
	at async B0.n (file:///usr/lib/code-server/lib/vscode/out/vs/workbench/api/node/extensionHostProcess.js:114:4447)
	at async B0.m (file:///usr/lib/code-server/lib/vscode/out/vs/workbench/api/node/extensionHostProcess.js:114:4410)
	at async B0.l (file:///usr/lib/code-server/lib/vscode/out/vs/workbench/api/node/extensionHostProcess.js:114:3866)
2024-11-29 06:02:41.368 [info] ExtensionService#_doActivateExtension vscode.git, startup: true, activationEvent: '*'
2024-11-29 06:02:41.368 [info] ExtensionService#_doActivateExtension vscode.github, startup: true, activationEvent: '*'
2024-11-29 06:02:42.771 [warning] [Decorations] CAPPING events from decorations provider vscode.git 2835
2024-11-29 06:02:43.993 [warning] [Decorations] CAPPING events from decorations provider vscode.git 2837
2024-11-29 06:02:44.816 [info] Eager extensions activated
2024-11-29 06:02:44.817 [info] ExtensionService#_doActivateExtension vscode.debug-auto-launch, startup: false, activationEvent: 'onStartupFinished'
2024-11-29 06:02:44.817 [info] ExtensionService#_doActivateExtension vscode.merge-conflict, startup: false, activationEvent: 'onStartupFinished'
2024-11-29 06:02:45.020 [info] ExtensionService#_doActivateExtension vscode.github-authentication, startup: false, activationEvent: 'onAuthenticationRequest:github'
2024-11-29 06:02:55.296 [warning] [Decorations] CAPPING events from decorations provider vscode.git 2840
2024-11-29 06:03:02.845 [info] ExtensionService#_doActivateExtension vscode.html-language-features, startup: false, activationEvent: 'api', root cause: DEVSENSE.phptools-vscode
2024-11-29 06:03:32.162 [warning] [Decorations] CAPPING events from decorations provider vscode.git 2857
2024-11-29 06:08:35.686 [info] Extension host terminating: renderer disconnected for too long (2)
2024-11-29 06:08:35.690 [info] Lock '/var/www/html/User/workspaceStorage/-2d7d1729/vscode.lock': Marking the lockfile as scheduled to be released in 6000 ms.
2024-11-29 06:08:35.718 [error] An error occurred when disposing the subscriptions for extension 'MehediDracula.php-namespace-resolver':
2024-11-29 06:08:35.718 [error] TypeError: r.dispose is not a function
	at li (file:///usr/lib/code-server/lib/vscode/out/vs/workbench/api/node/extensionHostProcess.js:24:699)
	at file:///usr/lib/code-server/lib/vscode/out/vs/workbench/api/node/extensionHostProcess.js:118:14992
	at file:///usr/lib/code-server/lib/vscode/out/vs/workbench/api/node/extensionHostProcess.js:24:1009
	at Object.dispose (file:///usr/lib/code-server/lib/vscode/out/vs/workbench/api/node/extensionHostProcess.js:7:2146)
	at V_.eb (file:///usr/lib/code-server/lib/vscode/out/vs/workbench/api/node/extensionHostProcess.js:118:11919)
	at file:///usr/lib/code-server/lib/vscode/out/vs/workbench/api/node/extensionHostProcess.js:118:9874
	at Array.map (<anonymous>)
	at V_.$ (file:///usr/lib/code-server/lib/vscode/out/vs/workbench/api/node/extensionHostProcess.js:118:9862)
	at V_.terminate (file:///usr/lib/code-server/lib/vscode/out/vs/workbench/api/node/extensionHostProcess.js:118:10105)
	at EC.terminate (file:///usr/lib/code-server/lib/vscode/out/vs/workbench/api/node/extensionHostProcess.js:119:1424)
	at Xi (file:///usr/lib/code-server/lib/vscode/out/vs/workbench/api/node/extensionHostProcess.js:174:15085)
	at c5.a (file:///usr/lib/code-server/lib/vscode/out/vs/workbench/api/node/extensionHostProcess.js:174:11997)
	at c5.h (file:///usr/lib/code-server/lib/vscode/out/vs/workbench/api/node/extensionHostProcess.js:30:75745)
	at listOnTimeout (node:internal/timers:581:17)
	at process.processTimers (node:internal/timers:519:7)
2024-11-29 06:08:35.720 [error] Canceled: Canceled
	at Dc (file:///usr/lib/code-server/lib/vscode/out/vs/workbench/api/node/extensionHostProcess.js:7:1122)
	at file:///usr/lib/code-server/lib/vscode/out/vs/workbench/api/node/extensionHostProcess.js:31:114145
	at Array.forEach (<anonymous>)
	at py.dispose (file:///usr/lib/code-server/lib/vscode/out/vs/workbench/api/node/extensionHostProcess.js:31:114085)
	at V_.terminate (file:///usr/lib/code-server/lib/vscode/out/vs/workbench/api/node/extensionHostProcess.js:118:10082)
	at EC.terminate (file:///usr/lib/code-server/lib/vscode/out/vs/workbench/api/node/extensionHostProcess.js:119:1424)
	at Xi (file:///usr/lib/code-server/lib/vscode/out/vs/workbench/api/node/extensionHostProcess.js:174:15085)
	at c5.a (file:///usr/lib/code-server/lib/vscode/out/vs/workbench/api/node/extensionHostProcess.js:174:11997)
	at c5.h (file:///usr/lib/code-server/lib/vscode/out/vs/workbench/api/node/extensionHostProcess.js:30:75745)
	at listOnTimeout (node:internal/timers:581:17)
	at process.processTimers (node:internal/timers:519:7) setContext undefined
2024-11-29 06:08:35.721 [error] Canceled: Canceled
	at Dc (file:///usr/lib/code-server/lib/vscode/out/vs/workbench/api/node/extensionHostProcess.js:7:1122)
	at file:///usr/lib/code-server/lib/vscode/out/vs/workbench/api/node/extensionHostProcess.js:31:114145
	at Array.forEach (<anonymous>)
	at py.dispose (file:///usr/lib/code-server/lib/vscode/out/vs/workbench/api/node/extensionHostProcess.js:31:114085)
	at V_.terminate (file:///usr/lib/code-server/lib/vscode/out/vs/workbench/api/node/extensionHostProcess.js:118:10082)
	at EC.terminate (file:///usr/lib/code-server/lib/vscode/out/vs/workbench/api/node/extensionHostProcess.js:119:1424)
	at Xi (file:///usr/lib/code-server/lib/vscode/out/vs/workbench/api/node/extensionHostProcess.js:174:15085)
	at c5.a (file:///usr/lib/code-server/lib/vscode/out/vs/workbench/api/node/extensionHostProcess.js:174:11997)
	at c5.h (file:///usr/lib/code-server/lib/vscode/out/vs/workbench/api/node/extensionHostProcess.js:30:75745)
	at listOnTimeout (node:internal/timers:581:17)
	at process.processTimers (node:internal/timers:519:7) setContext undefined
2024-11-29 06:08:35.723 [error] Canceled: Canceled
	at new rT (file:///usr/lib/code-server/lib/vscode/out/vs/workbench/api/node/extensionHostProcess.js:31:112694)
	at py.U (file:///usr/lib/code-server/lib/vscode/out/vs/workbench/api/node/extensionHostProcess.js:31:117304)
	at s.<computed>.n.charCodeAt.s.<computed> (file:///usr/lib/code-server/lib/vscode/out/vs/workbench/api/node/extensionHostProcess.js:31:114798)
	at Y0.g (file:///usr/lib/code-server/lib/vscode/out/vs/workbench/api/node/extensionHostProcess.js:114:32313)
	at Y0.executeCommand (file:///usr/lib/code-server/lib/vscode/out/vs/workbench/api/node/extensionHostProcess.js:114:31817)
	at r.registerCommand.description (file:///usr/lib/code-server/lib/vscode/out/vs/workbench/api/node/extensionHostProcess.js:114:31147)
	at Y0.h (file:///usr/lib/code-server/lib/vscode/out/vs/workbench/api/node/extensionHostProcess.js:114:32833)
	at Y0.g (file:///usr/lib/code-server/lib/vscode/out/vs/workbench/api/node/extensionHostProcess.js:114:31910)
	at Y0.executeCommand (file:///usr/lib/code-server/lib/vscode/out/vs/workbench/api/node/extensionHostProcess.js:114:31817)
	at Object.executeCommand (file:///usr/lib/code-server/lib/vscode/out/vs/workbench/api/node/extensionHostProcess.js:156:37246)
	at mh.O [as value] (/usr/lib/code-server/lib/vscode/extensions/git/dist/main.js:2:961845)
	at D.B (file:///usr/lib/code-server/lib/vscode/out/vs/workbench/api/node/extensionHostProcess.js:29:746)
	at D.C (file:///usr/lib/code-server/lib/vscode/out/vs/workbench/api/node/extensionHostProcess.js:29:816)
	at D.fire (file:///usr/lib/code-server/lib/vscode/out/vs/workbench/api/node/extensionHostProcess.js:29:1033)
	at Object.p [as dispose] (/usr/lib/code-server/lib/vscode/extensions/git/dist/main.js:2:983333)
	at /usr/lib/code-server/lib/vscode/extensions/git/dist/main.js:2:989455
	at Array.forEach (<anonymous>)
	at b.dispose (/usr/lib/code-server/lib/vscode/extensions/git/dist/main.js:2:989441)
	at V1.<anonymous> (file:///usr/lib/code-server/lib/vscode/out/vs/workbench/api/node/extensionHostProcess.js:108:19994)
	at V1.dispose (file:///usr/lib/code-server/lib/vscode/out/vs/workbench/api/node/extensionHostProcess.js:108:20090)
	at V1.<anonymous> (/usr/lib/code-server/lib/vscode/extensions/git/dist/main.js:2:964255)
	at V1.dispose (file:///usr/lib/code-server/lib/vscode/out/vs/workbench/api/node/extensionHostProcess.js:108:20090)
	at li (file:///usr/lib/code-server/lib/vscode/out/vs/workbench/api/node/extensionHostProcess.js:24:699)
	at file:///usr/lib/code-server/lib/vscode/out/vs/workbench/api/node/extensionHostProcess.js:118:14992
	at file:///usr/lib/code-server/lib/vscode/out/vs/workbench/api/node/extensionHostProcess.js:24:1009
	at Object.dispose (file:///usr/lib/code-server/lib/vscode/out/vs/workbench/api/node/extensionHostProcess.js:7:2146)
	at V_.eb (file:///usr/lib/code-server/lib/vscode/out/vs/workbench/api/node/extensionHostProcess.js:118:11919)
	at file:///usr/lib/code-server/lib/vscode/out/vs/workbench/api/node/extensionHostProcess.js:118:9874
	at Array.map (<anonymous>)
	at V_.$ (file:///usr/lib/code-server/lib/vscode/out/vs/workbench/api/node/extensionHostProcess.js:118:9862)
	at V_.terminate (file:///usr/lib/code-server/lib/vscode/out/vs/workbench/api/node/extensionHostProcess.js:118:10105)
	at EC.terminate (file:///usr/lib/code-server/lib/vscode/out/vs/workbench/api/node/extensionHostProcess.js:119:1424)
	at Xi (file:///usr/lib/code-server/lib/vscode/out/vs/workbench/api/node/extensionHostProcess.js:174:15085)
	at c5.a (file:///usr/lib/code-server/lib/vscode/out/vs/workbench/api/node/extensionHostProcess.js:174:11997)
	at c5.h (file:///usr/lib/code-server/lib/vscode/out/vs/workbench/api/node/extensionHostProcess.js:30:75745)
	at listOnTimeout (node:internal/timers:581:17)
	at process.processTimers (node:internal/timers:519:7) setContext undefined
2024-11-29 06:08:35.724 [error] Canceled: Canceled
	at new rT (file:///usr/lib/code-server/lib/vscode/out/vs/workbench/api/node/extensionHostProcess.js:31:112694)
	at py.U (file:///usr/lib/code-server/lib/vscode/out/vs/workbench/api/node/extensionHostProcess.js:31:117304)
	at s.<computed>.n.charCodeAt.s.<computed> (file:///usr/lib/code-server/lib/vscode/out/vs/workbench/api/node/extensionHostProcess.js:31:114798)
	at Y0.g (file:///usr/lib/code-server/lib/vscode/out/vs/workbench/api/node/extensionHostProcess.js:114:32313)
	at Y0.executeCommand (file:///usr/lib/code-server/lib/vscode/out/vs/workbench/api/node/extensionHostProcess.js:114:31817)
	at r.registerCommand.description (file:///usr/lib/code-server/lib/vscode/out/vs/workbench/api/node/extensionHostProcess.js:114:31147)
	at Y0.h (file:///usr/lib/code-server/lib/vscode/out/vs/workbench/api/node/extensionHostProcess.js:114:32833)
	at Y0.g (file:///usr/lib/code-server/lib/vscode/out/vs/workbench/api/node/extensionHostProcess.js:114:31910)
	at Y0.executeCommand (file:///usr/lib/code-server/lib/vscode/out/vs/workbench/api/node/extensionHostProcess.js:114:31817)
	at Object.executeCommand (file:///usr/lib/code-server/lib/vscode/out/vs/workbench/api/node/extensionHostProcess.js:156:37246)
	at set hasGitHubRepositories [as hasGitHubRepositories] (/usr/lib/code-server/lib/vscode/extensions/github/dist/extension.js:2:328633)
	at /usr/lib/code-server/lib/vscode/extensions/github/dist/extension.js:2:329592
	at mh.value (/usr/lib/code-server/lib/vscode/extensions/git/dist/main.js:2:1073936)
	at D.B (file:///usr/lib/code-server/lib/vscode/out/vs/workbench/api/node/extensionHostProcess.js:29:746)
	at D.C (file:///usr/lib/code-server/lib/vscode/out/vs/workbench/api/node/extensionHostProcess.js:29:816)
	at D.fire (file:///usr/lib/code-server/lib/vscode/out/vs/workbench/api/node/extensionHostProcess.js:29:1033)
	at Object.p [as dispose] (/usr/lib/code-server/lib/vscode/extensions/git/dist/main.js:2:983333)
	at /usr/lib/code-server/lib/vscode/extensions/git/dist/main.js:2:989455
	at Array.forEach (<anonymous>)
	at b.dispose (/usr/lib/code-server/lib/vscode/extensions/git/dist/main.js:2:989441)
	at V1.<anonymous> (file:///usr/lib/code-server/lib/vscode/out/vs/workbench/api/node/extensionHostProcess.js:108:19994)
	at V1.dispose (file:///usr/lib/code-server/lib/vscode/out/vs/workbench/api/node/extensionHostProcess.js:108:20090)
	at V1.<anonymous> (/usr/lib/code-server/lib/vscode/extensions/git/dist/main.js:2:964255)
	at V1.dispose (file:///usr/lib/code-server/lib/vscode/out/vs/workbench/api/node/extensionHostProcess.js:108:20090)
	at li (file:///usr/lib/code-server/lib/vscode/out/vs/workbench/api/node/extensionHostProcess.js:24:699)
	at file:///usr/lib/code-server/lib/vscode/out/vs/workbench/api/node/extensionHostProcess.js:118:14992
	at file:///usr/lib/code-server/lib/vscode/out/vs/workbench/api/node/extensionHostProcess.js:24:1009
	at Object.dispose (file:///usr/lib/code-server/lib/vscode/out/vs/workbench/api/node/extensionHostProcess.js:7:2146)
	at V_.eb (file:///usr/lib/code-server/lib/vscode/out/vs/workbench/api/node/extensionHostProcess.js:118:11919)
	at file:///usr/lib/code-server/lib/vscode/out/vs/workbench/api/node/extensionHostProcess.js:118:9874
	at Array.map (<anonymous>)
	at V_.$ (file:///usr/lib/code-server/lib/vscode/out/vs/workbench/api/node/extensionHostProcess.js:118:9862)
	at V_.terminate (file:///usr/lib/code-server/lib/vscode/out/vs/workbench/api/node/extensionHostProcess.js:118:10105)
	at EC.terminate (file:///usr/lib/code-server/lib/vscode/out/vs/workbench/api/node/extensionHostProcess.js:119:1424)
	at Xi (file:///usr/lib/code-server/lib/vscode/out/vs/workbench/api/node/extensionHostProcess.js:174:15085)
	at c5.a (file:///usr/lib/code-server/lib/vscode/out/vs/workbench/api/node/extensionHostProcess.js:174:11997)
	at c5.h (file:///usr/lib/code-server/lib/vscode/out/vs/workbench/api/node/extensionHostProcess.js:30:75745)
	at listOnTimeout (node:internal/timers:581:17)
	at process.processTimers (node:internal/timers:519:7) setContext undefined
2024-11-29 06:08:35.740 [error] Error: Channel has been closed
	at s (file:///usr/lib/code-server/lib/vscode/out/vs/workbench/api/node/extensionHostProcess.js:120:2431)
	at Object.appendLine (file:///usr/lib/code-server/lib/vscode/out/vs/workbench/api/node/extensionHostProcess.js:120:2570)
	at D.logOutputMessage (/usr/lib/code-server/lib/vscode/extensions/html-language-features/client/dist/node/htmlClientMain.js:1:264641)
	at D.info (/usr/lib/code-server/lib/vscode/extensions/html-language-features/client/dist/node/htmlClientMain.js:1:264374)
	at ChildProcess.<anonymous> (/usr/lib/code-server/lib/vscode/extensions/html-language-features/client/dist/node/htmlClientMain.js:1:482477)
	at ChildProcess.emit (node:events:519:28)
	at ChildProcess._handle.onexit (node:internal/child_process:294:12)
2024-11-29 06:08:35.741 [info] Extension host with pid 26416 exiting with code 0
