2024-11-29 06:03:47.839 [info] [main] Log level: Info
2024-11-29 06:03:47.840 [info] [main] Validating found git in: "git"
2024-11-29 06:03:47.840 [info] [main] Using git "2.34.1" from "git"
2024-11-29 06:03:47.840 [info] [Model][doInitialScan] Initial repository scan started
2024-11-29 06:03:47.840 [info] > git rev-parse --show-toplevel [15ms]
2024-11-29 06:03:47.840 [info] > git rev-parse --git-dir --git-common-dir [7ms]
2024-11-29 06:03:47.840 [info] [Model][openRepository] Opened repository: /var/www/html
2024-11-29 06:03:47.840 [info] > git config --get commit.template [16ms]
2024-11-29 06:03:47.840 [info] > git for-each-ref --format=%(refname)%00%(upstream:short)%00%(objectname)%00%(upstream:track)%00%(upstream:remotename)%00%(upstream:remoteref) refs/heads/isekai refs/remotes/isekai [33ms]
2024-11-29 06:03:47.840 [info] > git rev-parse --show-toplevel [67ms]
2024-11-29 06:03:47.840 [info] > git rev-parse --show-toplevel [19ms]
2024-11-29 06:03:47.840 [info] > git for-each-ref --sort -committerdate --format %(refname) %(objectname) %(*objectname) [31ms]
2024-11-29 06:03:47.840 [info] > git rev-parse --show-toplevel [20ms]
2024-11-29 06:03:47.840 [info] > git rev-parse --show-toplevel [13ms]
2024-11-29 06:03:47.840 [info] > git status -z -uall [123ms]
2024-11-29 06:03:47.841 [info] > git rev-parse --show-toplevel [16ms]
2024-11-29 06:03:47.842 [info] > git for-each-ref --format=%(refname)%00%(upstream:short)%00%(objectname)%00%(upstream:track)%00%(upstream:remotename)%00%(upstream:remoteref) refs/heads/isekai refs/remotes/isekai [1190ms]
2024-11-29 06:03:47.842 [info] > git config --get commit.template [63ms]
2024-11-29 06:03:47.842 [info] > git rev-parse --show-toplevel [72ms]
2024-11-29 06:03:47.842 [info] > git config --local branch.isekai.vscode-merge-base [36ms]
2024-11-29 06:03:47.842 [info] > git rev-parse --show-toplevel [23ms]
2024-11-29 06:03:47.842 [info] > git for-each-ref --format=%(refname)%00%(upstream:short)%00%(objectname)%00%(upstream:track)%00%(upstream:remotename)%00%(upstream:remoteref) refs/heads/origin/isekai refs/remotes/origin/isekai [17ms]
2024-11-29 06:03:47.856 [info] > git merge-base refs/heads/isekai refs/remotes/origin/isekai [36ms]
2024-11-29 06:03:47.862 [info] > git for-each-ref --format=%(refname)%00%(upstream:short)%00%(objectname)%00%(upstream:track)%00%(upstream:remotename)%00%(upstream:remoteref) refs/heads/isekai refs/remotes/isekai [63ms]
2024-11-29 06:03:47.863 [info] > git rev-parse --show-toplevel [31ms]
2024-11-29 06:03:47.898 [info] > git diff --name-status -z --diff-filter=ADMR ff33064afe96e9030a2a8924962203499e5f7d09...refs/remotes/origin/isekai [36ms]
2024-11-29 06:03:47.923 [info] > git rev-parse --show-toplevel [47ms]
2024-11-29 06:03:47.946 [info] > git for-each-ref --sort -committerdate --format %(refname) %(objectname) %(*objectname) [25ms]
2024-11-29 06:03:47.952 [info] > git rev-parse --show-toplevel [8ms]
2024-11-29 06:03:47.988 [info] > git rev-parse --show-toplevel [9ms]
2024-11-29 06:03:48.042 [info] > git rev-parse --show-toplevel [38ms]
2024-11-29 06:03:48.049 [info] > git status -z -uall [132ms]
2024-11-29 06:03:48.128 [info] > git rev-parse --show-toplevel [79ms]
2024-11-29 06:03:48.151 [info] > git rev-parse --show-toplevel [16ms]
2024-11-29 06:03:49.137 [info] > git rev-parse --show-toplevel [971ms]
2024-11-29 06:03:49.249 [info] > git check-ignore -v -z --stdin [101ms]
2024-11-29 06:03:49.251 [info] > git rev-parse --show-toplevel [60ms]
2024-11-29 06:03:49.286 [info] > git rev-parse --show-toplevel [26ms]
2024-11-29 06:03:49.306 [info] > git rev-parse --show-toplevel [7ms]
2024-11-29 06:03:49.312 [info] [Model][doInitialScan] Initial repository scan completed - repositories (1), closed repositories (0), parent repositories (0), unsafe repositories (0)
2024-11-29 06:03:49.930 [info] > git show --textconv :re_edit_modifcvq.php [13ms]
2024-11-29 06:03:49.943 [info] > git ls-files --stage -- /var/www/html/re_edit_modifcvq.php [14ms]
2024-11-29 06:03:49.959 [info] > git cat-file -s d9db2eb238690c85da4273ebc7a30666c329e953 [11ms]
2024-11-29 06:12:32.720 [info] > git check-ignore -v -z --stdin [2ms]
2024-11-29 06:12:34.969 [info] > git check-ignore -v -z --stdin [2ms]
2024-11-29 06:12:36.034 [info] > git check-ignore -v -z --stdin [1ms]
2024-11-29 06:12:37.954 [info] > git check-ignore -v -z --stdin [1ms]
2024-11-29 06:12:41.391 [info] > git for-each-ref --format=%(refname)%00%(upstream:short)%00%(objectname)%00%(upstream:track)%00%(upstream:remotename)%00%(upstream:remoteref) refs/heads/isekai refs/remotes/isekai [32ms]
2024-11-29 06:12:41.397 [info] > git config --get commit.template [40ms]
2024-11-29 06:12:41.457 [info] > git for-each-ref --sort -committerdate --format %(refname) %(objectname) %(*objectname) [30ms]
2024-11-29 06:12:41.518 [info] > git status -z -uall [107ms]
2024-11-29 06:12:43.000 [info] > git show --textconv :re_edit_resilier.php [4ms]
2024-11-29 06:12:43.001 [info] > git ls-files --stage -- /var/www/html/re_edit_resilier.php [1ms]
2024-11-29 06:12:43.005 [info] > git cat-file -s 1c462bcdf6d66532254a57809521c1b80608f3a3 [1ms]
2024-11-29 06:16:56.203 [info] > git check-ignore -v -z --stdin [5ms]
2024-11-29 06:17:26.281 [info] > git check-ignore -v -z --stdin [3ms]
2024-11-29 06:17:29.122 [info] > git check-ignore -v -z --stdin [24ms]
2024-11-29 06:17:33.332 [info] > git config --get commit.template [4ms]
2024-11-29 06:17:33.332 [info] > git for-each-ref --format=%(refname)%00%(upstream:short)%00%(objectname)%00%(upstream:track)%00%(upstream:remotename)%00%(upstream:remoteref) refs/heads/isekai refs/remotes/isekai [2ms]
2024-11-29 06:17:33.342 [info] > git for-each-ref --sort -committerdate --format %(refname) %(objectname) %(*objectname) [3ms]
2024-11-29 06:17:33.389 [info] > git status -z -uall [53ms]
2024-11-29 06:17:34.354 [info] > git show --textconv :co_affichage.php [5ms]
2024-11-29 06:17:34.357 [info] > git ls-files --stage -- /var/www/html/co_affichage.php [4ms]
2024-11-29 06:17:34.362 [info] > git cat-file -s a726601ae81d345250b89cd4af93f03d72124fdb [2ms]
2024-11-29 06:17:38.450 [info] > git config --get commit.template [6ms]
2024-11-29 06:17:38.450 [info] > git for-each-ref --format=%(refname)%00%(upstream:short)%00%(objectname)%00%(upstream:track)%00%(upstream:remotename)%00%(upstream:remoteref) refs/heads/isekai refs/remotes/isekai [2ms]
2024-11-29 06:17:38.463 [info] > git for-each-ref --sort -committerdate --format %(refname) %(objectname) %(*objectname) [2ms]
2024-11-29 06:17:38.483 [info] > git status -z -uall [28ms]
2024-11-29 06:18:20.874 [info] > git config --get commit.template [4ms]
2024-11-29 06:18:20.875 [info] > git for-each-ref --format=%(refname)%00%(upstream:short)%00%(objectname)%00%(upstream:track)%00%(upstream:remotename)%00%(upstream:remoteref) refs/heads/isekai refs/remotes/isekai [2ms]
2024-11-29 06:18:20.883 [info] > git for-each-ref --sort -committerdate --format %(refname) %(objectname) %(*objectname) [2ms]
2024-11-29 06:18:20.908 [info] > git status -z -uall [30ms]
2024-11-29 06:18:32.457 [info] > git config --get commit.template [3ms]
2024-11-29 06:18:32.457 [info] > git for-each-ref --format=%(refname)%00%(upstream:short)%00%(objectname)%00%(upstream:track)%00%(upstream:remotename)%00%(upstream:remoteref) refs/heads/isekai refs/remotes/isekai [2ms]
2024-11-29 06:18:32.467 [info] > git for-each-ref --sort -committerdate --format %(refname) %(objectname) %(*objectname) [2ms]
2024-11-29 06:18:32.509 [info] > git status -z -uall [48ms]
2024-11-29 06:19:51.048 [info] > git config --get commit.template [7ms]
2024-11-29 06:19:51.069 [info] > git for-each-ref --format=%(refname)%00%(upstream:short)%00%(objectname)%00%(upstream:track)%00%(upstream:remotename)%00%(upstream:remoteref) refs/heads/isekai refs/remotes/isekai [14ms]
2024-11-29 06:19:51.089 [info] > git for-each-ref --sort -committerdate --format %(refname) %(objectname) %(*objectname) [9ms]
2024-11-29 06:19:51.125 [info] > git status -z -uall [50ms]
2024-11-29 06:24:05.678 [info] > git config --get commit.template [14ms]
2024-11-29 06:24:05.684 [info] > git for-each-ref --format=%(refname)%00%(upstream:short)%00%(objectname)%00%(upstream:track)%00%(upstream:remotename)%00%(upstream:remoteref) refs/heads/isekai refs/remotes/isekai [9ms]
2024-11-29 06:24:05.711 [info] > git for-each-ref --sort -committerdate --format %(refname) %(objectname) %(*objectname) [13ms]
2024-11-29 06:24:05.777 [info] > git status -z -uall [87ms]
2024-11-29 06:24:06.561 [info] > git show --textconv :re_edit_resilier.php [6ms]
2024-11-29 06:24:06.563 [info] > git ls-files --stage -- /var/www/html/re_edit_resilier.php [3ms]
2024-11-29 06:24:06.571 [info] > git cat-file -s 1c462bcdf6d66532254a57809521c1b80608f3a3 [2ms]
2024-11-29 06:24:09.340 [info] > git check-ignore -v -z --stdin [4ms]
2024-11-29 06:24:10.838 [info] > git config --get commit.template [5ms]
2024-11-29 06:24:10.839 [info] > git for-each-ref --format=%(refname)%00%(upstream:short)%00%(objectname)%00%(upstream:track)%00%(upstream:remotename)%00%(upstream:remoteref) refs/heads/isekai refs/remotes/isekai [2ms]
2024-11-29 06:24:10.854 [info] > git for-each-ref --sort -committerdate --format %(refname) %(objectname) %(*objectname) [3ms]
2024-11-29 06:24:10.874 [info] > git status -z -uall [29ms]
2024-11-29 06:24:16.802 [info] > git show --textconv :re_chercherid.php [4ms]
2024-11-29 06:24:16.804 [info] > git ls-files --stage -- /var/www/html/re_chercherid.php [2ms]
2024-11-29 06:24:16.808 [info] > git cat-file -s 69deb9310cf2b5fc94aec7816287a38892c83e83 [1ms]
2024-11-29 06:29:48.540 [info] > git config --get commit.template [9ms]
2024-11-29 06:29:48.561 [info] > git for-each-ref --format=%(refname)%00%(upstream:short)%00%(objectname)%00%(upstream:track)%00%(upstream:remotename)%00%(upstream:remoteref) refs/heads/isekai refs/remotes/isekai [16ms]
2024-11-29 06:29:48.615 [info] > git for-each-ref --sort -committerdate --format %(refname) %(objectname) %(*objectname) [19ms]
2024-11-29 06:29:48.642 [info] > git status -z -uall [50ms]
2024-11-29 06:29:53.686 [info] > git config --get commit.template [4ms]
2024-11-29 06:29:53.687 [info] > git for-each-ref --format=%(refname)%00%(upstream:short)%00%(objectname)%00%(upstream:track)%00%(upstream:remotename)%00%(upstream:remoteref) refs/heads/isekai refs/remotes/isekai [2ms]
2024-11-29 06:29:53.696 [info] > git for-each-ref --sort -committerdate --format %(refname) %(objectname) %(*objectname) [2ms]
2024-11-29 06:29:53.714 [info] > git status -z -uall [24ms]
2024-11-29 06:30:00.803 [info] > git config --get commit.template [5ms]
2024-11-29 06:30:00.803 [info] > git for-each-ref --format=%(refname)%00%(upstream:short)%00%(objectname)%00%(upstream:track)%00%(upstream:remotename)%00%(upstream:remoteref) refs/heads/isekai refs/remotes/isekai [2ms]
2024-11-29 06:30:00.811 [info] > git for-each-ref --sort -committerdate --format %(refname) %(objectname) %(*objectname) [2ms]
2024-11-29 06:30:00.832 [info] > git status -z -uall [26ms]
2024-11-29 06:30:05.929 [info] > git config --get commit.template [43ms]
2024-11-29 06:30:05.949 [info] > git for-each-ref --format=%(refname)%00%(upstream:short)%00%(objectname)%00%(upstream:track)%00%(upstream:remotename)%00%(upstream:remoteref) refs/heads/isekai refs/remotes/isekai [22ms]
2024-11-29 06:30:06.006 [info] > git for-each-ref --sort -committerdate --format %(refname) %(objectname) %(*objectname) [20ms]
2024-11-29 06:30:06.094 [info] > git status -z -uall [124ms]
2024-11-29 06:30:20.091 [info] > git config --get commit.template [5ms]
2024-11-29 06:30:20.092 [info] > git for-each-ref --format=%(refname)%00%(upstream:short)%00%(objectname)%00%(upstream:track)%00%(upstream:remotename)%00%(upstream:remoteref) refs/heads/isekai refs/remotes/isekai [2ms]
2024-11-29 06:30:20.104 [info] > git for-each-ref --sort -committerdate --format %(refname) %(objectname) %(*objectname) [3ms]
2024-11-29 06:30:20.123 [info] > git status -z -uall [27ms]
2024-11-29 07:50:59.349 [info] > git config --get commit.template [6ms]
2024-11-29 07:50:59.350 [info] > git for-each-ref --format=%(refname)%00%(upstream:short)%00%(objectname)%00%(upstream:track)%00%(upstream:remotename)%00%(upstream:remoteref) refs/heads/isekai refs/remotes/isekai [2ms]
2024-11-29 07:50:59.362 [info] > git for-each-ref --sort -committerdate --format %(refname) %(objectname) %(*objectname) [3ms]
2024-11-29 07:50:59.386 [info] > git status -z -uall [32ms]
2024-11-29 07:51:04.432 [info] > git config --get commit.template [4ms]
2024-11-29 07:51:04.433 [info] > git for-each-ref --format=%(refname)%00%(upstream:short)%00%(objectname)%00%(upstream:track)%00%(upstream:remotename)%00%(upstream:remoteref) refs/heads/isekai refs/remotes/isekai [2ms]
2024-11-29 07:51:04.442 [info] > git for-each-ref --sort -committerdate --format %(refname) %(objectname) %(*objectname) [2ms]
2024-11-29 07:51:04.461 [info] > git status -z -uall [24ms]
2024-11-29 07:53:14.821 [info] > git config --get commit.template [9ms]
2024-11-29 07:53:14.839 [info] > git for-each-ref --format=%(refname)%00%(upstream:short)%00%(objectname)%00%(upstream:track)%00%(upstream:remotename)%00%(upstream:remoteref) refs/heads/isekai refs/remotes/isekai [7ms]
2024-11-29 07:53:14.864 [info] > git for-each-ref --sort -committerdate --format %(refname) %(objectname) %(*objectname) [9ms]
2024-11-29 07:53:14.906 [info] > git status -z -uall [60ms]
2024-11-29 07:53:19.949 [info] > git config --get commit.template [5ms]
2024-11-29 07:53:19.949 [info] > git for-each-ref --format=%(refname)%00%(upstream:short)%00%(objectname)%00%(upstream:track)%00%(upstream:remotename)%00%(upstream:remoteref) refs/heads/isekai refs/remotes/isekai [2ms]
2024-11-29 07:53:19.987 [info] > git for-each-ref --sort -committerdate --format %(refname) %(objectname) %(*objectname) [30ms]
2024-11-29 07:53:20.032 [info] > git status -z -uall [78ms]
2024-11-29 07:53:25.076 [info] > git config --get commit.template [4ms]
2024-11-29 07:53:25.076 [info] > git for-each-ref --format=%(refname)%00%(upstream:short)%00%(objectname)%00%(upstream:track)%00%(upstream:remotename)%00%(upstream:remoteref) refs/heads/isekai refs/remotes/isekai [1ms]
2024-11-29 07:53:25.087 [info] > git for-each-ref --sort -committerdate --format %(refname) %(objectname) %(*objectname) [3ms]
2024-11-29 07:53:25.105 [info] > git status -z -uall [25ms]
2024-11-29 07:54:27.088 [info] > git show --textconv :paiementcb_apercu.php [5ms]
2024-11-29 07:54:27.089 [info] > git ls-files --stage -- /var/www/html/paiementcb_apercu.php [2ms]
2024-11-29 07:54:27.095 [info] > git cat-file -s 942476914abb2c5d989c34feca3b44bc1fadc649 [2ms]
2024-11-29 07:54:42.517 [info] > git show --textconv :paiement.php [5ms]
2024-11-29 07:54:42.518 [info] > git ls-files --stage -- /var/www/html/paiement.php [1ms]
2024-11-29 07:54:42.522 [info] > git cat-file -s 8953004af0fb8ec841469cb50fd423254212bddf [1ms]
2024-11-29 07:55:19.597 [info] > git config --get commit.template [6ms]
2024-11-29 07:55:19.598 [info] > git for-each-ref --format=%(refname)%00%(upstream:short)%00%(objectname)%00%(upstream:track)%00%(upstream:remotename)%00%(upstream:remoteref) refs/heads/isekai refs/remotes/isekai [2ms]
2024-11-29 07:55:19.651 [info] > git for-each-ref --sort -committerdate --format %(refname) %(objectname) %(*objectname) [5ms]
2024-11-29 07:55:19.683 [info] > git status -z -uall [52ms]
2024-11-29 07:55:26.602 [info] > git config --get commit.template [3ms]
2024-11-29 07:55:26.602 [info] > git for-each-ref --format=%(refname)%00%(upstream:short)%00%(objectname)%00%(upstream:track)%00%(upstream:remotename)%00%(upstream:remoteref) refs/heads/isekai refs/remotes/isekai [1ms]
2024-11-29 07:55:26.610 [info] > git for-each-ref --sort -committerdate --format %(refname) %(objectname) %(*objectname) [2ms]
2024-11-29 07:55:26.631 [info] > git status -z -uall [26ms]
2024-11-29 07:55:31.685 [info] > git config --get commit.template [7ms]
2024-11-29 07:55:31.685 [info] > git for-each-ref --format=%(refname)%00%(upstream:short)%00%(objectname)%00%(upstream:track)%00%(upstream:remotename)%00%(upstream:remoteref) refs/heads/isekai refs/remotes/isekai [2ms]
2024-11-29 07:55:31.696 [info] > git for-each-ref --sort -committerdate --format %(refname) %(objectname) %(*objectname) [2ms]
2024-11-29 07:55:31.720 [info] > git status -z -uall [31ms]
2024-11-29 07:55:35.724 [info] > git show --textconv :re_edit_resilier.php [5ms]
2024-11-29 07:55:35.725 [info] > git ls-files --stage -- /var/www/html/re_edit_resilier.php [3ms]
2024-11-29 07:55:35.739 [info] > git cat-file -s 1c462bcdf6d66532254a57809521c1b80608f3a3 [10ms]
2024-11-29 07:55:36.836 [info] > git config --get commit.template [4ms]
2024-11-29 07:55:36.837 [info] > git for-each-ref --format=%(refname)%00%(upstream:short)%00%(objectname)%00%(upstream:track)%00%(upstream:remotename)%00%(upstream:remoteref) refs/heads/isekai refs/remotes/isekai [1ms]
2024-11-29 07:55:36.849 [info] > git for-each-ref --sort -committerdate --format %(refname) %(objectname) %(*objectname) [3ms]
2024-11-29 07:55:36.869 [info] > git status -z -uall [28ms]
2024-11-29 07:55:41.903 [info] > git config --get commit.template [4ms]
2024-11-29 07:55:41.904 [info] > git for-each-ref --format=%(refname)%00%(upstream:short)%00%(objectname)%00%(upstream:track)%00%(upstream:remotename)%00%(upstream:remoteref) refs/heads/isekai refs/remotes/isekai [1ms]
2024-11-29 07:55:41.915 [info] > git for-each-ref --sort -committerdate --format %(refname) %(objectname) %(*objectname) [3ms]
2024-11-29 07:55:41.939 [info] > git status -z -uall [31ms]
2024-11-29 07:55:47.977 [info] > git show --textconv :paiement.php [5ms]
2024-11-29 07:55:47.978 [info] > git ls-files --stage -- /var/www/html/paiement.php [2ms]
2024-11-29 07:55:47.985 [info] > git cat-file -s 8953004af0fb8ec841469cb50fd423254212bddf [2ms]
2024-11-29 07:55:49.351 [info] > git config --get commit.template [6ms]
2024-11-29 07:55:49.352 [info] > git for-each-ref --format=%(refname)%00%(upstream:short)%00%(objectname)%00%(upstream:track)%00%(upstream:remotename)%00%(upstream:remoteref) refs/heads/isekai refs/remotes/isekai [2ms]
2024-11-29 07:55:49.363 [info] > git for-each-ref --sort -committerdate --format %(refname) %(objectname) %(*objectname) [3ms]
2024-11-29 07:55:49.381 [info] > git status -z -uall [25ms]
2024-11-29 07:55:49.723 [info] > git show --textconv :re_edit_resilier.php [5ms]
2024-11-29 07:55:49.724 [info] > git ls-files --stage -- /var/www/html/re_edit_resilier.php [1ms]
2024-11-29 07:55:49.734 [info] > git cat-file -s 1c462bcdf6d66532254a57809521c1b80608f3a3 [6ms]
2024-11-29 07:55:59.586 [info] > git show --textconv :paiementcb_apercu.php [5ms]
2024-11-29 07:55:59.588 [info] > git ls-files --stage -- /var/www/html/paiementcb_apercu.php [1ms]
2024-11-29 07:55:59.592 [info] > git cat-file -s 942476914abb2c5d989c34feca3b44bc1fadc649 [1ms]
2024-11-29 07:56:30.117 [info] > git show --textconv :paiement_apercu.php [4ms]
2024-11-29 07:56:30.118 [info] > git ls-files --stage -- /var/www/html/paiement_apercu.php [2ms]
2024-11-29 07:56:30.123 [info] > git cat-file -s e1d82996c530c03268faececa78baa4c787c1ba0 [1ms]
2024-11-29 07:57:12.751 [info] > git config --get commit.template [5ms]
2024-11-29 07:57:12.752 [info] > git for-each-ref --format=%(refname)%00%(upstream:short)%00%(objectname)%00%(upstream:track)%00%(upstream:remotename)%00%(upstream:remoteref) refs/heads/isekai refs/remotes/isekai [2ms]
2024-11-29 07:57:12.763 [info] > git for-each-ref --sort -committerdate --format %(refname) %(objectname) %(*objectname) [3ms]
2024-11-29 07:57:12.785 [info] > git status -z -uall [29ms]
2024-11-29 07:57:18.776 [info] > git config --get commit.template [4ms]
2024-11-29 07:57:18.776 [info] > git for-each-ref --format=%(refname)%00%(upstream:short)%00%(objectname)%00%(upstream:track)%00%(upstream:remotename)%00%(upstream:remoteref) refs/heads/isekai refs/remotes/isekai [2ms]
2024-11-29 07:57:18.787 [info] > git for-each-ref --sort -committerdate --format %(refname) %(objectname) %(*objectname) [2ms]
2024-11-29 07:57:18.808 [info] > git status -z -uall [27ms]
2024-11-29 07:57:23.853 [info] > git config --get commit.template [3ms]
2024-11-29 07:57:23.854 [info] > git for-each-ref --format=%(refname)%00%(upstream:short)%00%(objectname)%00%(upstream:track)%00%(upstream:remotename)%00%(upstream:remoteref) refs/heads/isekai refs/remotes/isekai [2ms]
2024-11-29 07:57:23.861 [info] > git for-each-ref --sort -committerdate --format %(refname) %(objectname) %(*objectname) [2ms]
2024-11-29 07:57:23.882 [info] > git status -z -uall [25ms]
2024-11-29 07:57:28.956 [info] > git config --get commit.template [6ms]
2024-11-29 07:57:28.956 [info] > git for-each-ref --format=%(refname)%00%(upstream:short)%00%(objectname)%00%(upstream:track)%00%(upstream:remotename)%00%(upstream:remoteref) refs/heads/isekai refs/remotes/isekai [2ms]
2024-11-29 07:57:28.969 [info] > git for-each-ref --sort -committerdate --format %(refname) %(objectname) %(*objectname) [3ms]
2024-11-29 07:57:29.000 [info] > git status -z -uall [39ms]
2024-11-29 07:57:34.136 [info] > git config --get commit.template [25ms]
2024-11-29 07:57:34.146 [info] > git for-each-ref --format=%(refname)%00%(upstream:short)%00%(objectname)%00%(upstream:track)%00%(upstream:remotename)%00%(upstream:remoteref) refs/heads/isekai refs/remotes/isekai [1ms]
2024-11-29 07:57:34.203 [info] > git status -z -uall [33ms]
2024-11-29 07:57:34.203 [info] > git for-each-ref --sort -committerdate --format %(refname) %(objectname) %(*objectname) [30ms]
2024-11-29 08:00:11.938 [info] > git show --textconv :paiement_save.php [8ms]
2024-11-29 08:00:11.940 [info] > git ls-files --stage -- /var/www/html/paiement_save.php [2ms]
2024-11-29 08:00:11.947 [info] > git cat-file -s 172d97afd226dabfb2d1cc6c2d6a22da57e6a626 [2ms]
2024-11-29 08:03:19.039 [info] > git config --get commit.template [4ms]
2024-11-29 08:03:19.039 [info] > git for-each-ref --format=%(refname)%00%(upstream:short)%00%(objectname)%00%(upstream:track)%00%(upstream:remotename)%00%(upstream:remoteref) refs/heads/isekai refs/remotes/isekai [2ms]
2024-11-29 08:03:19.048 [info] > git for-each-ref --sort -committerdate --format %(refname) %(objectname) %(*objectname) [2ms]
2024-11-29 08:03:19.069 [info] > git status -z -uall [26ms]
2024-11-29 08:13:26.555 [info] > git config --get commit.template [31ms]
2024-11-29 08:13:26.563 [info] > git for-each-ref --format=%(refname)%00%(upstream:short)%00%(objectname)%00%(upstream:track)%00%(upstream:remotename)%00%(upstream:remoteref) refs/heads/isekai refs/remotes/isekai [9ms]
2024-11-29 08:13:26.591 [info] > git for-each-ref --sort -committerdate --format %(refname) %(objectname) %(*objectname) [11ms]
2024-11-29 08:13:26.625 [info] > git status -z -uall [51ms]
2024-11-29 08:13:31.658 [info] > git config --get commit.template [3ms]
2024-11-29 08:13:31.658 [info] > git for-each-ref --format=%(refname)%00%(upstream:short)%00%(objectname)%00%(upstream:track)%00%(upstream:remotename)%00%(upstream:remoteref) refs/heads/isekai refs/remotes/isekai [2ms]
2024-11-29 08:13:31.667 [info] > git for-each-ref --sort -committerdate --format %(refname) %(objectname) %(*objectname) [2ms]
2024-11-29 08:13:31.687 [info] > git status -z -uall [26ms]
2024-11-29 08:19:15.596 [info] > git config --get commit.template [5ms]
2024-11-29 08:19:15.596 [info] > git for-each-ref --format=%(refname)%00%(upstream:short)%00%(objectname)%00%(upstream:track)%00%(upstream:remotename)%00%(upstream:remoteref) refs/heads/isekai refs/remotes/isekai [2ms]
2024-11-29 08:19:15.611 [info] > git for-each-ref --sort -committerdate --format %(refname) %(objectname) %(*objectname) [5ms]
2024-11-29 08:19:15.631 [info] > git status -z -uall [31ms]
2024-11-29 08:19:20.676 [info] > git config --get commit.template [13ms]
2024-11-29 08:19:20.691 [info] > git for-each-ref --format=%(refname)%00%(upstream:short)%00%(objectname)%00%(upstream:track)%00%(upstream:remotename)%00%(upstream:remoteref) refs/heads/isekai refs/remotes/isekai [9ms]
2024-11-29 08:19:20.740 [info] > git for-each-ref --sort -committerdate --format %(refname) %(objectname) %(*objectname) [16ms]
2024-11-29 08:19:20.752 [info] > git status -z -uall [39ms]
2024-11-29 08:19:25.784 [info] > git config --get commit.template [3ms]
2024-11-29 08:19:25.784 [info] > git for-each-ref --format=%(refname)%00%(upstream:short)%00%(objectname)%00%(upstream:track)%00%(upstream:remotename)%00%(upstream:remoteref) refs/heads/isekai refs/remotes/isekai [1ms]
2024-11-29 08:19:25.793 [info] > git for-each-ref --sort -committerdate --format %(refname) %(objectname) %(*objectname) [2ms]
2024-11-29 08:19:25.812 [info] > git status -z -uall [25ms]
2024-11-29 08:20:22.247 [info] > git config --get commit.template [7ms]
2024-11-29 08:20:22.247 [info] > git for-each-ref --format=%(refname)%00%(upstream:short)%00%(objectname)%00%(upstream:track)%00%(upstream:remotename)%00%(upstream:remoteref) refs/heads/isekai refs/remotes/isekai [2ms]
2024-11-29 08:20:22.330 [info] > git for-each-ref --sort -committerdate --format %(refname) %(objectname) %(*objectname) [16ms]
2024-11-29 08:20:22.351 [info] > git status -z -uall [61ms]
2024-11-29 08:20:27.390 [info] > git config --get commit.template [4ms]
2024-11-29 08:20:27.390 [info] > git for-each-ref --format=%(refname)%00%(upstream:short)%00%(objectname)%00%(upstream:track)%00%(upstream:remotename)%00%(upstream:remoteref) refs/heads/isekai refs/remotes/isekai [1ms]
2024-11-29 08:20:27.400 [info] > git for-each-ref --sort -committerdate --format %(refname) %(objectname) %(*objectname) [2ms]
2024-11-29 08:20:27.421 [info] > git status -z -uall [27ms]
2024-11-29 08:20:32.456 [info] > git config --get commit.template [5ms]
2024-11-29 08:20:32.457 [info] > git for-each-ref --format=%(refname)%00%(upstream:short)%00%(objectname)%00%(upstream:track)%00%(upstream:remotename)%00%(upstream:remoteref) refs/heads/isekai refs/remotes/isekai [2ms]
2024-11-29 08:20:32.471 [info] > git for-each-ref --sort -committerdate --format %(refname) %(objectname) %(*objectname) [7ms]
2024-11-29 08:20:32.499 [info] > git status -z -uall [39ms]
2024-11-29 08:20:37.583 [info] > git config --get commit.template [15ms]
2024-11-29 08:20:37.620 [info] > git for-each-ref --format=%(refname)%00%(upstream:short)%00%(objectname)%00%(upstream:track)%00%(upstream:remotename)%00%(upstream:remoteref) refs/heads/isekai refs/remotes/isekai [14ms]
2024-11-29 08:20:37.647 [info] > git for-each-ref --sort -committerdate --format %(refname) %(objectname) %(*objectname) [3ms]
2024-11-29 08:20:37.666 [info] > git status -z -uall [26ms]
2024-11-29 08:20:51.658 [info] > git config --get commit.template [3ms]
2024-11-29 08:20:51.658 [info] > git for-each-ref --format=%(refname)%00%(upstream:short)%00%(objectname)%00%(upstream:track)%00%(upstream:remotename)%00%(upstream:remoteref) refs/heads/isekai refs/remotes/isekai [1ms]
2024-11-29 08:20:51.668 [info] > git for-each-ref --sort -committerdate --format %(refname) %(objectname) %(*objectname) [3ms]
2024-11-29 08:20:51.694 [info] > git status -z -uall [32ms]
2024-11-29 08:20:56.726 [info] > git config --get commit.template [1ms]
2024-11-29 08:20:56.733 [info] > git for-each-ref --format=%(refname)%00%(upstream:short)%00%(objectname)%00%(upstream:track)%00%(upstream:remotename)%00%(upstream:remoteref) refs/heads/isekai refs/remotes/isekai [2ms]
2024-11-29 08:20:56.745 [info] > git for-each-ref --sort -committerdate --format %(refname) %(objectname) %(*objectname) [2ms]
2024-11-29 08:20:56.766 [info] > git status -z -uall [27ms]
2024-11-29 08:21:01.802 [info] > git config --get commit.template [4ms]
2024-11-29 08:21:01.803 [info] > git for-each-ref --format=%(refname)%00%(upstream:short)%00%(objectname)%00%(upstream:track)%00%(upstream:remotename)%00%(upstream:remoteref) refs/heads/isekai refs/remotes/isekai [3ms]
2024-11-29 08:21:01.812 [info] > git for-each-ref --sort -committerdate --format %(refname) %(objectname) %(*objectname) [2ms]
2024-11-29 08:21:01.832 [info] > git status -z -uall [26ms]
2024-11-29 08:21:06.867 [info] > git config --get commit.template [5ms]
2024-11-29 08:21:06.867 [info] > git for-each-ref --format=%(refname)%00%(upstream:short)%00%(objectname)%00%(upstream:track)%00%(upstream:remotename)%00%(upstream:remoteref) refs/heads/isekai refs/remotes/isekai [2ms]
2024-11-29 08:21:06.881 [info] > git for-each-ref --sort -committerdate --format %(refname) %(objectname) %(*objectname) [3ms]
2024-11-29 08:21:06.907 [info] > git status -z -uall [34ms]
2024-11-29 08:22:20.882 [info] > git config --get commit.template [6ms]
2024-11-29 08:22:20.883 [info] > git for-each-ref --format=%(refname)%00%(upstream:short)%00%(objectname)%00%(upstream:track)%00%(upstream:remotename)%00%(upstream:remoteref) refs/heads/isekai refs/remotes/isekai [2ms]
2024-11-29 08:22:20.896 [info] > git for-each-ref --sort -committerdate --format %(refname) %(objectname) %(*objectname) [3ms]
2024-11-29 08:22:20.916 [info] > git status -z -uall [27ms]
2024-11-29 08:22:25.953 [info] > git config --get commit.template [5ms]
2024-11-29 08:22:25.954 [info] > git for-each-ref --format=%(refname)%00%(upstream:short)%00%(objectname)%00%(upstream:track)%00%(upstream:remotename)%00%(upstream:remoteref) refs/heads/isekai refs/remotes/isekai [2ms]
2024-11-29 08:22:25.965 [info] > git for-each-ref --sort -committerdate --format %(refname) %(objectname) %(*objectname) [3ms]
2024-11-29 08:22:26.011 [info] > git status -z -uall [53ms]
2024-11-29 08:22:31.768 [info] > git config --get commit.template [4ms]
2024-11-29 08:22:31.769 [info] > git for-each-ref --format=%(refname)%00%(upstream:short)%00%(objectname)%00%(upstream:track)%00%(upstream:remotename)%00%(upstream:remoteref) refs/heads/isekai refs/remotes/isekai [2ms]
2024-11-29 08:22:31.779 [info] > git for-each-ref --sort -committerdate --format %(refname) %(objectname) %(*objectname) [2ms]
2024-11-29 08:22:31.811 [info] > git status -z -uall [39ms]
2024-11-29 08:22:36.887 [info] > git config --get commit.template [2ms]
2024-11-29 08:22:36.925 [info] > git for-each-ref --format=%(refname)%00%(upstream:short)%00%(objectname)%00%(upstream:track)%00%(upstream:remotename)%00%(upstream:remoteref) refs/heads/isekai refs/remotes/isekai [15ms]
2024-11-29 08:22:36.954 [info] > git for-each-ref --sort -committerdate --format %(refname) %(objectname) %(*objectname) [15ms]
2024-11-29 08:22:37.012 [info] > git status -z -uall [80ms]
2024-11-29 08:30:39.422 [info] > git for-each-ref --format=%(refname)%00%(upstream:short)%00%(objectname)%00%(upstream:track)%00%(upstream:remotename)%00%(upstream:remoteref) refs/heads/isekai refs/remotes/isekai [3ms]
2024-11-29 08:30:39.423 [info] > git config --get commit.template [8ms]
2024-11-29 08:30:39.446 [info] > git for-each-ref --sort -committerdate --format %(refname) %(objectname) %(*objectname) [11ms]
2024-11-29 08:30:39.516 [info] > git status -z -uall [88ms]
2024-11-29 08:32:39.932 [info] > git config --get commit.template [9ms]
2024-11-29 08:32:39.939 [info] > git for-each-ref --format=%(refname)%00%(upstream:short)%00%(objectname)%00%(upstream:track)%00%(upstream:remotename)%00%(upstream:remoteref) refs/heads/isekai refs/remotes/isekai [9ms]
2024-11-29 08:32:39.971 [info] > git for-each-ref --sort -committerdate --format %(refname) %(objectname) %(*objectname) [9ms]
2024-11-29 08:32:40.002 [info] > git status -z -uall [55ms]
2024-11-29 08:38:08.370 [info] > git config --get commit.template [2ms]
2024-11-29 08:38:08.377 [info] > git for-each-ref --format=%(refname)%00%(upstream:short)%00%(objectname)%00%(upstream:track)%00%(upstream:remotename)%00%(upstream:remoteref) refs/heads/isekai refs/remotes/isekai [3ms]
2024-11-29 08:38:08.394 [info] > git for-each-ref --sort -committerdate --format %(refname) %(objectname) %(*objectname) [9ms]
2024-11-29 08:38:08.409 [info] > git status -z -uall [28ms]
2024-11-29 08:39:39.165 [info] > git config --get commit.template [1ms]
2024-11-29 08:39:39.182 [info] > git for-each-ref --format=%(refname)%00%(upstream:short)%00%(objectname)%00%(upstream:track)%00%(upstream:remotename)%00%(upstream:remoteref) refs/heads/isekai refs/remotes/isekai [11ms]
2024-11-29 08:39:39.222 [info] > git for-each-ref --sort -committerdate --format %(refname) %(objectname) %(*objectname) [20ms]
2024-11-29 08:39:39.235 [info] > git status -z -uall [37ms]
2024-11-29 08:39:44.285 [info] > git config --get commit.template [4ms]
2024-11-29 08:39:44.285 [info] > git for-each-ref --format=%(refname)%00%(upstream:short)%00%(objectname)%00%(upstream:track)%00%(upstream:remotename)%00%(upstream:remoteref) refs/heads/isekai refs/remotes/isekai [1ms]
2024-11-29 08:39:44.293 [info] > git for-each-ref --sort -committerdate --format %(refname) %(objectname) %(*objectname) [2ms]
2024-11-29 08:39:44.314 [info] > git status -z -uall [26ms]
2024-11-29 08:41:21.872 [info] > git config --get commit.template [5ms]
2024-11-29 08:41:21.872 [info] > git for-each-ref --format=%(refname)%00%(upstream:short)%00%(objectname)%00%(upstream:track)%00%(upstream:remotename)%00%(upstream:remoteref) refs/heads/isekai refs/remotes/isekai [2ms]
2024-11-29 08:41:21.884 [info] > git for-each-ref --sort -committerdate --format %(refname) %(objectname) %(*objectname) [3ms]
2024-11-29 08:41:21.904 [info] > git status -z -uall [27ms]
2024-11-29 08:42:43.388 [info] > git config --get commit.template [31ms]
2024-11-29 08:42:43.388 [info] > git for-each-ref --format=%(refname)%00%(upstream:short)%00%(objectname)%00%(upstream:track)%00%(upstream:remotename)%00%(upstream:remoteref) refs/heads/isekai refs/remotes/isekai [28ms]
2024-11-29 08:42:43.428 [info] > git for-each-ref --sort -committerdate --format %(refname) %(objectname) %(*objectname) [14ms]
2024-11-29 08:42:43.452 [info] > git status -z -uall [42ms]
2024-11-29 08:42:48.492 [info] > git config --get commit.template [6ms]
2024-11-29 08:42:48.492 [info] > git for-each-ref --format=%(refname)%00%(upstream:short)%00%(objectname)%00%(upstream:track)%00%(upstream:remotename)%00%(upstream:remoteref) refs/heads/isekai refs/remotes/isekai [1ms]
2024-11-29 08:42:48.502 [info] > git for-each-ref --sort -committerdate --format %(refname) %(objectname) %(*objectname) [2ms]
2024-11-29 08:42:48.523 [info] > git status -z -uall [28ms]
2024-11-29 08:44:18.188 [info] > git config --get commit.template [5ms]
2024-11-29 08:44:18.188 [info] > git for-each-ref --format=%(refname)%00%(upstream:short)%00%(objectname)%00%(upstream:track)%00%(upstream:remotename)%00%(upstream:remoteref) refs/heads/isekai refs/remotes/isekai [2ms]
2024-11-29 08:44:18.200 [info] > git for-each-ref --sort -committerdate --format %(refname) %(objectname) %(*objectname) [2ms]
2024-11-29 08:44:18.220 [info] > git status -z -uall [27ms]
2024-11-29 08:44:36.972 [info] > git config --get commit.template [7ms]
2024-11-29 08:44:36.974 [info] > git for-each-ref --format=%(refname)%00%(upstream:short)%00%(objectname)%00%(upstream:track)%00%(upstream:remotename)%00%(upstream:remoteref) refs/heads/isekai refs/remotes/isekai [4ms]
2024-11-29 08:44:36.992 [info] > git for-each-ref --sort -committerdate --format %(refname) %(objectname) %(*objectname) [5ms]
2024-11-29 08:44:37.044 [info] > git status -z -uall [62ms]
2024-11-29 08:45:08.774 [info] > git config --get commit.template [7ms]
2024-11-29 08:45:08.774 [info] > git for-each-ref --format=%(refname)%00%(upstream:short)%00%(objectname)%00%(upstream:track)%00%(upstream:remotename)%00%(upstream:remoteref) refs/heads/isekai refs/remotes/isekai [2ms]
2024-11-29 08:45:08.787 [info] > git for-each-ref --sort -committerdate --format %(refname) %(objectname) %(*objectname) [2ms]
2024-11-29 08:45:08.804 [info] > git status -z -uall [24ms]
2024-11-29 08:45:13.842 [info] > git config --get commit.template [4ms]
2024-11-29 08:45:13.843 [info] > git for-each-ref --format=%(refname)%00%(upstream:short)%00%(objectname)%00%(upstream:track)%00%(upstream:remotename)%00%(upstream:remoteref) refs/heads/isekai refs/remotes/isekai [2ms]
2024-11-29 08:45:13.853 [info] > git for-each-ref --sort -committerdate --format %(refname) %(objectname) %(*objectname) [3ms]
2024-11-29 08:45:13.873 [info] > git status -z -uall [26ms]
2024-11-29 08:45:18.909 [info] > git config --get commit.template [4ms]
2024-11-29 08:45:18.909 [info] > git for-each-ref --format=%(refname)%00%(upstream:short)%00%(objectname)%00%(upstream:track)%00%(upstream:remotename)%00%(upstream:remoteref) refs/heads/isekai refs/remotes/isekai [1ms]
2024-11-29 08:45:18.935 [info] > git for-each-ref --sort -committerdate --format %(refname) %(objectname) %(*objectname) [20ms]
2024-11-29 08:45:18.988 [info] > git status -z -uall [76ms]
2024-11-29 08:45:25.730 [info] > git config --get commit.template [6ms]
2024-11-29 08:45:25.731 [info] > git for-each-ref --format=%(refname)%00%(upstream:short)%00%(objectname)%00%(upstream:track)%00%(upstream:remotename)%00%(upstream:remoteref) refs/heads/isekai refs/remotes/isekai [2ms]
2024-11-29 08:45:25.741 [info] > git for-each-ref --sort -committerdate --format %(refname) %(objectname) %(*objectname) [3ms]
2024-11-29 08:45:25.768 [info] > git status -z -uall [34ms]
2024-11-29 08:45:27.747 [info] > git show --textconv :co_affichage.php [4ms]
2024-11-29 08:45:27.748 [info] > git ls-files --stage -- /var/www/html/co_affichage.php [3ms]
2024-11-29 08:45:27.755 [info] > git cat-file -s a726601ae81d345250b89cd4af93f03d72124fdb [3ms]
2024-11-29 08:45:27.768 [info] > git check-ignore -v -z --stdin [1ms]
2024-11-29 08:45:41.152 [info] > git config --get commit.template [5ms]
2024-11-29 08:45:41.152 [info] > git for-each-ref --format=%(refname)%00%(upstream:short)%00%(objectname)%00%(upstream:track)%00%(upstream:remotename)%00%(upstream:remoteref) refs/heads/isekai refs/remotes/isekai [2ms]
2024-11-29 08:45:41.161 [info] > git for-each-ref --sort -committerdate --format %(refname) %(objectname) %(*objectname) [3ms]
2024-11-29 08:45:41.180 [info] > git status -z -uall [25ms]
2024-11-29 08:45:51.856 [info] > git config --get commit.template [15ms]
2024-11-29 08:45:51.864 [info] > git for-each-ref --format=%(refname)%00%(upstream:short)%00%(objectname)%00%(upstream:track)%00%(upstream:remotename)%00%(upstream:remoteref) refs/heads/isekai refs/remotes/isekai [3ms]
2024-11-29 08:45:51.876 [info] > git for-each-ref --sort -committerdate --format %(refname) %(objectname) %(*objectname) [3ms]
2024-11-29 08:45:51.901 [info] > git status -z -uall [32ms]
2024-11-29 08:45:56.933 [info] > git config --get commit.template [4ms]
2024-11-29 08:45:56.934 [info] > git for-each-ref --format=%(refname)%00%(upstream:short)%00%(objectname)%00%(upstream:track)%00%(upstream:remotename)%00%(upstream:remoteref) refs/heads/isekai refs/remotes/isekai [2ms]
2024-11-29 08:45:56.946 [info] > git for-each-ref --sort -committerdate --format %(refname) %(objectname) %(*objectname) [3ms]
2024-11-29 08:45:56.962 [info] > git status -z -uall [25ms]
2024-11-29 08:46:01.997 [info] > git config --get commit.template [5ms]
2024-11-29 08:46:01.998 [info] > git for-each-ref --format=%(refname)%00%(upstream:short)%00%(objectname)%00%(upstream:track)%00%(upstream:remotename)%00%(upstream:remoteref) refs/heads/isekai refs/remotes/isekai [2ms]
2024-11-29 08:46:02.011 [info] > git for-each-ref --sort -committerdate --format %(refname) %(objectname) %(*objectname) [4ms]
2024-11-29 08:46:02.030 [info] > git status -z -uall [27ms]
2024-11-29 08:46:07.148 [info] > git config --get commit.template [20ms]
2024-11-29 08:46:07.167 [info] > git for-each-ref --format=%(refname)%00%(upstream:short)%00%(objectname)%00%(upstream:track)%00%(upstream:remotename)%00%(upstream:remoteref) refs/heads/isekai refs/remotes/isekai [13ms]
2024-11-29 08:46:07.216 [info] > git status -z -uall [31ms]
2024-11-29 08:46:07.217 [info] > git for-each-ref --sort -committerdate --format %(refname) %(objectname) %(*objectname) [27ms]
2024-11-29 08:46:12.279 [info] > git config --get commit.template [27ms]
2024-11-29 08:46:12.298 [info] > git for-each-ref --format=%(refname)%00%(upstream:short)%00%(objectname)%00%(upstream:track)%00%(upstream:remotename)%00%(upstream:remoteref) refs/heads/isekai refs/remotes/isekai [11ms]
2024-11-29 08:46:12.319 [info] > git for-each-ref --sort -committerdate --format %(refname) %(objectname) %(*objectname) [10ms]
2024-11-29 08:46:12.366 [info] > git status -z -uall [62ms]
2024-11-29 08:46:26.213 [info] > git config --get commit.template [4ms]
2024-11-29 08:46:26.213 [info] > git for-each-ref --format=%(refname)%00%(upstream:short)%00%(objectname)%00%(upstream:track)%00%(upstream:remotename)%00%(upstream:remoteref) refs/heads/isekai refs/remotes/isekai [2ms]
2024-11-29 08:46:26.223 [info] > git for-each-ref --sort -committerdate --format %(refname) %(objectname) %(*objectname) [2ms]
2024-11-29 08:46:26.242 [info] > git status -z -uall [25ms]
2024-11-29 08:46:27.012 [info] > git show --textconv :paiement_apercu.php [3ms]
2024-11-29 08:46:27.013 [info] > git ls-files --stage -- /var/www/html/paiement_apercu.php [1ms]
2024-11-29 08:46:27.018 [info] > git cat-file -s e1d82996c530c03268faececa78baa4c787c1ba0 [1ms]
2024-11-29 08:46:58.211 [info] > git config --get commit.template [6ms]
2024-11-29 08:46:58.212 [info] > git for-each-ref --format=%(refname)%00%(upstream:short)%00%(objectname)%00%(upstream:track)%00%(upstream:remotename)%00%(upstream:remoteref) refs/heads/isekai refs/remotes/isekai [3ms]
2024-11-29 08:46:58.259 [info] > git for-each-ref --sort -committerdate --format %(refname) %(objectname) %(*objectname) [31ms]
2024-11-29 08:46:58.334 [info] > git status -z -uall [117ms]
2024-11-29 08:47:21.249 [info] > git config --get commit.template [9ms]
2024-11-29 08:47:21.255 [info] > git for-each-ref --format=%(refname)%00%(upstream:short)%00%(objectname)%00%(upstream:track)%00%(upstream:remotename)%00%(upstream:remoteref) refs/heads/isekai refs/remotes/isekai [6ms]
2024-11-29 08:47:21.272 [info] > git for-each-ref --sort -committerdate --format %(refname) %(objectname) %(*objectname) [4ms]
2024-11-29 08:47:21.293 [info] > git status -z -uall [32ms]
2024-11-29 08:47:41.243 [info] > git config --get commit.template [3ms]
2024-11-29 08:47:41.255 [info] > git for-each-ref --format=%(refname)%00%(upstream:short)%00%(objectname)%00%(upstream:track)%00%(upstream:remotename)%00%(upstream:remoteref) refs/heads/isekai refs/remotes/isekai [13ms]
2024-11-29 08:47:41.290 [info] > git for-each-ref --sort -committerdate --format %(refname) %(objectname) %(*objectname) [13ms]
2024-11-29 08:47:41.326 [info] > git status -z -uall [61ms]
2024-11-29 08:48:09.266 [info] > git config --get commit.template [12ms]
2024-11-29 08:48:09.271 [info] > git for-each-ref --format=%(refname)%00%(upstream:short)%00%(objectname)%00%(upstream:track)%00%(upstream:remotename)%00%(upstream:remoteref) refs/heads/isekai refs/remotes/isekai [5ms]
2024-11-29 08:48:09.303 [info] > git for-each-ref --sort -committerdate --format %(refname) %(objectname) %(*objectname) [3ms]
2024-11-29 08:48:09.394 [info] > git status -z -uall [115ms]
