["INFO" - 6:03:20 AM] Starting initialization
["INFO" - 6:03:20 AM] Starting fixer on currently open file
["INFO" - 6:03:20 AM] phpcs - Dispose diagnostic collection
["INFO" - 6:03:20 AM] phpcs - The document URI file:///var/www/html/fonction.php
["ERROR" - 6:03:20 AM] phpcs - Executable is set, but can not be found: "phpcs"
["INFO" - 6:03:20 AM] Starting file size
["INFO" - 6:03:23 AM] Document is saved - starting code sniffer
["INFO" - 6:03:23 AM] phpcs - Dispose diagnostic collection
["INFO" - 6:03:23 AM] phpcs - The document URI output:extension-output-StoilDobreff.php-resolver-%231-PHP%20Resolver
["ERROR" - 6:03:23 AM] phpcs - Executable is set, but can not be found: "phpcs"
["INFO" - 6:03:23 AM] Document is saved - loading file size
["INFO" - 6:03:35 AM] Switched to new file - starting code sniffer
["INFO" - 6:03:35 AM] phpcs - Dispose diagnostic collection
["INFO" - 6:03:35 AM] phpcs - The document URI file:///var/www/html/fonction.php
["ERROR" - 6:03:35 AM] phpcs - Executable is set, but can not be found: "phpcs"
["INFO" - 6:03:43 AM] Switched to new file - starting code sniffer
["INFO" - 6:03:43 AM] phpcs - Dispose diagnostic collection
["INFO" - 6:03:43 AM] phpcs - The document URI file:///var/www/html/fonction.php
["ERROR" - 6:03:43 AM] phpcs - Executable is set, but can not be found: "phpcs"
["INFO" - 6:04:54 AM] Switched to new file - starting code sniffer
["INFO" - 6:04:54 AM] phpcs - Dispose diagnostic collection
["INFO" - 6:04:54 AM] phpcs - The document URI file:///var/www/html/fonction.php
["ERROR" - 6:04:54 AM] phpcs - Executable is set, but can not be found: "phpcs"
["INFO" - 6:04:56 AM] Switched to new file - starting code sniffer
["INFO" - 6:04:56 AM] phpcs - Dispose diagnostic collection
["INFO" - 6:04:56 AM] phpcs - The document URI file:///var/www/html/fonction.php
["ERROR" - 6:04:56 AM] phpcs - Executable is set, but can not be found: "phpcs"
["INFO" - 6:05:04 AM] Beautifier path is changed - Removing old one
["INFO" - 6:05:04 AM] Beautifier path is set - beautifier is registered
["INFO" - 6:05:04 AM] Fixer path is set - php-cs-fixer is registered
["INFO" - 6:05:04 AM] Sniffer path is changed - Removing old Sniffer on change
["INFO" - 6:05:04 AM] Sniffer path is removed - Removing old Sniffer on save
["INFO" - 6:05:04 AM] Beautifier path is changed - Removing old one
["INFO" - 6:05:04 AM] Beautifier path is set - beautifier is registered
["INFO" - 6:05:04 AM] Fixer path is set - php-cs-fixer is registered
["INFO" - 6:05:04 AM] Sniffer path is changed - Removing old Sniffer on change
["INFO" - 6:05:04 AM] Sniffer path is removed - Removing old Sniffer on save
