[Info  - 6:03:26 AM] PHP Language Server Started (PID: 27430)
[Info  - 6:03:26 AM] Parsing phar file /var/www/html/extensions/lkrms.pretty-php-0.4.79-universal/bin/pretty-php.phar ...
[Info  - 6:03:30 AM] Parsing phar file /var/www/html/extensions/devsense.phptools-vscode-1.53.16379-linux-x64/phpUnit/phpunit-6.5.12.phar ...
[Info  - 6:03:32 AM] Loaded 2 package(s) from cache in 00:00:00.0787445.
[Info  - 6:03:36 AM] Processing packages in /var/www/html/extensions/felixfbecker.php-intellisense-2.3.14-universal/vendor/composer/installed.json ...
[Info  - 6:03:40 AM] Processing done in 00:00:04.0484325.
[Info  - 6:03:43 AM] 2 file system change(s) ...
[Info  - 6:03:49 AM] 5 file system change(s) ...
[Info  - 6:04:29 AM] 2 file system change(s) ...
[Info  - 6:04:36 AM] 7 file system change(s) ...
[Info  - 6:04:40 AM] Storing package composer/xdebug-handler@1.3.3 cache ...
[Info  - 6:04:40 AM] Storing package felixfbecker/advanced-json-rpc@v3.0.4 cache ...
[Info  - 6:04:40 AM] Storing package felixfbecker/language-server@v5.4.6 cache ...
[Info  - 6:04:40 AM] Storing package felixfbecker/language-server-protocol@v1.4.0 cache ...
[Info  - 6:04:40 AM] Storing package microsoft/tolerant-php-parser@v0.0.18 cache ...
[Info  - 6:04:40 AM] Storing package netresearch/jsonmapper@v1.6.0 cache ...
[Info  - 6:04:40 AM] Storing package phpdocumentor/reflection-common@2.0.0 cache ...
[Info  - 6:04:41 AM] Storing package phpdocumentor/reflection-docblock@4.3.2 cache ...
[Info  - 6:04:41 AM] Storing package phpdocumentor/type-resolver@1.0.1 cache ...
[Info  - 6:04:41 AM] Storing package psr/log@1.1.0 cache ...
[Info  - 6:04:41 AM] Storing package sabre/event@5.0.3 cache ...
[Info  - 6:04:41 AM] Storing package sabre/uri@2.1.3 cache ...
[Info  - 6:04:41 AM] Storing package symfony/polyfill-ctype@v1.12.0 cache ...
[Info  - 6:04:41 AM] Storing package webmozart/assert@1.5.0 cache ...
[Info  - 6:04:41 AM] Storing package webmozart/glob@4.1.0 cache ...
[Info  - 6:04:41 AM] Storing package webmozart/path-util@2.3.0 cache ...
[Info  - 6:04:41 AM] 2 file system change(s) ...
[Info  - 6:04:44 AM] 4 file system change(s) ...
[Info  - 6:04:47 AM] 3 file system change(s) ...
[Info  - 6:04:54 AM] 2 file system change(s) ...
[Info  - 6:05:01 AM] 4 file system change(s) ...
[Info  - 6:05:04 AM] 3 file system change(s) ...
