2024-11-29 06:05:20.537 [info] [main] Log level: Info
2024-11-29 06:05:20.537 [info] [main] Validating found git in: "git"
2024-11-29 06:05:20.537 [info] [main] Using git "2.34.1" from "git"
2024-11-29 06:05:20.537 [info] [Model][doInitialScan] Initial repository scan started
2024-11-29 06:05:20.537 [info] > git rev-parse --show-toplevel [10ms]
2024-11-29 06:05:20.537 [info] > git rev-parse --git-dir --git-common-dir [0ms]
2024-11-29 06:05:20.537 [info] [Model][openRepository] Opened repository: /var/www/html
2024-11-29 06:05:20.537 [info] > git rev-parse --show-toplevel [5ms]
2024-11-29 06:05:20.538 [info] > git config --get commit.template [9ms]
2024-11-29 06:05:20.538 [info] > git for-each-ref --format=%(refname)%00%(upstream:short)%00%(objectname)%00%(upstream:track)%00%(upstream:remotename)%00%(upstream:remoteref) refs/heads/isekai refs/remotes/isekai [55ms]
2024-11-29 06:05:20.538 [info] > git rev-parse --show-toplevel [13ms]
2024-11-29 06:05:20.538 [info] > git rev-parse --show-toplevel [26ms]
2024-11-29 06:05:20.538 [info] > git for-each-ref --sort -committerdate --format %(refname) %(objectname) %(*objectname) [12ms]
2024-11-29 06:05:20.538 [info] > git rev-parse --show-toplevel [8ms]
2024-11-29 06:05:20.538 [info] > git rev-parse --show-toplevel [4ms]
2024-11-29 06:05:20.538 [info] > git rev-parse --show-toplevel [13ms]
2024-11-29 06:05:20.539 [info] > git rev-parse --show-toplevel [2ms]
2024-11-29 06:05:20.539 [info] > git status -z -uall [69ms]
2024-11-29 06:05:20.539 [info] > git rev-parse --show-toplevel [120ms]
2024-11-29 06:05:20.539 [info] > git for-each-ref --format=%(refname)%00%(upstream:short)%00%(objectname)%00%(upstream:track)%00%(upstream:remotename)%00%(upstream:remoteref) refs/heads/isekai refs/remotes/isekai [8ms]
2024-11-29 06:05:20.539 [info] > git config --get commit.template [11ms]
2024-11-29 06:05:20.539 [info] > git config --local branch.isekai.vscode-merge-base [12ms]
2024-11-29 06:05:20.539 [info] > git for-each-ref --format=%(refname)%00%(upstream:short)%00%(objectname)%00%(upstream:track)%00%(upstream:remotename)%00%(upstream:remoteref) refs/heads/origin/isekai refs/remotes/origin/isekai [471ms]
2024-11-29 06:05:20.539 [info] > git for-each-ref --format=%(refname)%00%(upstream:short)%00%(objectname)%00%(upstream:track)%00%(upstream:remotename)%00%(upstream:remoteref) refs/heads/isekai refs/remotes/isekai [484ms]
2024-11-29 06:05:20.540 [info] > git rev-parse --show-toplevel [491ms]
2024-11-29 06:05:20.540 [info] > git merge-base refs/heads/isekai refs/remotes/origin/isekai [29ms]
2024-11-29 06:05:20.540 [info] > git rev-parse --show-toplevel [41ms]
2024-11-29 06:05:20.540 [info] > git for-each-ref --sort -committerdate --format %(refname) %(objectname) %(*objectname) [28ms]
2024-11-29 06:05:20.540 [info] > git diff --name-status -z --diff-filter=ADMR ff33064afe96e9030a2a8924962203499e5f7d09...refs/remotes/origin/isekai [41ms]
2024-11-29 06:05:20.540 [info] > git rev-parse --show-toplevel [18ms]
2024-11-29 06:05:20.554 [info] > git rev-parse --show-toplevel [24ms]
2024-11-29 06:05:20.558 [info] > git status -z -uall [83ms]
2024-11-29 06:05:20.601 [info] > git rev-parse --show-toplevel [11ms]
2024-11-29 06:05:20.653 [info] > git rev-parse --show-toplevel [49ms]
2024-11-29 06:05:21.121 [info] > git rev-parse --show-toplevel [464ms]
2024-11-29 06:05:21.133 [info] > git check-ignore -v -z --stdin [4ms]
2024-11-29 06:05:21.142 [info] > git rev-parse --show-toplevel [10ms]
2024-11-29 06:05:21.188 [info] > git rev-parse --show-toplevel [42ms]
2024-11-29 06:05:21.200 [info] > git rev-parse --show-toplevel [9ms]
2024-11-29 06:05:21.207 [info] [Model][doInitialScan] Initial repository scan completed - repositories (1), closed repositories (0), parent repositories (0), unsafe repositories (0)
2024-11-29 06:05:21.657 [info] > git show --textconv :fonction.php [15ms]
2024-11-29 06:05:21.669 [info] > git ls-files --stage -- /var/www/html/fonction.php [13ms]
2024-11-29 06:05:21.735 [info] > git cat-file -s a112cdf2566cea349c0dd40c40f9d5f3136c8fa7 [21ms]
2024-11-29 06:07:49.342 [info] > git config --get commit.template [2ms]
2024-11-29 06:07:49.349 [info] > git for-each-ref --format=%(refname)%00%(upstream:short)%00%(objectname)%00%(upstream:track)%00%(upstream:remotename)%00%(upstream:remoteref) refs/heads/isekai refs/remotes/isekai [3ms]
2024-11-29 06:07:49.361 [info] > git for-each-ref --sort -committerdate --format %(refname) %(objectname) %(*objectname) [3ms]
2024-11-29 06:07:49.390 [info] > git status -z -uall [37ms]
2024-11-29 07:37:49.466 [info] > git config --get commit.template [6ms]
2024-11-29 07:37:49.467 [info] > git for-each-ref --format=%(refname)%00%(upstream:short)%00%(objectname)%00%(upstream:track)%00%(upstream:remotename)%00%(upstream:remoteref) refs/heads/isekai refs/remotes/isekai [2ms]
2024-11-29 07:37:49.477 [info] > git for-each-ref --sort -committerdate --format %(refname) %(objectname) %(*objectname) [2ms]
2024-11-29 07:37:49.499 [info] > git status -z -uall [27ms]
2024-11-29 07:37:56.061 [info] > git config --get commit.template [1ms]
2024-11-29 07:37:56.066 [info] > git for-each-ref --format=%(refname)%00%(upstream:short)%00%(objectname)%00%(upstream:track)%00%(upstream:remotename)%00%(upstream:remoteref) refs/heads/isekai refs/remotes/isekai [1ms]
2024-11-29 07:37:56.104 [info] > git for-each-ref --sort -committerdate --format %(refname) %(objectname) %(*objectname) [32ms]
2024-11-29 07:37:56.115 [info] > git status -z -uall [45ms]
