["INFO" - 5:49:17 AM] Starting initialization
["INFO" - 5:49:17 AM] Starting file size
["INFO" - 5:49:20 AM] Beautifier path is changed - Removing old one
["INFO" - 5:49:20 AM] Beautifier path is set - beautifier is registered
["INFO" - 5:49:20 AM] Fixer path is set - php-cs-fixer is registered
["INFO" - 5:49:20 AM] Sniffer path is changed - Removing old Sniffer on change
["INFO" - 5:49:20 AM] Sniffer path is removed - Removing old Sniffer on save
["INFO" - 5:49:24 AM] Beautifier path is changed - Removing old one
["INFO" - 5:49:24 AM] Beautifier path is set - beautifier is registered
["INFO" - 5:49:24 AM] Fixer path is set - php-cs-fixer is registered
["INFO" - 5:49:24 AM] Sniffer path is changed - Removing old Sniffer on change
["INFO" - 5:49:24 AM] Sniffer path is removed - Removing old Sniffer on save
["INFO" - 5:49:28 AM] Beautifier path is changed - Removing old one
["INFO" - 5:49:28 AM] Beautifier path is set - beautifier is registered
["INFO" - 5:49:28 AM] Fixer path is set - php-cs-fixer is registered
["INFO" - 5:49:28 AM] Sniffer path is changed - Removing old Sniffer on change
["INFO" - 5:49:28 AM] Sniffer path is removed - Removing old Sniffer on save
["INFO" - 5:49:30 AM] Beautifier path is changed - Removing old one
["INFO" - 5:49:30 AM] Beautifier path is set - beautifier is registered
["INFO" - 5:49:30 AM] Fixer path is set - php-cs-fixer is registered
["INFO" - 5:49:30 AM] Sniffer path is changed - Removing old Sniffer on change
["INFO" - 5:49:30 AM] Sniffer path is removed - Removing old Sniffer on save
["INFO" - 5:49:30 AM] Beautifier path is changed - Removing old one
["INFO" - 5:49:30 AM] Beautifier path is set - beautifier is registered
["INFO" - 5:49:30 AM] Fixer path is set - php-cs-fixer is registered
["INFO" - 5:49:30 AM] Sniffer path is changed - Removing old Sniffer on change
["INFO" - 5:49:30 AM] Sniffer path is removed - Removing old Sniffer on save
["INFO" - 5:49:36 AM] Beautifier path is changed - Removing old one
["INFO" - 5:49:36 AM] Beautifier path is set - beautifier is registered
["INFO" - 5:49:36 AM] Fixer path is set - php-cs-fixer is registered
["INFO" - 5:49:36 AM] Sniffer path is changed - Removing old Sniffer on change
["INFO" - 5:49:36 AM] Sniffer path is removed - Removing old Sniffer on save
["INFO" - 5:50:01 AM] Beautifier path is changed - Removing old one
["INFO" - 5:50:01 AM] Beautifier path is set - beautifier is registered
["INFO" - 5:50:01 AM] Fixer path is set - php-cs-fixer is registered
["INFO" - 5:50:01 AM] Sniffer path is changed - Removing old Sniffer on change
["INFO" - 5:50:01 AM] Sniffer path is removed - Removing old Sniffer on save
["INFO" - 5:50:04 AM] Beautifier path is changed - Removing old one
["INFO" - 5:50:04 AM] Beautifier path is set - beautifier is registered
["INFO" - 5:50:04 AM] Fixer path is set - php-cs-fixer is registered
["INFO" - 5:50:04 AM] Sniffer path is changed - Removing old Sniffer on change
["INFO" - 5:50:04 AM] Sniffer path is removed - Removing old Sniffer on save
["INFO" - 5:50:42 AM] Beautifier path is changed - Removing old one
["INFO" - 5:50:42 AM] Beautifier path is set - beautifier is registered
["INFO" - 5:50:42 AM] Fixer path is set - php-cs-fixer is registered
["INFO" - 5:50:42 AM] Sniffer path is changed - Removing old Sniffer on change
["INFO" - 5:50:42 AM] Sniffer path is removed - Removing old Sniffer on save
["INFO" - 5:50:43 AM] Beautifier path is changed - Removing old one
["INFO" - 5:50:43 AM] Beautifier path is set - beautifier is registered
["INFO" - 5:50:43 AM] Fixer path is set - php-cs-fixer is registered
["INFO" - 5:50:43 AM] Sniffer path is changed - Removing old Sniffer on change
["INFO" - 5:50:43 AM] Sniffer path is removed - Removing old Sniffer on save
["INFO" - 5:51:06 AM] Beautifier path is changed - Removing old one
["INFO" - 5:51:06 AM] Beautifier path is set - beautifier is registered
["INFO" - 5:51:06 AM] Fixer path is set - php-cs-fixer is registered
["INFO" - 5:51:06 AM] Sniffer path is changed - Removing old Sniffer on change
["INFO" - 5:51:06 AM] Sniffer path is removed - Removing old Sniffer on save
["INFO" - 5:51:11 AM] Switched to new file - starting code sniffer
["INFO" - 5:51:11 AM] phpcs - Dispose diagnostic collection
["INFO" - 5:51:11 AM] phpcs - The document URI file:///var/www/html/app_commande_produit_save.php
["ERROR" - 5:51:11 AM] phpcs - Executable is set, but can not be found: "phpcs"
["INFO" - 5:53:48 AM] Switched to new file - starting code sniffer
["INFO" - 5:53:48 AM] phpcs - Dispose diagnostic collection
["INFO" - 5:53:48 AM] phpcs - The document URI file:///var/www/html/fonction.php
["ERROR" - 5:53:48 AM] phpcs - Executable is set, but can not be found: "phpcs"
["INFO" - 5:53:50 AM] Switched to new file - starting code sniffer
["INFO" - 5:53:50 AM] phpcs - Dispose diagnostic collection
["INFO" - 5:53:50 AM] phpcs - The document URI file:///var/www/html/fonction.php
["ERROR" - 5:53:50 AM] phpcs - Executable is set, but can not be found: "phpcs"
["INFO" - 5:54:14 AM] Switched to new file - starting code sniffer
["INFO" - 5:54:14 AM] phpcs - Dispose diagnostic collection
["INFO" - 5:54:14 AM] phpcs - The document URI file:///var/www/html/fonction.php
["ERROR" - 5:54:14 AM] phpcs - Executable is set, but can not be found: "phpcs"
["INFO" - 5:54:28 AM] Switched to new file - starting code sniffer
["INFO" - 5:54:28 AM] phpcs - Dispose diagnostic collection
["INFO" - 5:54:28 AM] phpcs - The document URI file:///var/www/html/fonction.php
["ERROR" - 5:54:28 AM] phpcs - Executable is set, but can not be found: "phpcs"
["INFO" - 5:54:39 AM] Switched to new file - starting code sniffer
["INFO" - 5:54:39 AM] phpcs - Dispose diagnostic collection
["INFO" - 5:54:39 AM] phpcs - The document URI file:///var/www/html/fonction.php
["ERROR" - 5:54:39 AM] phpcs - Executable is set, but can not be found: "phpcs"
["INFO" - 5:54:42 AM] Switched to new file - starting code sniffer
["INFO" - 5:54:42 AM] phpcs - Dispose diagnostic collection
["INFO" - 5:54:42 AM] phpcs - The document URI file:///var/www/html/fonction.php
["ERROR" - 5:54:42 AM] phpcs - Executable is set, but can not be found: "phpcs"
["INFO" - 5:54:44 AM] Switched to new file - starting code sniffer
["INFO" - 5:54:44 AM] phpcs - Dispose diagnostic collection
["INFO" - 5:54:44 AM] phpcs - The document URI file:///var/www/html/fonction.php
["ERROR" - 5:54:44 AM] phpcs - Executable is set, but can not be found: "phpcs"
["INFO" - 5:54:47 AM] Switched to new file - starting code sniffer
["INFO" - 5:54:47 AM] phpcs - Dispose diagnostic collection
["INFO" - 5:54:47 AM] phpcs - The document URI file:///var/www/html/fonction.php
["ERROR" - 5:54:47 AM] phpcs - Executable is set, but can not be found: "phpcs"
["INFO" - 5:54:52 AM] Switched to new file - starting code sniffer
["INFO" - 5:54:52 AM] phpcs - Dispose diagnostic collection
["INFO" - 5:54:52 AM] phpcs - The document URI file:///var/www/html/fonction.php
["ERROR" - 5:54:52 AM] phpcs - Executable is set, but can not be found: "phpcs"
["INFO" - 5:55:09 AM] Switched to new file - starting code sniffer
["INFO" - 5:55:09 AM] phpcs - Dispose diagnostic collection
["INFO" - 5:55:09 AM] phpcs - The document URI file:///var/www/html/fonction.php
["ERROR" - 5:55:09 AM] phpcs - Executable is set, but can not be found: "phpcs"
["INFO" - 5:57:22 AM] Switched to new file - starting code sniffer
["INFO" - 5:57:22 AM] phpcs - Dispose diagnostic collection
["INFO" - 5:57:22 AM] phpcs - The document URI file:///var/www/html/re_edit_modifcvq.php
["ERROR" - 5:57:22 AM] phpcs - Executable is set, but can not be found: "phpcs"
["INFO" - 5:58:11 AM] Switched to new file - starting code sniffer
["INFO" - 5:58:11 AM] phpcs - Dispose diagnostic collection
["INFO" - 5:58:11 AM] phpcs - The document URI file:///var/www/html/re_edit_modifcvq.php
["ERROR" - 5:58:11 AM] phpcs - Executable is set, but can not be found: "phpcs"
["INFO" - 5:58:17 AM] Switched to new file - starting code sniffer
["INFO" - 5:58:17 AM] phpcs - Dispose diagnostic collection
["INFO" - 5:58:17 AM] phpcs - The document URI file:///var/www/html/re_edit_modifcvq.php
["ERROR" - 5:58:17 AM] phpcs - Executable is set, but can not be found: "phpcs"
["INFO" - 6:00:23 AM] Switched to new file - starting code sniffer
["INFO" - 6:00:23 AM] phpcs - Dispose diagnostic collection
["INFO" - 6:00:23 AM] phpcs - The document URI file:///var/www/html/re_edit_modifcvq.php
["ERROR" - 6:00:23 AM] phpcs - Executable is set, but can not be found: "phpcs"
