[Info  - 5:49:39 AM] PHP Language Server Started (PID: 10103)
[Info  - 5:49:40 AM] Parsing phar file /var/www/html/extensions/lkrms.pretty-php-0.4.79-universal/bin/pretty-php.phar ...
[Info  - 5:49:43 AM] Parsing phar file /var/www/html/extensions/devsense.phptools-vscode-1.53.16379-linux-x64/phpUnit/phpunit-6.5.12.phar ...
[Error - 5:49:43 AM] File file:///var/www/html/extensions/.44fd1e92-e53f-42cc-ae7f-76704d4e90a4/vendor/composer/InstalledVersions.php could not be read.
[Info  - 5:49:45 AM] Processing packages in /var/www/html/extensions/.44fd1e92-e53f-42cc-ae7f-76704d4e90a4/vendor/composer/installed.json ...
[Error - 5:49:46 AM] AggregateException_ctor_DefaultMessage (IO_PathNotFound_Path, /var/www/html/extensions/.44fd1e92-e53f-42cc-ae7f-76704d4e90a4/vendor/composer/xdebug-handler)
[Error - 5:49:46 AM] AggregateException_ctor_DefaultMessage (IO_PathNotFound_Path, /var/www/html/extensions/.44fd1e92-e53f-42cc-ae7f-76704d4e90a4/vendor/doctrine/deprecations)
[Error - 5:49:46 AM] AggregateException_ctor_DefaultMessage (IO_PathNotFound_Path, /var/www/html/extensions/.44fd1e92-e53f-42cc-ae7f-76704d4e90a4/vendor/felixfbecker/advanced-json-rpc)
[Error - 5:49:46 AM] AggregateException_ctor_DefaultMessage (IO_PathNotFound_Path, /var/www/html/extensions/.44fd1e92-e53f-42cc-ae7f-76704d4e90a4/vendor/felixfbecker/language-server)
[Error - 5:49:46 AM] AggregateException_ctor_DefaultMessage (IO_PathNotFound_Path, /var/www/html/extensions/.44fd1e92-e53f-42cc-ae7f-76704d4e90a4/vendor/felixfbecker/language-server-protocol)
[Error - 5:49:46 AM] AggregateException_ctor_DefaultMessage (IO_PathNotFound_Path, /var/www/html/extensions/.44fd1e92-e53f-42cc-ae7f-76704d4e90a4/vendor/jetbrains/phpstorm-stubs)
[Error - 5:49:46 AM] AggregateException_ctor_DefaultMessage (IO_PathNotFound_Path, /var/www/html/extensions/.44fd1e92-e53f-42cc-ae7f-76704d4e90a4/vendor/microsoft/tolerant-php-parser)
[Error - 5:49:46 AM] AggregateException_ctor_DefaultMessage (IO_PathNotFound_Path, /var/www/html/extensions/.44fd1e92-e53f-42cc-ae7f-76704d4e90a4/vendor/netresearch/jsonmapper)
[Error - 5:49:46 AM] AggregateException_ctor_DefaultMessage (IO_PathNotFound_Path, /var/www/html/extensions/.44fd1e92-e53f-42cc-ae7f-76704d4e90a4/vendor/phpdocumentor/reflection-common)
[Error - 5:49:46 AM] AggregateException_ctor_DefaultMessage (IO_PathNotFound_Path, /var/www/html/extensions/.44fd1e92-e53f-42cc-ae7f-76704d4e90a4/vendor/phpdocumentor/reflection-docblock)
[Error - 5:49:46 AM] AggregateException_ctor_DefaultMessage (IO_PathNotFound_Path, /var/www/html/extensions/.44fd1e92-e53f-42cc-ae7f-76704d4e90a4/vendor/phpdocumentor/type-resolver)
[Error - 5:49:46 AM] AggregateException_ctor_DefaultMessage (IO_PathNotFound_Path, /var/www/html/extensions/.44fd1e92-e53f-42cc-ae7f-76704d4e90a4/vendor/phpstan/phpdoc-parser)
[Error - 5:49:46 AM] AggregateException_ctor_DefaultMessage (IO_PathNotFound_Path, /var/www/html/extensions/.44fd1e92-e53f-42cc-ae7f-76704d4e90a4/vendor/psr/log)
[Error - 5:49:46 AM] AggregateException_ctor_DefaultMessage (IO_PathNotFound_Path, /var/www/html/extensions/.44fd1e92-e53f-42cc-ae7f-76704d4e90a4/vendor/sabre/event)
[Error - 5:49:46 AM] AggregateException_ctor_DefaultMessage (IO_PathNotFound_Path, /var/www/html/extensions/.44fd1e92-e53f-42cc-ae7f-76704d4e90a4/vendor/sabre/uri)
[Error - 5:49:46 AM] AggregateException_ctor_DefaultMessage (IO_PathNotFound_Path, /var/www/html/extensions/.44fd1e92-e53f-42cc-ae7f-76704d4e90a4/vendor/webmozart/assert)
[Error - 5:49:46 AM] AggregateException_ctor_DefaultMessage (IO_PathNotFound_Path, /var/www/html/extensions/.44fd1e92-e53f-42cc-ae7f-76704d4e90a4/vendor/webmozart/glob)
[Error - 5:49:46 AM] AggregateException_ctor_DefaultMessage (IO_PathNotFound_Path, /var/www/html/extensions/.44fd1e92-e53f-42cc-ae7f-76704d4e90a4/vendor/webmozart/path-util)
[Info  - 5:49:46 AM] Processing done in 00:00:00.6406963.
[Info  - 5:49:46 AM] Storing package composer/xdebug-handler@1.4.6 cache ...
[Info  - 5:49:46 AM] Storing package doctrine/deprecations@v1.1.1 cache ...
[Info  - 5:49:46 AM] Storing package felixfbecker/advanced-json-rpc@v3.2.1 cache ...
[Info  - 5:49:46 AM] Storing package netresearch/jsonmapper@v1.6.0 cache ...
[Info  - 5:49:46 AM] Storing package phpdocumentor/reflection-common@2.2.0 cache ...
[Info  - 5:49:46 AM] Storing package phpdocumentor/reflection-docblock@5.3.0 cache ...
[Info  - 5:49:46 AM] Storing package phpdocumentor/type-resolver@1.7.2 cache ...
[Info  - 5:49:46 AM] Storing package phpstan/phpdoc-parser@1.23.1 cache ...
[Info  - 5:49:46 AM] Storing package psr/log@1.1.4 cache ...
[Info  - 5:49:46 AM] Storing package sabre/event@5.1.4 cache ...
[Info  - 5:49:46 AM] Storing package sabre/uri@2.3.3 cache ...
[Info  - 5:49:46 AM] Storing package webmozart/assert@1.11.0 cache ...
[Info  - 5:49:46 AM] Storing package webmozart/glob@4.6.0 cache ...
[Info  - 5:49:46 AM] Storing package webmozart/path-util@2.3.0 cache ...
[Info  - 5:50:01 AM] 92 file system change(s) ...
[Info  - 5:50:04 AM] 83 file system change(s) ...
[Info  - 5:50:43 AM] 2 file system change(s) ...
[Info  - 5:50:46 AM] 3 file system change(s) ...
[Info  - 5:50:51 AM] Loaded 2 package(s) from cache in 00:00:00.0185253.
[Info  - 5:50:55 AM] 78 file system change(s) ...
[Info  - 5:51:10 AM] 1 file system change(s) ...
[Info  - 6:01:19 AM] 752 file system change(s) ...
[Info  - 6:01:19 AM] Loaded 2 package(s) from cache in 00:00:00.0095474.
[Info  - 6:01:19 AM] Loaded 14 package(s) from cache in 00:00:00.0244159.
[Error - 6:01:19 AM] File file:///var/www/html/extensions/.44fd1e92-e53f-42cc-ae7f-76704d4e90a4/vendor/composer/InstalledVersions.php could not be read.
[Info  - 6:01:19 AM] Parsing phar file /var/www/html/extensions/lkrms.pretty-php-0.4.79-universal/bin/pretty-php.phar ...
[Info  - 6:01:20 AM] Parsing phar file /var/www/html/extensions/lkrms.pretty-php-0.4.79-universal/bin/pretty-php.phar ...
[Info  - 6:01:21 AM] Parsing phar file /var/www/html/extensions/devsense.phptools-vscode-1.53.16379-linux-x64/phpUnit/phpunit-6.5.12.phar ...
[Info  - 6:01:22 AM] Parsing phar file /var/www/html/extensions/devsense.phptools-vscode-1.53.16379-linux-x64/phpUnit/phpunit-6.5.12.phar ...
[Info  - 6:01:23 AM] Processing packages in /var/www/html/extensions/zobo.php-intellisense-1.3.3-universal/vendor/composer/installed.json ...
[Error - 6:01:23 AM] Parsing '/var/www/html/extensions/zobo.php-intellisense-1.3.3-universal/vendor/felixfbecker/language-server/fixtures/invalid_file.php' errored. 
[Info  - 6:01:23 AM] Processing packages in /var/www/html/extensions/felixfbecker.php-intellisense-2.3.14-universal/vendor/composer/installed.json ...
[Info  - 6:01:23 AM] 603 file system change(s) ...
[Error - 6:01:23 AM] Parsing '/var/www/html/extensions/zobo.php-intellisense-1.3.3-universal/vendor/felixfbecker/language-server/fixtures/completion/foreach.php' errored. 
[Error - 6:01:23 AM] Parsing '/var/www/html/extensions/zobo.php-intellisense-1.3.3-universal/vendor/felixfbecker/language-server/fixtures/completion/this.php' errored. 
[Error - 6:01:23 AM] Parsing '/var/www/html/extensions/zobo.php-intellisense-1.3.3-universal/vendor/felixfbecker/language-server/fixtures/completion/bare_php.php' errored. 
[Error - 6:01:23 AM] Parsing '/var/www/html/extensions/zobo.php-intellisense-1.3.3-universal/vendor/felixfbecker/language-server/fixtures/completion/property.php' errored. 
[Error - 6:01:23 AM] Parsing '/var/www/html/extensions/zobo.php-intellisense-1.3.3-universal/vendor/felixfbecker/language-server/fixtures/completion/static_method_with_prefix.php' errored. 
[Error - 6:01:23 AM] Parsing '/var/www/html/extensions/zobo.php-intellisense-1.3.3-universal/vendor/felixfbecker/language-server/fixtures/completion/constant_with_namespace.php' errored. 
[Error - 6:01:23 AM] Parsing '/var/www/html/extensions/zobo.php-intellisense-1.3.3-universal/vendor/felixfbecker/language-server/fixtures/completion/method_return_type.php' errored. 
[Error - 6:01:23 AM] Parsing '/var/www/html/extensions/zobo.php-intellisense-1.3.3-universal/vendor/felixfbecker/language-server/fixtures/completion/this_return_value.php' errored. 
[Error - 6:01:23 AM] Parsing '/var/www/html/extensions/zobo.php-intellisense-1.3.3-universal/vendor/felixfbecker/language-server/fixtures/completion/static_method_return_type.php' errored. 
[Error - 6:01:23 AM] Parsing '/var/www/html/extensions/zobo.php-intellisense-1.3.3-universal/vendor/felixfbecker/language-server/fixtures/completion/this_with_prefix.php' errored. 
[Error - 6:01:23 AM] Parsing '/var/www/html/extensions/zobo.php-intellisense-1.3.3-universal/vendor/felixfbecker/language-server/fixtures/completion/used_new.php' errored. 
[Error - 6:01:23 AM] Parsing '/var/www/html/extensions/zobo.php-intellisense-1.3.3-universal/vendor/felixfbecker/language-server/fixtures/completion/variable_with_prefix.php' errored. 
[Error - 6:01:23 AM] Parsing '/var/www/html/extensions/zobo.php-intellisense-1.3.3-universal/vendor/felixfbecker/language-server/fixtures/completion/keywords.php' errored. 
[Error - 6:01:23 AM] Parsing '/var/www/html/extensions/zobo.php-intellisense-1.3.3-universal/vendor/felixfbecker/language-server/fixtures/completion/used_namespace.php' errored. 
[Error - 6:01:23 AM] Parsing '/var/www/html/extensions/zobo.php-intellisense-1.3.3-universal/vendor/felixfbecker/language-server/fixtures/completion/static.php' errored. 
[Error - 6:01:23 AM] Parsing '/var/www/html/extensions/zobo.php-intellisense-1.3.3-universal/vendor/felixfbecker/language-server/fixtures/completion/inside_namespace_and_method.php' errored. 
[Error - 6:01:23 AM] Parsing '/var/www/html/extensions/zobo.php-intellisense-1.3.3-universal/vendor/felixfbecker/language-server/fixtures/completion/used_class.php' errored. 
[Error - 6:01:23 AM] Parsing '/var/www/html/extensions/zobo.php-intellisense-1.3.3-universal/vendor/felixfbecker/language-server/fixtures/completion/namespace.php' errored. 
[Error - 6:01:23 AM] Parsing '/var/www/html/extensions/zobo.php-intellisense-1.3.3-universal/vendor/felixfbecker/language-server/fixtures/completion/static_property_with_prefix.php' errored. 
[Error - 6:01:23 AM] Parsing '/var/www/html/extensions/zobo.php-intellisense-1.3.3-universal/vendor/felixfbecker/language-server/fixtures/completion/fully_qualified_class.php' errored. 
[Error - 6:01:23 AM] Parsing '/var/www/html/extensions/zobo.php-intellisense-1.3.3-universal/vendor/felixfbecker/language-server/fixtures/completion/variable.php' errored. 
[Error - 6:01:23 AM] Parsing '/var/www/html/extensions/zobo.php-intellisense-1.3.3-universal/vendor/felixfbecker/language-server/fixtures/completion/property_with_prefix.php' errored. 
[Error - 6:01:23 AM] Parsing '/var/www/html/extensions/zobo.php-intellisense-1.3.3-universal/vendor/felixfbecker/language-server/fixtures/completion/class_const_with_prefix.php' errored. 
[Error - 6:01:23 AM] Parsing '/var/www/html/extensions/zobo.php-intellisense-1.3.3-universal/vendor/felixfbecker/language-server/fixtures/signature_help/calls.php' errored. 
[Error - 6:01:23 AM] File file:///var/www/html/extensions/.4aebd2b2-3ad8-47d3-91d5-6b9ab3f10f94/bin/pretty-php.phar could not be read.
[Error - 6:01:23 AM] File file:///var/www/html/extensions/.bfd34fec-1af9-46ca-9e4a-7fc69496afd4/phpUnit/phpunit-6.5.12.phar could not be read.
[Info  - 6:01:23 AM] Parsing phar file /var/www/html/extensions/lkrms.pretty-php-0.4.79-universal/bin/pretty-php.phar ...
[Error - 6:01:24 AM] Parsing '/var/www/html/extensions/zobo.php-intellisense-1.3.3-universal/vendor/microsoft/tolerant-php-parser/syntax-visualizer/example/foo.php' errored. 
[Info  - 6:01:24 AM] Parsing phar file /var/www/html/extensions/devsense.phptools-vscode-1.53.16379-linux-x64/phpUnit/phpunit-6.5.12.phar ...
[Info  - 6:01:27 AM] Processing done in 00:00:04.1056275.
[Error - 6:01:27 AM] Parsing '/var/www/html/extensions/zobo.php-intellisense-1.3.3-universal/vendor/felixfbecker/language-server/fixtures/completion/used_namespace.php' errored. 
[Error - 6:01:27 AM] Parsing '/var/www/html/extensions/zobo.php-intellisense-1.3.3-universal/vendor/felixfbecker/language-server/fixtures/completion/static_method_with_prefix.php' errored. 
[Error - 6:01:27 AM] Parsing '/var/www/html/extensions/zobo.php-intellisense-1.3.3-universal/vendor/felixfbecker/language-server/fixtures/completion/constant_with_namespace.php' errored. 
[Error - 6:01:27 AM] Parsing '/var/www/html/extensions/zobo.php-intellisense-1.3.3-universal/vendor/felixfbecker/language-server/fixtures/completion/used_class.php' errored. 
[Error - 6:01:27 AM] Parsing '/var/www/html/extensions/zobo.php-intellisense-1.3.3-universal/vendor/felixfbecker/language-server/fixtures/completion/keywords.php' errored. 
[Error - 6:01:27 AM] Parsing '/var/www/html/extensions/zobo.php-intellisense-1.3.3-universal/vendor/felixfbecker/language-server/fixtures/completion/this_with_prefix.php' errored. 
[Info  - 6:01:27 AM] Processing done in 00:00:04.2780431.
[Error - 6:01:27 AM] Parsing '/var/www/html/extensions/zobo.php-intellisense-1.3.3-universal/vendor/felixfbecker/language-server/fixtures/completion/class_const_with_prefix.php' errored. 
[Error - 6:01:27 AM] Parsing '/var/www/html/extensions/zobo.php-intellisense-1.3.3-universal/vendor/felixfbecker/language-server/fixtures/signature_help/calls.php' errored. 
[Error - 6:01:27 AM] Parsing '/var/www/html/extensions/zobo.php-intellisense-1.3.3-universal/vendor/felixfbecker/language-server/fixtures/completion/variable.php' errored. 
[Error - 6:01:27 AM] Parsing '/var/www/html/extensions/zobo.php-intellisense-1.3.3-universal/vendor/felixfbecker/language-server/fixtures/completion/property.php' errored. 
[Error - 6:01:27 AM] Parsing '/var/www/html/extensions/zobo.php-intellisense-1.3.3-universal/vendor/felixfbecker/language-server/fixtures/invalid_file.php' errored. 
[Error - 6:01:27 AM] Parsing '/var/www/html/extensions/zobo.php-intellisense-1.3.3-universal/vendor/felixfbecker/language-server/fixtures/completion/inside_namespace_and_method.php' errored. 
[Error - 6:01:27 AM] Parsing '/var/www/html/extensions/zobo.php-intellisense-1.3.3-universal/vendor/felixfbecker/language-server/fixtures/completion/namespace.php' errored. 
[Error - 6:01:27 AM] Parsing '/var/www/html/extensions/zobo.php-intellisense-1.3.3-universal/vendor/felixfbecker/language-server/fixtures/completion/variable_with_prefix.php' errored. 
[Error - 6:01:27 AM] Parsing '/var/www/html/extensions/zobo.php-intellisense-1.3.3-universal/vendor/felixfbecker/language-server/fixtures/completion/property_with_prefix.php' errored. 
[Error - 6:01:27 AM] Parsing '/var/www/html/extensions/zobo.php-intellisense-1.3.3-universal/vendor/felixfbecker/language-server/fixtures/completion/method_return_type.php' errored. 
[Error - 6:01:27 AM] Parsing '/var/www/html/extensions/zobo.php-intellisense-1.3.3-universal/vendor/felixfbecker/language-server/fixtures/completion/foreach.php' errored. 
[Error - 6:01:27 AM] Parsing '/var/www/html/extensions/zobo.php-intellisense-1.3.3-universal/vendor/felixfbecker/language-server/fixtures/completion/used_new.php' errored. 
[Error - 6:01:27 AM] Parsing '/var/www/html/extensions/zobo.php-intellisense-1.3.3-universal/vendor/felixfbecker/language-server/fixtures/completion/static_method_return_type.php' errored. 
[Error - 6:01:27 AM] Parsing '/var/www/html/extensions/zobo.php-intellisense-1.3.3-universal/vendor/felixfbecker/language-server/fixtures/completion/fully_qualified_class.php' errored. 
[Error - 6:01:27 AM] Parsing '/var/www/html/extensions/zobo.php-intellisense-1.3.3-universal/vendor/felixfbecker/language-server/fixtures/completion/this_return_value.php' errored. 
[Error - 6:01:27 AM] Parsing '/var/www/html/extensions/zobo.php-intellisense-1.3.3-universal/vendor/felixfbecker/language-server/fixtures/completion/static_property_with_prefix.php' errored. 
[Error - 6:01:27 AM] Parsing '/var/www/html/extensions/zobo.php-intellisense-1.3.3-universal/vendor/felixfbecker/language-server/fixtures/completion/static.php' errored. 
[Error - 6:01:27 AM] Parsing '/var/www/html/extensions/zobo.php-intellisense-1.3.3-universal/vendor/felixfbecker/language-server/fixtures/completion/this.php' errored. 
[Error - 6:01:27 AM] Parsing '/var/www/html/extensions/zobo.php-intellisense-1.3.3-universal/vendor/felixfbecker/language-server/fixtures/completion/bare_php.php' errored. 
[Error - 6:01:28 AM] Parsing '/var/www/html/extensions/zobo.php-intellisense-1.3.3-universal/vendor/microsoft/tolerant-php-parser/syntax-visualizer/example/foo.php' errored. 
