2024-11-29 06:05:16.765 [info] Extension host with pid 28655 started
2024-11-29 06:05:16.766 [error] Error: EEXIST: file already exists, open '/var/www/html/User/workspaceStorage/-2d7d1729/vscode.lock'
2024-11-29 06:05:16.772 [info] Lock '/var/www/html/User/workspaceStorage/-2d7d1729/vscode.lock': Could not acquire lock, checking if the file is stale.
2024-11-29 06:05:16.776 [info] Lock '/var/www/html/User/workspaceStorage/-2d7d1729/vscode.lock': The lock does not look stale, elapsed: 972 ms, giving up.
2024-11-29 06:05:16.781 [error] Error: EEXIST: file already exists, open '/var/www/html/User/workspaceStorage/-2d7d1729-1/vscode.lock'
2024-11-29 06:05:16.782 [info] Lock '/var/www/html/User/workspaceStorage/-2d7d1729-1/vscode.lock': Could not acquire lock, checking if the file is stale.
2024-11-29 06:05:16.782 [info] Lock '/var/www/html/User/workspaceStorage/-2d7d1729-1/vscode.lock': The lock does not look stale, elapsed: 555 ms, giving up.
2024-11-29 06:05:16.783 [error] Error: EEXIST: file already exists, open '/var/www/html/User/workspaceStorage/-2d7d1729-2/vscode.lock'
2024-11-29 06:05:16.783 [info] Lock '/var/www/html/User/workspaceStorage/-2d7d1729-2/vscode.lock': Could not acquire lock, checking if the file is stale.
2024-11-29 06:05:16.784 [info] Lock '/var/www/html/User/workspaceStorage/-2d7d1729-2/vscode.lock': The lock does not look stale, elapsed: 617 ms, giving up.
2024-11-29 06:05:16.790 [info] Lock '/var/www/html/User/workspaceStorage/-2d7d1729-3/vscode.lock': Lock acquired.
2024-11-29 06:05:17.316 [info] ExtensionService#_doActivateExtension vscode.emmet, startup: false, activationEvent: 'onLanguage'
2024-11-29 06:05:17.318 [info] ExtensionService#_doActivateExtension vscode.php-language-features, startup: false, activationEvent: 'onLanguage:php'
2024-11-29 06:05:17.318 [info] ExtensionService#_doActivateExtension felixfbecker.php-intellisense, startup: false, activationEvent: 'onLanguage:php'
2024-11-29 06:05:17.325 [info] ExtensionService#_doActivateExtension junstyle.php-cs-fixer, startup: false, activationEvent: 'onLanguage:php'
2024-11-29 06:05:17.326 [info] ExtensionService#_doActivateExtension lkrms.pretty-php, startup: false, activationEvent: 'onLanguage:php'
2024-11-29 06:05:17.326 [info] ExtensionService#_doActivateExtension MehediDracula.php-namespace-resolver, startup: false, activationEvent: 'onLanguage:php'
2024-11-29 06:05:17.334 [info] ExtensionService#_doActivateExtension neilbrayfield.php-docblocker, startup: false, activationEvent: 'onLanguage:php'
2024-11-29 06:05:17.336 [info] ExtensionService#_doActivateExtension valeryanm.vscode-phpsab, startup: false, activationEvent: 'onLanguage:php'
2024-11-29 06:05:18.337 [info] ExtensionService#_doActivateExtension vscode.git-base, startup: true, activationEvent: '*', root cause: vscode.git
2024-11-29 06:05:18.977 [info] ExtensionService#_doActivateExtension vscode.git, startup: true, activationEvent: '*'
2024-11-29 06:05:18.978 [info] ExtensionService#_doActivateExtension vscode.github, startup: true, activationEvent: '*'
2024-11-29 06:05:19.163 [error] Activating extension valeryanm.vscode-phpsab failed due to an error:
2024-11-29 06:05:19.163 [error] Error: Unable to locate the executable.
	at Gv (/var/www/html/extensions/valeryanm.vscode-phpsab-0.0.20-universal/out/main.js:20:14932)
	at async zv (/var/www/html/extensions/valeryanm.vscode-phpsab-0.0.20-universal/out/main.js:20:15468)
	at async Pe (/var/www/html/extensions/valeryanm.vscode-phpsab-0.0.20-universal/out/main.js:20:16891)
	at async t0 (/var/www/html/extensions/valeryanm.vscode-phpsab-0.0.20-universal/out/main.js:25:1238)
	at async B0.n (file:///usr/lib/code-server/lib/vscode/out/vs/workbench/api/node/extensionHostProcess.js:114:4447)
	at async B0.m (file:///usr/lib/code-server/lib/vscode/out/vs/workbench/api/node/extensionHostProcess.js:114:4410)
	at async B0.l (file:///usr/lib/code-server/lib/vscode/out/vs/workbench/api/node/extensionHostProcess.js:114:3866)
2024-11-29 06:05:19.658 [info] Eager extensions activated
2024-11-29 06:05:19.658 [info] ExtensionService#_doActivateExtension vscode.debug-auto-launch, startup: false, activationEvent: 'onStartupFinished'
2024-11-29 06:05:19.659 [info] ExtensionService#_doActivateExtension vscode.merge-conflict, startup: false, activationEvent: 'onStartupFinished'
2024-11-29 06:05:19.898 [warning] [Decorations] CAPPING events from decorations provider vscode.git 2879
2024-11-29 06:05:20.579 [warning] [Decorations] CAPPING events from decorations provider vscode.git 2880
2024-11-29 06:05:21.146 [info] ExtensionService#_doActivateExtension vscode.github-authentication, startup: false, activationEvent: 'onAuthenticationRequest:github'
2024-11-29 06:07:18.639 [info] ExtensionService#_doActivateExtension vscode.tunnel-forwarding, startup: false, activationEvent: 'onTunnel'
2024-11-29 06:07:49.431 [warning] [Decorations] CAPPING events from decorations provider vscode.git 2882
2024-11-29 07:37:49.527 [warning] [Decorations] CAPPING events from decorations provider vscode.git 2884
2024-11-29 07:37:56.141 [warning] [Decorations] CAPPING events from decorations provider vscode.git 2882
