2024-11-29 06:03:16.311 [info] Extension host with pid 27094 started
2024-11-29 06:03:16.311 [error] Error: EEXIST: file already exists, open '/var/www/html/User/workspaceStorage/-2d7d1729/vscode.lock'
2024-11-29 06:03:16.316 [info] Lock '/var/www/html/User/workspaceStorage/-2d7d1729/vscode.lock': Could not acquire lock, checking if the file is stale.
2024-11-29 06:03:16.320 [info] Lock '/var/www/html/User/workspaceStorage/-2d7d1729/vscode.lock': The lock does not look stale, elapsed: 397 ms, giving up.
2024-11-29 06:03:16.321 [error] Error: EEXIST: file already exists, open '/var/www/html/User/workspaceStorage/-2d7d1729-1/vscode.lock'
2024-11-29 06:03:16.326 [info] Lock '/var/www/html/User/workspaceStorage/-2d7d1729-1/vscode.lock': Could not acquire lock, checking if the file is stale.
2024-11-29 06:03:16.326 [info] Lock '/var/www/html/User/workspaceStorage/-2d7d1729-1/vscode.lock': The pid 7451 appears to be gone.
2024-11-29 06:03:16.326 [info] Lock '/var/www/html/User/workspaceStorage/-2d7d1729-1/vscode.lock': Deleting a stale lock.
2024-11-29 06:03:16.331 [info] Lock '/var/www/html/User/workspaceStorage/-2d7d1729-1/vscode.lock': Lock acquired.
2024-11-29 06:03:16.677 [info] ExtensionService#_doActivateExtension vscode.php-language-features, startup: false, activationEvent: 'onLanguage:php'
2024-11-29 06:03:16.678 [info] ExtensionService#_doActivateExtension DEVSENSE.intelli-php-vscode, startup: false, activationEvent: 'onLanguage:php'
2024-11-29 06:03:16.679 [info] ExtensionService#_doActivateExtension DEVSENSE.phptools-vscode, startup: false, activationEvent: 'onLanguage:php'
2024-11-29 06:03:16.679 [info] ExtensionService#_doActivateExtension felixfbecker.php-intellisense, startup: false, activationEvent: 'onLanguage:php'
2024-11-29 06:03:16.680 [info] ExtensionService#_doActivateExtension junstyle.php-cs-fixer, startup: false, activationEvent: 'onLanguage:php'
2024-11-29 06:03:16.681 [info] ExtensionService#_doActivateExtension lkrms.pretty-php, startup: false, activationEvent: 'onLanguage:php'
2024-11-29 06:03:16.681 [info] ExtensionService#_doActivateExtension MehediDracula.php-namespace-resolver, startup: false, activationEvent: 'onLanguage:php'
2024-11-29 06:03:16.682 [info] ExtensionService#_doActivateExtension neilbrayfield.php-docblocker, startup: false, activationEvent: 'onLanguage:php'
2024-11-29 06:03:16.682 [info] ExtensionService#_doActivateExtension StoilDobreff.php-resolver, startup: false, activationEvent: 'onLanguage:php'
2024-11-29 06:03:16.683 [info] ExtensionService#_doActivateExtension valeryanm.vscode-phpsab, startup: false, activationEvent: 'onLanguage:php'
2024-11-29 06:03:16.684 [info] ExtensionService#_doActivateExtension vscode.emmet, startup: false, activationEvent: 'onLanguage'
2024-11-29 06:03:17.685 [info] ExtensionService#_doActivateExtension vscode.git-base, startup: true, activationEvent: '*', root cause: vscode.git
2024-11-29 06:03:17.983 [error] Activating extension valeryanm.vscode-phpsab failed due to an error:
2024-11-29 06:03:17.995 [error] Error: Unable to locate the executable.
	at Gv (/var/www/html/extensions/valeryanm.vscode-phpsab-0.0.20-universal/out/main.js:20:14932)
	at async zv (/var/www/html/extensions/valeryanm.vscode-phpsab-0.0.20-universal/out/main.js:20:15468)
	at async Pe (/var/www/html/extensions/valeryanm.vscode-phpsab-0.0.20-universal/out/main.js:20:16891)
	at async t0 (/var/www/html/extensions/valeryanm.vscode-phpsab-0.0.20-universal/out/main.js:25:1238)
	at async B0.n (file:///usr/lib/code-server/lib/vscode/out/vs/workbench/api/node/extensionHostProcess.js:114:4447)
	at async B0.m (file:///usr/lib/code-server/lib/vscode/out/vs/workbench/api/node/extensionHostProcess.js:114:4410)
	at async B0.l (file:///usr/lib/code-server/lib/vscode/out/vs/workbench/api/node/extensionHostProcess.js:114:3866)
2024-11-29 06:03:18.060 [info] ExtensionService#_doActivateExtension vscode.git, startup: true, activationEvent: '*'
2024-11-29 06:03:18.061 [info] ExtensionService#_doActivateExtension vscode.github, startup: true, activationEvent: '*'
2024-11-29 06:03:19.299 [warning] [Decorations] CAPPING events from decorations provider vscode.git 2847
2024-11-29 06:03:20.170 [warning] [Decorations] CAPPING events from decorations provider vscode.git 2847
2024-11-29 06:03:20.275 [warning] DiagnosticCollection with name 'php' does already exist.
2024-11-29 06:03:21.621 [info] ExtensionService#_doActivateExtension vscode.github-authentication, startup: false, activationEvent: 'onAuthenticationRequest:github'
2024-11-29 06:03:23.048 [info] Eager extensions activated
2024-11-29 06:03:23.073 [info] ExtensionService#_doActivateExtension vscode.debug-auto-launch, startup: false, activationEvent: 'onStartupFinished'
2024-11-29 06:03:23.073 [info] ExtensionService#_doActivateExtension vscode.merge-conflict, startup: false, activationEvent: 'onStartupFinished'
2024-11-29 06:03:35.686 [info] ExtensionService#_doActivateExtension vscode.html-language-features, startup: false, activationEvent: 'api', root cause: DEVSENSE.phptools-vscode
2024-11-29 06:04:53.393 [warning] [Decorations] CAPPING events from decorations provider vscode.git 2874
2024-11-29 06:04:58.474 [warning] [Decorations] CAPPING events from decorations provider vscode.git 2874
2024-11-29 06:05:04.659 [warning] [Decorations] CAPPING events from decorations provider vscode.git 2874
2024-11-29 06:05:09.839 [warning] [Decorations] CAPPING events from decorations provider vscode.git 2874
2024-11-29 06:37:05.797 [info] Extension host terminating: renderer disconnected for too long (2)
2024-11-29 06:37:05.799 [info] Lock '/var/www/html/User/workspaceStorage/-2d7d1729-1/vscode.lock': Marking the lockfile as scheduled to be released in 6000 ms.
2024-11-29 06:37:05.856 [error] An error occurred when disposing the subscriptions for extension 'MehediDracula.php-namespace-resolver':
2024-11-29 06:37:05.857 [error] TypeError: r.dispose is not a function
	at li (file:///usr/lib/code-server/lib/vscode/out/vs/workbench/api/node/extensionHostProcess.js:24:699)
	at file:///usr/lib/code-server/lib/vscode/out/vs/workbench/api/node/extensionHostProcess.js:118:14992
	at file:///usr/lib/code-server/lib/vscode/out/vs/workbench/api/node/extensionHostProcess.js:24:1009
	at Object.dispose (file:///usr/lib/code-server/lib/vscode/out/vs/workbench/api/node/extensionHostProcess.js:7:2146)
	at V_.eb (file:///usr/lib/code-server/lib/vscode/out/vs/workbench/api/node/extensionHostProcess.js:118:11919)
	at file:///usr/lib/code-server/lib/vscode/out/vs/workbench/api/node/extensionHostProcess.js:118:9874
	at Array.map (<anonymous>)
	at V_.$ (file:///usr/lib/code-server/lib/vscode/out/vs/workbench/api/node/extensionHostProcess.js:118:9862)
	at V_.terminate (file:///usr/lib/code-server/lib/vscode/out/vs/workbench/api/node/extensionHostProcess.js:118:10105)
	at EC.terminate (file:///usr/lib/code-server/lib/vscode/out/vs/workbench/api/node/extensionHostProcess.js:119:1424)
	at Xi (file:///usr/lib/code-server/lib/vscode/out/vs/workbench/api/node/extensionHostProcess.js:174:15085)
	at c5.a (file:///usr/lib/code-server/lib/vscode/out/vs/workbench/api/node/extensionHostProcess.js:174:11997)
	at c5.h (file:///usr/lib/code-server/lib/vscode/out/vs/workbench/api/node/extensionHostProcess.js:30:75745)
	at listOnTimeout (node:internal/timers:581:17)
	at process.processTimers (node:internal/timers:519:7)
2024-11-29 06:37:05.864 [error] Canceled: Canceled
	at Dc (file:///usr/lib/code-server/lib/vscode/out/vs/workbench/api/node/extensionHostProcess.js:7:1122)
	at file:///usr/lib/code-server/lib/vscode/out/vs/workbench/api/node/extensionHostProcess.js:31:114145
	at Array.forEach (<anonymous>)
	at py.dispose (file:///usr/lib/code-server/lib/vscode/out/vs/workbench/api/node/extensionHostProcess.js:31:114085)
	at V_.terminate (file:///usr/lib/code-server/lib/vscode/out/vs/workbench/api/node/extensionHostProcess.js:118:10082)
	at EC.terminate (file:///usr/lib/code-server/lib/vscode/out/vs/workbench/api/node/extensionHostProcess.js:119:1424)
	at Xi (file:///usr/lib/code-server/lib/vscode/out/vs/workbench/api/node/extensionHostProcess.js:174:15085)
	at c5.a (file:///usr/lib/code-server/lib/vscode/out/vs/workbench/api/node/extensionHostProcess.js:174:11997)
	at c5.h (file:///usr/lib/code-server/lib/vscode/out/vs/workbench/api/node/extensionHostProcess.js:30:75745)
	at listOnTimeout (node:internal/timers:581:17)
	at process.processTimers (node:internal/timers:519:7) setContext undefined
2024-11-29 06:37:05.864 [error] Canceled: Canceled
	at Dc (file:///usr/lib/code-server/lib/vscode/out/vs/workbench/api/node/extensionHostProcess.js:7:1122)
	at file:///usr/lib/code-server/lib/vscode/out/vs/workbench/api/node/extensionHostProcess.js:31:114145
	at Array.forEach (<anonymous>)
	at py.dispose (file:///usr/lib/code-server/lib/vscode/out/vs/workbench/api/node/extensionHostProcess.js:31:114085)
	at V_.terminate (file:///usr/lib/code-server/lib/vscode/out/vs/workbench/api/node/extensionHostProcess.js:118:10082)
	at EC.terminate (file:///usr/lib/code-server/lib/vscode/out/vs/workbench/api/node/extensionHostProcess.js:119:1424)
	at Xi (file:///usr/lib/code-server/lib/vscode/out/vs/workbench/api/node/extensionHostProcess.js:174:15085)
	at c5.a (file:///usr/lib/code-server/lib/vscode/out/vs/workbench/api/node/extensionHostProcess.js:174:11997)
	at c5.h (file:///usr/lib/code-server/lib/vscode/out/vs/workbench/api/node/extensionHostProcess.js:30:75745)
	at listOnTimeout (node:internal/timers:581:17)
	at process.processTimers (node:internal/timers:519:7) setContext undefined
2024-11-29 06:37:05.864 [error] Canceled: Canceled
	at Dc (file:///usr/lib/code-server/lib/vscode/out/vs/workbench/api/node/extensionHostProcess.js:7:1122)
	at file:///usr/lib/code-server/lib/vscode/out/vs/workbench/api/node/extensionHostProcess.js:31:114145
	at Array.forEach (<anonymous>)
	at py.dispose (file:///usr/lib/code-server/lib/vscode/out/vs/workbench/api/node/extensionHostProcess.js:31:114085)
	at V_.terminate (file:///usr/lib/code-server/lib/vscode/out/vs/workbench/api/node/extensionHostProcess.js:118:10082)
	at EC.terminate (file:///usr/lib/code-server/lib/vscode/out/vs/workbench/api/node/extensionHostProcess.js:119:1424)
	at Xi (file:///usr/lib/code-server/lib/vscode/out/vs/workbench/api/node/extensionHostProcess.js:174:15085)
	at c5.a (file:///usr/lib/code-server/lib/vscode/out/vs/workbench/api/node/extensionHostProcess.js:174:11997)
	at c5.h (file:///usr/lib/code-server/lib/vscode/out/vs/workbench/api/node/extensionHostProcess.js:30:75745)
	at listOnTimeout (node:internal/timers:581:17)
	at process.processTimers (node:internal/timers:519:7) setContext undefined
2024-11-29 06:37:05.864 [error] Canceled: Canceled
	at Dc (file:///usr/lib/code-server/lib/vscode/out/vs/workbench/api/node/extensionHostProcess.js:7:1122)
	at file:///usr/lib/code-server/lib/vscode/out/vs/workbench/api/node/extensionHostProcess.js:31:114145
	at Array.forEach (<anonymous>)
	at py.dispose (file:///usr/lib/code-server/lib/vscode/out/vs/workbench/api/node/extensionHostProcess.js:31:114085)
	at V_.terminate (file:///usr/lib/code-server/lib/vscode/out/vs/workbench/api/node/extensionHostProcess.js:118:10082)
	at EC.terminate (file:///usr/lib/code-server/lib/vscode/out/vs/workbench/api/node/extensionHostProcess.js:119:1424)
	at Xi (file:///usr/lib/code-server/lib/vscode/out/vs/workbench/api/node/extensionHostProcess.js:174:15085)
	at c5.a (file:///usr/lib/code-server/lib/vscode/out/vs/workbench/api/node/extensionHostProcess.js:174:11997)
	at c5.h (file:///usr/lib/code-server/lib/vscode/out/vs/workbench/api/node/extensionHostProcess.js:30:75745)
	at listOnTimeout (node:internal/timers:581:17)
	at process.processTimers (node:internal/timers:519:7) setContext undefined
2024-11-29 06:37:05.864 [error] Canceled: Canceled
	at Dc (file:///usr/lib/code-server/lib/vscode/out/vs/workbench/api/node/extensionHostProcess.js:7:1122)
	at file:///usr/lib/code-server/lib/vscode/out/vs/workbench/api/node/extensionHostProcess.js:31:114145
	at Array.forEach (<anonymous>)
	at py.dispose (file:///usr/lib/code-server/lib/vscode/out/vs/workbench/api/node/extensionHostProcess.js:31:114085)
	at V_.terminate (file:///usr/lib/code-server/lib/vscode/out/vs/workbench/api/node/extensionHostProcess.js:118:10082)
	at EC.terminate (file:///usr/lib/code-server/lib/vscode/out/vs/workbench/api/node/extensionHostProcess.js:119:1424)
	at Xi (file:///usr/lib/code-server/lib/vscode/out/vs/workbench/api/node/extensionHostProcess.js:174:15085)
	at c5.a (file:///usr/lib/code-server/lib/vscode/out/vs/workbench/api/node/extensionHostProcess.js:174:11997)
	at c5.h (file:///usr/lib/code-server/lib/vscode/out/vs/workbench/api/node/extensionHostProcess.js:30:75745)
	at listOnTimeout (node:internal/timers:581:17)
	at process.processTimers (node:internal/timers:519:7) setContext undefined
2024-11-29 06:37:05.867 [error] Canceled: Canceled
	at new rT (file:///usr/lib/code-server/lib/vscode/out/vs/workbench/api/node/extensionHostProcess.js:31:112694)
	at py.U (file:///usr/lib/code-server/lib/vscode/out/vs/workbench/api/node/extensionHostProcess.js:31:117304)
	at s.<computed>.n.charCodeAt.s.<computed> (file:///usr/lib/code-server/lib/vscode/out/vs/workbench/api/node/extensionHostProcess.js:31:114798)
	at Y0.g (file:///usr/lib/code-server/lib/vscode/out/vs/workbench/api/node/extensionHostProcess.js:114:32313)
	at Y0.executeCommand (file:///usr/lib/code-server/lib/vscode/out/vs/workbench/api/node/extensionHostProcess.js:114:31817)
	at r.registerCommand.description (file:///usr/lib/code-server/lib/vscode/out/vs/workbench/api/node/extensionHostProcess.js:114:31147)
	at Y0.h (file:///usr/lib/code-server/lib/vscode/out/vs/workbench/api/node/extensionHostProcess.js:114:32833)
	at Y0.g (file:///usr/lib/code-server/lib/vscode/out/vs/workbench/api/node/extensionHostProcess.js:114:31910)
	at Y0.executeCommand (file:///usr/lib/code-server/lib/vscode/out/vs/workbench/api/node/extensionHostProcess.js:114:31817)
	at Object.executeCommand (file:///usr/lib/code-server/lib/vscode/out/vs/workbench/api/node/extensionHostProcess.js:156:37246)
	at mh.O [as value] (/usr/lib/code-server/lib/vscode/extensions/git/dist/main.js:2:961845)
	at D.B (file:///usr/lib/code-server/lib/vscode/out/vs/workbench/api/node/extensionHostProcess.js:29:746)
	at D.C (file:///usr/lib/code-server/lib/vscode/out/vs/workbench/api/node/extensionHostProcess.js:29:816)
	at D.fire (file:///usr/lib/code-server/lib/vscode/out/vs/workbench/api/node/extensionHostProcess.js:29:1033)
	at Object.p [as dispose] (/usr/lib/code-server/lib/vscode/extensions/git/dist/main.js:2:983333)
	at /usr/lib/code-server/lib/vscode/extensions/git/dist/main.js:2:989455
	at Array.forEach (<anonymous>)
	at b.dispose (/usr/lib/code-server/lib/vscode/extensions/git/dist/main.js:2:989441)
	at V1.<anonymous> (file:///usr/lib/code-server/lib/vscode/out/vs/workbench/api/node/extensionHostProcess.js:108:19994)
	at V1.dispose (file:///usr/lib/code-server/lib/vscode/out/vs/workbench/api/node/extensionHostProcess.js:108:20090)
	at V1.<anonymous> (/usr/lib/code-server/lib/vscode/extensions/git/dist/main.js:2:964255)
	at V1.dispose (file:///usr/lib/code-server/lib/vscode/out/vs/workbench/api/node/extensionHostProcess.js:108:20090)
	at li (file:///usr/lib/code-server/lib/vscode/out/vs/workbench/api/node/extensionHostProcess.js:24:699)
	at file:///usr/lib/code-server/lib/vscode/out/vs/workbench/api/node/extensionHostProcess.js:118:14992
	at file:///usr/lib/code-server/lib/vscode/out/vs/workbench/api/node/extensionHostProcess.js:24:1009
	at Object.dispose (file:///usr/lib/code-server/lib/vscode/out/vs/workbench/api/node/extensionHostProcess.js:7:2146)
	at V_.eb (file:///usr/lib/code-server/lib/vscode/out/vs/workbench/api/node/extensionHostProcess.js:118:11919)
	at file:///usr/lib/code-server/lib/vscode/out/vs/workbench/api/node/extensionHostProcess.js:118:9874
	at Array.map (<anonymous>)
	at V_.$ (file:///usr/lib/code-server/lib/vscode/out/vs/workbench/api/node/extensionHostProcess.js:118:9862)
	at V_.terminate (file:///usr/lib/code-server/lib/vscode/out/vs/workbench/api/node/extensionHostProcess.js:118:10105)
	at EC.terminate (file:///usr/lib/code-server/lib/vscode/out/vs/workbench/api/node/extensionHostProcess.js:119:1424)
	at Xi (file:///usr/lib/code-server/lib/vscode/out/vs/workbench/api/node/extensionHostProcess.js:174:15085)
	at c5.a (file:///usr/lib/code-server/lib/vscode/out/vs/workbench/api/node/extensionHostProcess.js:174:11997)
	at c5.h (file:///usr/lib/code-server/lib/vscode/out/vs/workbench/api/node/extensionHostProcess.js:30:75745)
	at listOnTimeout (node:internal/timers:581:17)
	at process.processTimers (node:internal/timers:519:7) setContext undefined
2024-11-29 06:37:05.869 [error] Canceled: Canceled
	at new rT (file:///usr/lib/code-server/lib/vscode/out/vs/workbench/api/node/extensionHostProcess.js:31:112694)
	at py.U (file:///usr/lib/code-server/lib/vscode/out/vs/workbench/api/node/extensionHostProcess.js:31:117304)
	at s.<computed>.n.charCodeAt.s.<computed> (file:///usr/lib/code-server/lib/vscode/out/vs/workbench/api/node/extensionHostProcess.js:31:114798)
	at Y0.g (file:///usr/lib/code-server/lib/vscode/out/vs/workbench/api/node/extensionHostProcess.js:114:32313)
	at Y0.executeCommand (file:///usr/lib/code-server/lib/vscode/out/vs/workbench/api/node/extensionHostProcess.js:114:31817)
	at r.registerCommand.description (file:///usr/lib/code-server/lib/vscode/out/vs/workbench/api/node/extensionHostProcess.js:114:31147)
	at Y0.h (file:///usr/lib/code-server/lib/vscode/out/vs/workbench/api/node/extensionHostProcess.js:114:32833)
	at Y0.g (file:///usr/lib/code-server/lib/vscode/out/vs/workbench/api/node/extensionHostProcess.js:114:31910)
	at Y0.executeCommand (file:///usr/lib/code-server/lib/vscode/out/vs/workbench/api/node/extensionHostProcess.js:114:31817)
	at Object.executeCommand (file:///usr/lib/code-server/lib/vscode/out/vs/workbench/api/node/extensionHostProcess.js:156:37246)
	at set hasGitHubRepositories [as hasGitHubRepositories] (/usr/lib/code-server/lib/vscode/extensions/github/dist/extension.js:2:328633)
	at /usr/lib/code-server/lib/vscode/extensions/github/dist/extension.js:2:329592
	at mh.value (/usr/lib/code-server/lib/vscode/extensions/git/dist/main.js:2:1073936)
	at D.B (file:///usr/lib/code-server/lib/vscode/out/vs/workbench/api/node/extensionHostProcess.js:29:746)
	at D.C (file:///usr/lib/code-server/lib/vscode/out/vs/workbench/api/node/extensionHostProcess.js:29:816)
	at D.fire (file:///usr/lib/code-server/lib/vscode/out/vs/workbench/api/node/extensionHostProcess.js:29:1033)
	at Object.p [as dispose] (/usr/lib/code-server/lib/vscode/extensions/git/dist/main.js:2:983333)
	at /usr/lib/code-server/lib/vscode/extensions/git/dist/main.js:2:989455
	at Array.forEach (<anonymous>)
	at b.dispose (/usr/lib/code-server/lib/vscode/extensions/git/dist/main.js:2:989441)
	at V1.<anonymous> (file:///usr/lib/code-server/lib/vscode/out/vs/workbench/api/node/extensionHostProcess.js:108:19994)
	at V1.dispose (file:///usr/lib/code-server/lib/vscode/out/vs/workbench/api/node/extensionHostProcess.js:108:20090)
	at V1.<anonymous> (/usr/lib/code-server/lib/vscode/extensions/git/dist/main.js:2:964255)
	at V1.dispose (file:///usr/lib/code-server/lib/vscode/out/vs/workbench/api/node/extensionHostProcess.js:108:20090)
	at li (file:///usr/lib/code-server/lib/vscode/out/vs/workbench/api/node/extensionHostProcess.js:24:699)
	at file:///usr/lib/code-server/lib/vscode/out/vs/workbench/api/node/extensionHostProcess.js:118:14992
	at file:///usr/lib/code-server/lib/vscode/out/vs/workbench/api/node/extensionHostProcess.js:24:1009
	at Object.dispose (file:///usr/lib/code-server/lib/vscode/out/vs/workbench/api/node/extensionHostProcess.js:7:2146)
	at V_.eb (file:///usr/lib/code-server/lib/vscode/out/vs/workbench/api/node/extensionHostProcess.js:118:11919)
	at file:///usr/lib/code-server/lib/vscode/out/vs/workbench/api/node/extensionHostProcess.js:118:9874
	at Array.map (<anonymous>)
	at V_.$ (file:///usr/lib/code-server/lib/vscode/out/vs/workbench/api/node/extensionHostProcess.js:118:9862)
	at V_.terminate (file:///usr/lib/code-server/lib/vscode/out/vs/workbench/api/node/extensionHostProcess.js:118:10105)
	at EC.terminate (file:///usr/lib/code-server/lib/vscode/out/vs/workbench/api/node/extensionHostProcess.js:119:1424)
	at Xi (file:///usr/lib/code-server/lib/vscode/out/vs/workbench/api/node/extensionHostProcess.js:174:15085)
	at c5.a (file:///usr/lib/code-server/lib/vscode/out/vs/workbench/api/node/extensionHostProcess.js:174:11997)
	at c5.h (file:///usr/lib/code-server/lib/vscode/out/vs/workbench/api/node/extensionHostProcess.js:30:75745)
	at listOnTimeout (node:internal/timers:581:17)
	at process.processTimers (node:internal/timers:519:7) setContext undefined
2024-11-29 06:37:05.895 [error] Error: Channel has been closed
	at s (file:///usr/lib/code-server/lib/vscode/out/vs/workbench/api/node/extensionHostProcess.js:120:2431)
	at Object.appendLine (file:///usr/lib/code-server/lib/vscode/out/vs/workbench/api/node/extensionHostProcess.js:120:2570)
	at D.logOutputMessage (/usr/lib/code-server/lib/vscode/extensions/html-language-features/client/dist/node/htmlClientMain.js:1:264641)
	at D.info (/usr/lib/code-server/lib/vscode/extensions/html-language-features/client/dist/node/htmlClientMain.js:1:264374)
	at ChildProcess.<anonymous> (/usr/lib/code-server/lib/vscode/extensions/html-language-features/client/dist/node/htmlClientMain.js:1:482477)
	at ChildProcess.emit (node:events:519:28)
	at ChildProcess._handle.onexit (node:internal/child_process:294:12)
2024-11-29 06:37:05.903 [error] [DEVSENSE.phptools-vscode] provider FAILED
2024-11-29 06:37:05.903 [error] Error: Connection got disposed.
	at Object.dispose (/var/www/html/extensions/devsense.phptools-vscode-1.53.16379-linux-x64/out/src/extension.js:101:4124)
	at Object.dispose (/var/www/html/extensions/devsense.phptools-vscode-1.53.16379-linux-x64/out/src/extension.js:106:9617)
	at /var/www/html/extensions/devsense.phptools-vscode-1.53.16379-linux-x64/out/src/extension.js:108:6974
2024-11-29 06:37:05.904 [info] Extension host with pid 27094 exiting with code 0
