2024-11-29 06:03:42.011 [info] Extension host with pid 27896 started
2024-11-29 06:03:42.013 [error] Error: EEXIST: file already exists, open '/var/www/html/User/workspaceStorage/-2d7d1729/vscode.lock'
2024-11-29 06:03:42.023 [info] Lock '/var/www/html/User/workspaceStorage/-2d7d1729/vscode.lock': Could not acquire lock, checking if the file is stale.
2024-11-29 06:03:42.034 [info] Lock '/var/www/html/User/workspaceStorage/-2d7d1729/vscode.lock': The lock does not look stale, elapsed: 243 ms, giving up.
2024-11-29 06:03:42.035 [error] Error: EEXIST: file already exists, open '/var/www/html/User/workspaceStorage/-2d7d1729-1/vscode.lock'
2024-11-29 06:03:42.057 [info] Lock '/var/www/html/User/workspaceStorage/-2d7d1729-1/vscode.lock': Could not acquire lock, checking if the file is stale.
2024-11-29 06:03:42.058 [info] Lock '/var/www/html/User/workspaceStorage/-2d7d1729-1/vscode.lock': The lock does not look stale, elapsed: 394 ms, giving up.
2024-11-29 06:03:42.063 [info] Lock '/var/www/html/User/workspaceStorage/-2d7d1729-2/vscode.lock': Lock acquired.
2024-11-29 06:03:42.418 [info] ExtensionService#_doActivateExtension vscode.emmet, startup: false, activationEvent: 'onLanguage'
2024-11-29 06:03:42.424 [info] ExtensionService#_doActivateExtension vscode.php-language-features, startup: false, activationEvent: 'onLanguage:php'
2024-11-29 06:03:42.428 [info] ExtensionService#_doActivateExtension DEVSENSE.intelli-php-vscode, startup: false, activationEvent: 'onLanguage:php'
2024-11-29 06:03:42.429 [info] ExtensionService#_doActivateExtension DEVSENSE.phptools-vscode, startup: false, activationEvent: 'onLanguage:php'
2024-11-29 06:03:42.430 [info] ExtensionService#_doActivateExtension felixfbecker.php-intellisense, startup: false, activationEvent: 'onLanguage:php'
2024-11-29 06:03:42.434 [info] ExtensionService#_doActivateExtension junstyle.php-cs-fixer, startup: false, activationEvent: 'onLanguage:php'
2024-11-29 06:03:42.448 [info] ExtensionService#_doActivateExtension lkrms.pretty-php, startup: false, activationEvent: 'onLanguage:php'
2024-11-29 06:03:42.449 [info] ExtensionService#_doActivateExtension MehediDracula.php-namespace-resolver, startup: false, activationEvent: 'onLanguage:php'
2024-11-29 06:03:42.450 [info] ExtensionService#_doActivateExtension neilbrayfield.php-docblocker, startup: false, activationEvent: 'onLanguage:php'
2024-11-29 06:03:42.457 [info] ExtensionService#_doActivateExtension valeryanm.vscode-phpsab, startup: false, activationEvent: 'onLanguage:php'
2024-11-29 06:03:42.458 [info] ExtensionService#_doActivateExtension vscode.tunnel-forwarding, startup: false, activationEvent: 'onTunnel'
2024-11-29 06:03:43.822 [info] ExtensionService#_doActivateExtension vscode.git-base, startup: true, activationEvent: '*', root cause: vscode.git
2024-11-29 06:03:44.587 [info] ExtensionService#_doActivateExtension vscode.git, startup: true, activationEvent: '*'
2024-11-29 06:03:44.587 [info] ExtensionService#_doActivateExtension vscode.github, startup: true, activationEvent: '*'
2024-11-29 06:03:45.058 [error] Activating extension valeryanm.vscode-phpsab failed due to an error:
2024-11-29 06:03:45.058 [error] Error: Unable to locate the executable.
	at Gv (/var/www/html/extensions/valeryanm.vscode-phpsab-0.0.20-universal/out/main.js:20:14932)
	at async zv (/var/www/html/extensions/valeryanm.vscode-phpsab-0.0.20-universal/out/main.js:20:15468)
	at async Pe (/var/www/html/extensions/valeryanm.vscode-phpsab-0.0.20-universal/out/main.js:20:16891)
	at async t0 (/var/www/html/extensions/valeryanm.vscode-phpsab-0.0.20-universal/out/main.js:25:1238)
	at async B0.n (file:///usr/lib/code-server/lib/vscode/out/vs/workbench/api/node/extensionHostProcess.js:114:4447)
	at async B0.m (file:///usr/lib/code-server/lib/vscode/out/vs/workbench/api/node/extensionHostProcess.js:114:4410)
	at async B0.l (file:///usr/lib/code-server/lib/vscode/out/vs/workbench/api/node/extensionHostProcess.js:114:3866)
2024-11-29 06:03:46.495 [warning] [Decorations] CAPPING events from decorations provider vscode.git 2865
2024-11-29 06:03:48.099 [warning] [Decorations] CAPPING events from decorations provider vscode.git 2869
2024-11-29 06:03:49.058 [info] Eager extensions activated
2024-11-29 06:03:49.058 [info] ExtensionService#_doActivateExtension vscode.debug-auto-launch, startup: false, activationEvent: 'onStartupFinished'
2024-11-29 06:03:49.059 [info] ExtensionService#_doActivateExtension vscode.merge-conflict, startup: false, activationEvent: 'onStartupFinished'
2024-11-29 06:03:49.373 [info] ExtensionService#_doActivateExtension vscode.github-authentication, startup: false, activationEvent: 'onAuthenticationRequest:github'
2024-11-29 06:03:53.918 [info] ExtensionService#_doActivateExtension vscode.html-language-features, startup: false, activationEvent: 'api', root cause: DEVSENSE.phptools-vscode
2024-11-29 06:04:50.731 [error] [DEVSENSE.phptools-vscode] provider FAILED
2024-11-29 06:04:50.732 [error] TypeError: Cannot read properties of null (reading 'tags')
	at A (/var/www/html/extensions/devsense.phptools-vscode-1.53.16379-linux-x64/out/src/extension.js:105:46585)
	at async UC.resolveCompletionItem (file:///usr/lib/code-server/lib/vscode/out/vs/workbench/api/node/extensionHostProcess.js:137:140240)
2024-11-29 06:12:41.551 [warning] [Decorations] CAPPING events from decorations provider vscode.git 2883
2024-11-29 06:17:33.427 [warning] [Decorations] CAPPING events from decorations provider vscode.git 2883
2024-11-29 06:17:38.504 [warning] [Decorations] CAPPING events from decorations provider vscode.git 2883
2024-11-29 06:18:20.928 [warning] [Decorations] CAPPING events from decorations provider vscode.git 2883
2024-11-29 06:18:32.557 [warning] [Decorations] CAPPING events from decorations provider vscode.git 2883
2024-11-29 06:19:51.144 [warning] [Decorations] CAPPING events from decorations provider vscode.git 2883
2024-11-29 06:24:05.815 [warning] [Decorations] CAPPING events from decorations provider vscode.git 2883
2024-11-29 06:24:10.893 [warning] [Decorations] CAPPING events from decorations provider vscode.git 2883
2024-11-29 06:29:48.671 [warning] [Decorations] CAPPING events from decorations provider vscode.git 2883
2024-11-29 06:29:53.734 [warning] [Decorations] CAPPING events from decorations provider vscode.git 2883
2024-11-29 06:30:00.855 [warning] [Decorations] CAPPING events from decorations provider vscode.git 2883
2024-11-29 06:30:06.131 [warning] [Decorations] CAPPING events from decorations provider vscode.git 2883
2024-11-29 06:30:20.150 [warning] [Decorations] CAPPING events from decorations provider vscode.git 2883
2024-11-29 07:50:59.417 [warning] [Decorations] CAPPING events from decorations provider vscode.git 2883
2024-11-29 07:51:04.484 [warning] [Decorations] CAPPING events from decorations provider vscode.git 2882
2024-11-29 07:53:14.932 [warning] [Decorations] CAPPING events from decorations provider vscode.git 2882
2024-11-29 07:53:20.061 [warning] [Decorations] CAPPING events from decorations provider vscode.git 2882
2024-11-29 07:53:25.133 [warning] [Decorations] CAPPING events from decorations provider vscode.git 2882
2024-11-29 07:55:19.709 [warning] [Decorations] CAPPING events from decorations provider vscode.git 2882
2024-11-29 07:55:26.666 [warning] [Decorations] CAPPING events from decorations provider vscode.git 2882
2024-11-29 07:55:31.822 [warning] [Decorations] CAPPING events from decorations provider vscode.git 2882
2024-11-29 07:55:36.890 [warning] [Decorations] CAPPING events from decorations provider vscode.git 2882
2024-11-29 07:55:41.986 [warning] [Decorations] CAPPING events from decorations provider vscode.git 2882
2024-11-29 07:55:49.403 [warning] [Decorations] CAPPING events from decorations provider vscode.git 2882
2024-11-29 07:57:12.865 [warning] [Decorations] CAPPING events from decorations provider vscode.git 2882
2024-11-29 07:57:18.840 [warning] [Decorations] CAPPING events from decorations provider vscode.git 2882
2024-11-29 07:57:23.937 [warning] [Decorations] CAPPING events from decorations provider vscode.git 2882
2024-11-29 07:57:29.101 [warning] [Decorations] CAPPING events from decorations provider vscode.git 2882
2024-11-29 07:57:34.224 [warning] [Decorations] CAPPING events from decorations provider vscode.git 2882
2024-11-29 08:03:19.105 [warning] [Decorations] CAPPING events from decorations provider vscode.git 2886
2024-11-29 08:13:26.646 [warning] [Decorations] CAPPING events from decorations provider vscode.git 2887
2024-11-29 08:13:31.719 [warning] [Decorations] CAPPING events from decorations provider vscode.git 2887
2024-11-29 08:19:15.653 [warning] [Decorations] CAPPING events from decorations provider vscode.git 2887
2024-11-29 08:19:20.772 [warning] [Decorations] CAPPING events from decorations provider vscode.git 2887
2024-11-29 08:19:25.835 [warning] [Decorations] CAPPING events from decorations provider vscode.git 2887
2024-11-29 08:20:22.376 [warning] [Decorations] CAPPING events from decorations provider vscode.git 2887
2024-11-29 08:20:27.441 [warning] [Decorations] CAPPING events from decorations provider vscode.git 2887
2024-11-29 08:20:32.557 [warning] [Decorations] CAPPING events from decorations provider vscode.git 2887
2024-11-29 08:20:37.684 [warning] [Decorations] CAPPING events from decorations provider vscode.git 2887
2024-11-29 08:20:51.715 [warning] [Decorations] CAPPING events from decorations provider vscode.git 2887
2024-11-29 08:20:56.789 [warning] [Decorations] CAPPING events from decorations provider vscode.git 2887
2024-11-29 08:21:01.852 [warning] [Decorations] CAPPING events from decorations provider vscode.git 2887
2024-11-29 08:21:06.966 [warning] [Decorations] CAPPING events from decorations provider vscode.git 2887
2024-11-29 08:22:20.938 [warning] [Decorations] CAPPING events from decorations provider vscode.git 2887
2024-11-29 08:22:26.075 [warning] [Decorations] CAPPING events from decorations provider vscode.git 2887
2024-11-29 08:22:31.867 [warning] [Decorations] CAPPING events from decorations provider vscode.git 2887
2024-11-29 08:22:37.044 [warning] [Decorations] CAPPING events from decorations provider vscode.git 2887
2024-11-29 08:30:39.538 [warning] [Decorations] CAPPING events from decorations provider vscode.git 2887
2024-11-29 08:32:40.026 [warning] [Decorations] CAPPING events from decorations provider vscode.git 2887
2024-11-29 08:38:08.437 [warning] [Decorations] CAPPING events from decorations provider vscode.git 2887
2024-11-29 08:39:39.268 [warning] [Decorations] CAPPING events from decorations provider vscode.git 2887
2024-11-29 08:39:44.338 [warning] [Decorations] CAPPING events from decorations provider vscode.git 2887
2024-11-29 08:41:21.924 [warning] [Decorations] CAPPING events from decorations provider vscode.git 2888
2024-11-29 08:42:43.476 [warning] [Decorations] CAPPING events from decorations provider vscode.git 2888
2024-11-29 08:42:48.544 [warning] [Decorations] CAPPING events from decorations provider vscode.git 2888
2024-11-29 08:44:18.241 [warning] [Decorations] CAPPING events from decorations provider vscode.git 2889
2024-11-29 08:44:37.091 [warning] [Decorations] CAPPING events from decorations provider vscode.git 2890
2024-11-29 08:45:08.826 [warning] [Decorations] CAPPING events from decorations provider vscode.git 2890
2024-11-29 08:45:13.895 [warning] [Decorations] CAPPING events from decorations provider vscode.git 2890
2024-11-29 08:45:19.009 [warning] [Decorations] CAPPING events from decorations provider vscode.git 2890
2024-11-29 08:45:25.795 [warning] [Decorations] CAPPING events from decorations provider vscode.git 2891
2024-11-29 08:45:41.199 [warning] [Decorations] CAPPING events from decorations provider vscode.git 2891
2024-11-29 08:45:51.921 [warning] [Decorations] CAPPING events from decorations provider vscode.git 2891
2024-11-29 08:45:56.982 [warning] [Decorations] CAPPING events from decorations provider vscode.git 2891
2024-11-29 08:46:02.086 [warning] [Decorations] CAPPING events from decorations provider vscode.git 2891
2024-11-29 08:46:07.237 [warning] [Decorations] CAPPING events from decorations provider vscode.git 2891
2024-11-29 08:46:12.392 [warning] [Decorations] CAPPING events from decorations provider vscode.git 2891
2024-11-29 08:46:26.265 [warning] [Decorations] CAPPING events from decorations provider vscode.git 2891
2024-11-29 08:46:58.366 [warning] [Decorations] CAPPING events from decorations provider vscode.git 2891
2024-11-29 08:47:21.317 [warning] [Decorations] CAPPING events from decorations provider vscode.git 2893
2024-11-29 08:47:41.356 [warning] [Decorations] CAPPING events from decorations provider vscode.git 2893
2024-11-29 08:48:09.472 [warning] [Decorations] CAPPING events from decorations provider vscode.git 2893
